{"meta": {"format": 3, "version": "7.15.4", "timestamp": "2026-08-27T20:42:25.526979", "branch_coverage": false, "show_contexts": false}, "files": {"src/bssunfold/__init__.py": {"executed_lines": [13, 16, 17, 32, 33, 38, 39, 48, 50, 87, 88], "summary": {"covered_lines": 11, "num_statements": 13, "percent_covered": 84.61538461538461, "percent_covered_display": "85", "missing_lines": 2, "excluded_lines": 0, "percent_statements_covered": 84.61538461538461, "percent_statements_covered_display": "85"}, "missing_lines": [89, 90], "excluded_lines": [], "functions": {"": {"executed_lines": [13, 16, 17, 32, 33, 38, 39, 48, 50, 87, 88], "summary": {"covered_lines": 11, "num_statements": 13, "percent_covered": 84.61538461538461, "percent_covered_display": "85", "missing_lines": 2, "excluded_lines": 0, "percent_statements_covered": 84.61538461538461, "percent_statements_covered_display": "85"}, "missing_lines": [89, 90], "excluded_lines": [], "start_line": 1}}, "classes": {"": {"executed_lines": [13, 16, 17, 32, 33, 38, 39, 48, 50, 87, 88], "summary": {"covered_lines": 11, "num_statements": 13, "percent_covered": 84.61538461538461, "percent_covered_display": "85", "missing_lines": 2, "excluded_lines": 0, "percent_statements_covered": 84.61538461538461, "percent_statements_covered_display": "85"}, "missing_lines": [89, 90], "excluded_lines": [], "start_line": 1}}}, "src/bssunfold/constants.py": {"executed_lines": [3, 440, 1125, 2120, 2867, 2872, 3496, 3500, 4062, 4067, 5569, 5574, 6999, 7378, 7463], "summary": {"covered_lines": 15, "num_statements": 15, "percent_covered": 100.0, "percent_covered_display": "100", "missing_lines": 0, "excluded_lines": 0, "percent_statements_covered": 100.0, "percent_statements_covered_display": "100"}, "missing_lines": [], "excluded_lines": [], "functions": {"": {"executed_lines": [3, 440, 1125, 2120, 2867, 2872, 3496, 3500, 4062, 4067, 5569, 5574, 6999, 7378, 7463], "summary": {"covered_lines": 15, "num_statements": 15, "percent_covered": 100.0, "percent_covered_display": "100", "missing_lines": 0, "excluded_lines": 0, "percent_statements_covered": 100.0, "percent_statements_covered_display": "100"}, "missing_lines": [], "excluded_lines": [], "start_line": 1}}, "classes": {"": {"executed_lines": [3, 440, 1125, 2120, 2867, 2872, 3496, 3500, 4062, 4067, 5569, 5574, 6999, 7378, 7463], "summary": {"covered_lines": 15, "num_statements": 15, "percent_covered": 100.0, "percent_covered_display": "100", "missing_lines": 0, "excluded_lines": 0, "percent_statements_covered": 100.0, "percent_statements_covered_display": "100"}, "missing_lines": [], "excluded_lines": [], "start_line": 1}}}, "src/bssunfold/core/__init__.py": {"executed_lines": [7, 8, 9, 18, 19, 23, 24, 28, 29, 30, 31, 32, 33, 34, 35, 36, 37, 38, 39, 40, 41, 42, 43, 44, 45, 46, 47, 48, 49, 56, 57, 58, 59, 60, 61, 62, 63, 64, 65, 66, 67, 73, 79, 85, 86, 87, 88, 89, 90, 91, 92, 93, 94, 95, 103, 104, 105, 106, 107, 109], "summary": {"covered_lines": 60, "num_statements": 60, "percent_covered": 100.0, "percent_covered_display": "100", "missing_lines": 0, "excluded_lines": 0, "percent_statements_covered": 100.0, "percent_statements_covered_display": "100"}, "missing_lines": [], "excluded_lines": [], "functions": {"": {"executed_lines": [7, 8, 9, 18, 19, 23, 24, 28, 29, 30, 31, 32, 33, 34, 35, 36, 37, 38, 39, 40, 41, 42, 43, 44, 45, 46, 47, 48, 49, 56, 57, 58, 59, 60, 61, 62, 63, 64, 65, 66, 67, 73, 79, 85, 86, 87, 88, 89, 90, 91, 92, 93, 94, 95, 103, 104, 105, 106, 107, 109], "summary": {"covered_lines": 60, "num_statements": 60, "percent_covered": 100.0, "percent_covered_display": "100", "missing_lines": 0, "excluded_lines": 0, "percent_statements_covered": 100.0, "percent_statements_covered_display": "100"}, "missing_lines": [], "excluded_lines": [], "start_line": 1}}, "classes": {"": {"executed_lines": [7, 8, 9, 18, 19, 23, 24, 28, 29, 30, 31, 32, 33, 34, 35, 36, 37, 38, 39, 40, 41, 42, 43, 44, 45, 46, 47, 48, 49, 56, 57, 58, 59, 60, 61, 62, 63, 64, 65, 66, 67, 73, 79, 85, 86, 87, 88, 89, 90, 91, 92, 93, 94, 95, 103, 104, 105, 106, 107, 109], "summary": {"covered_lines": 60, "num_statements": 60, "percent_covered": 100.0, "percent_covered_display": "100", "missing_lines": 0, "excluded_lines": 0, "percent_statements_covered": 100.0, "percent_statements_covered_display": "100"}, "missing_lines": [], "excluded_lines": [], "start_line": 1}}}, "src/bssunfold/core/_base_unfolder.py": {"executed_lines": [15, 17, 19, 20, 22, 25, 44, 45, 46, 48, 49, 52, 127, 128, 132, 137, 141, 142, 143, 147, 151, 152, 153, 156, 157, 162, 165, 168, 169, 172, 173, 174, 176, 177, 178, 179, 181, 184, 185, 187, 190, 202, 203, 218, 219, 221, 224, 230, 231, 232, 233, 236, 249, 250, 251, 252, 253, 254, 255, 256, 260, 261, 264, 275, 277, 278, 279, 281, 294, 295, 297, 300, 314, 318, 319, 325, 331, 332, 334, 335, 336, 338, 344, 354, 355, 356, 357], "summary": {"covered_lines": 87, "num_statements": 90, "percent_covered": 96.66666666666667, "percent_covered_display": "97", "missing_lines": 3, "excluded_lines": 0, "percent_statements_covered": 96.66666666666667, "percent_statements_covered_display": "97"}, "missing_lines": [133, 138, 148], "excluded_lines": [], "functions": {"make_solve_wrapper": {"executed_lines": [44, 48, 49], "summary": {"covered_lines": 3, "num_statements": 3, "percent_covered": 100.0, "percent_covered_display": "100", "missing_lines": 0, "excluded_lines": 0, "percent_statements_covered": 100.0, "percent_statements_covered_display": "100"}, "missing_lines": [], "excluded_lines": [], "start_line": 25}, "make_solve_wrapper.wrapper": {"executed_lines": [45, 46], "summary": {"covered_lines": 2, "num_statements": 2, "percent_covered": 100.0, "percent_covered_display": "100", "missing_lines": 0, "excluded_lines": 0, "percent_statements_covered": 100.0, "percent_statements_covered_display": "100"}, "missing_lines": [], "excluded_lines": [], "start_line": 44}, "run_unfolding": {"executed_lines": [127, 128, 132, 137, 141, 142, 143, 147, 151, 152, 153, 156, 157, 162, 165, 168, 169, 172, 173, 174, 176, 177, 178, 179, 181, 184, 185, 187, 190, 202, 203, 218, 219, 221], "summary": {"covered_lines": 34, "num_statements": 37, "percent_covered": 91.89189189189189, "percent_covered_display": "92", "missing_lines": 3, "excluded_lines": 0, "percent_statements_covered": 91.89189189189189, "percent_statements_covered_display": "92"}, "missing_lines": [133, 138, 148], "excluded_lines": [], "start_line": 52}, "_build_system": {"executed_lines": [230, 231, 232, 233], "summary": {"covered_lines": 4, "num_statements": 4, "percent_covered": 100.0, "percent_covered_display": "100", "missing_lines": 0, "excluded_lines": 0, "percent_statements_covered": 100.0, "percent_statements_covered_display": "100"}, "missing_lines": [], "excluded_lines": [], "start_line": 224}, "_normalize_initial": {"executed_lines": [249, 250, 251, 252, 253, 254, 255, 256, 260, 261], "summary": {"covered_lines": 10, "num_statements": 10, "percent_covered": 100.0, "percent_covered_display": "100", "missing_lines": 0, "excluded_lines": 0, "percent_statements_covered": 100.0, "percent_statements_covered_display": "100"}, "missing_lines": [], "excluded_lines": [], "start_line": 236}, "_standardize_output": {"executed_lines": [275, 277, 278, 279, 281, 294, 295, 297], "summary": {"covered_lines": 8, "num_statements": 8, "percent_covered": 100.0, "percent_covered_display": "100", "missing_lines": 0, "excluded_lines": 0, "percent_statements_covered": 100.0, "percent_statements_covered_display": "100"}, "missing_lines": [], "excluded_lines": [], "start_line": 264}, "_add_montecarlo_uncertainty": {"executed_lines": [314, 318, 338, 344, 354, 355, 356, 357], "summary": {"covered_lines": 8, "num_statements": 8, "percent_covered": 100.0, "percent_covered_display": "100", "missing_lines": 0, "excluded_lines": 0, "percent_statements_covered": 100.0, "percent_statements_covered_display": "100"}, "missing_lines": [], "excluded_lines": [], "start_line": 300}, "_add_montecarlo_uncertainty._mc_solver": {"executed_lines": [319, 325, 331, 332, 334, 335, 336], "summary": {"covered_lines": 7, "num_statements": 7, "percent_covered": 100.0, "percent_covered_display": "100", "missing_lines": 0, "excluded_lines": 0, "percent_statements_covered": 100.0, "percent_statements_covered_display": "100"}, "missing_lines": [], "excluded_lines": [], "start_line": 318}, "": {"executed_lines": [15, 17, 19, 20, 22, 25, 52, 224, 236, 264, 300], "summary": {"covered_lines": 11, "num_statements": 11, "percent_covered": 100.0, "percent_covered_display": "100", "missing_lines": 0, "excluded_lines": 0, "percent_statements_covered": 100.0, "percent_statements_covered_display": "100"}, "missing_lines": [], "excluded_lines": [], "start_line": 1}}, "classes": {"": {"executed_lines": [15, 17, 19, 20, 22, 25, 44, 45, 46, 48, 49, 52, 127, 128, 132, 137, 141, 142, 143, 147, 151, 152, 153, 156, 157, 162, 165, 168, 169, 172, 173, 174, 176, 177, 178, 179, 181, 184, 185, 187, 190, 202, 203, 218, 219, 221, 224, 230, 231, 232, 233, 236, 249, 250, 251, 252, 253, 254, 255, 256, 260, 261, 264, 275, 277, 278, 279, 281, 294, 295, 297, 300, 314, 318, 319, 325, 331, 332, 334, 335, 336, 338, 344, 354, 355, 356, 357], "summary": {"covered_lines": 87, "num_statements": 90, "percent_covered": 96.66666666666667, "percent_covered_display": "97", "missing_lines": 3, "excluded_lines": 0, "percent_statements_covered": 96.66666666666667, "percent_statements_covered_display": "97"}, "missing_lines": [133, 138, 148], "excluded_lines": [], "start_line": 1}}}, "src/bssunfold/core/_bon95.py": {"executed_lines": [10, 12, 14, 20, 31, 33, 34, 37, 39, 40, 43, 45, 46, 49, 51, 52, 55, 87, 88, 91, 105, 106, 107, 108, 109, 117, 155, 158, 159, 170, 173, 175, 176, 178, 179, 180, 183, 184, 187, 188, 194, 202, 203, 204, 207, 247, 248, 249, 252, 253, 255, 257, 259, 260, 261, 262, 272, 286, 287, 289, 296, 298, 305, 307, 310, 312, 313, 314, 315, 318, 329, 339, 340, 341, 342, 343, 346, 367, 370, 380, 382, 384, 385, 386, 389, 390, 391, 392, 394, 395, 396, 397, 398, 408, 410, 411, 413, 414, 415, 425, 427, 440, 487, 488, 489, 490, 495, 496, 499, 500, 502, 505, 506, 508, 516, 518, 519, 520, 521, 523, 525, 535, 537, 538, 539, 542, 545, 553, 554, 557, 558, 559, 560, 562, 563, 564, 565, 566, 567, 569, 571, 572, 573, 574, 575, 576, 577, 578, 579, 580, 581, 583, 584, 585, 587, 588, 589, 590, 592, 593, 603, 608, 616, 626, 631, 632, 633, 641, 686, 687, 688, 689, 694, 696, 697, 698, 699, 700, 701, 704, 709, 710, 712, 715, 716, 718, 726, 728, 729, 730, 731, 733, 734, 744, 746, 747, 748, 751, 753, 761, 762, 765, 766, 768, 769, 770, 771, 772, 773, 774, 775, 776, 777, 778, 779, 780, 782, 783, 785, 786, 789, 790, 793, 794, 796, 797, 798, 800, 801, 802, 803, 805, 806, 816, 821, 828, 838, 843, 844, 845, 853, 889, 897, 898, 901, 903, 904, 905, 917, 918, 924, 925, 926, 929, 941, 942], "summary": {"covered_lines": 256, "num_statements": 257, "percent_covered": 99.61089494163424, "percent_covered_display": "99", "missing_lines": 1, "excluded_lines": 0, "percent_statements_covered": 99.61089494163424, "percent_statements_covered_display": "99"}, "missing_lines": [702], "excluded_lines": [], "functions": {"_Fth": {"executed_lines": [33, 34], "summary": {"covered_lines": 2, "num_statements": 2, "percent_covered": 100.0, "percent_covered_display": "100", "missing_lines": 0, "excluded_lines": 0, "percent_statements_covered": 100.0, "percent_statements_covered_display": "100"}, "missing_lines": [], "excluded_lines": [], "start_line": 31}, "_Fepi": {"executed_lines": [39, 40], "summary": {"covered_lines": 2, "num_statements": 2, "percent_covered": 100.0, "percent_covered_display": "100", "missing_lines": 0, "excluded_lines": 0, "percent_statements_covered": 100.0, "percent_statements_covered_display": "100"}, "missing_lines": [], "excluded_lines": [], "start_line": 37}, "_Fint": {"executed_lines": [45, 46], "summary": {"covered_lines": 2, "num_statements": 2, "percent_covered": 100.0, "percent_covered_display": "100", "missing_lines": 0, "excluded_lines": 0, "percent_statements_covered": 100.0, "percent_statements_covered_display": "100"}, "missing_lines": [], "excluded_lines": [], "start_line": 43}, "_Ff": {"executed_lines": [51, 52], "summary": {"covered_lines": 2, "num_statements": 2, "percent_covered": 100.0, "percent_covered_display": "100", "missing_lines": 0, "excluded_lines": 0, "percent_statements_covered": 100.0, "percent_statements_covered_display": "100"}, "missing_lines": [], "excluded_lines": [], "start_line": 49}, "bon95_model": {"executed_lines": [87, 88], "summary": {"covered_lines": 2, "num_statements": 2, "percent_covered": 100.0, "percent_covered_display": "100", "missing_lines": 0, "excluded_lines": 0, "percent_statements_covered": 100.0, "percent_statements_covered_display": "100"}, "missing_lines": [], "excluded_lines": [], "start_line": 55}, "bon95_spectrum": {"executed_lines": [105, 106, 107, 108, 109], "summary": {"covered_lines": 5, "num_statements": 5, "percent_covered": 100.0, "percent_covered_display": "100", "missing_lines": 0, "excluded_lines": 0, "percent_statements_covered": 100.0, "percent_statements_covered_display": "100"}, "missing_lines": [], "excluded_lines": [], "start_line": 91}, "_solve_linear_coefficients": {"executed_lines": [155, 158, 159, 170, 173, 175, 176, 178, 179, 180, 183, 184, 187, 188, 194], "summary": {"covered_lines": 15, "num_statements": 15, "percent_covered": 100.0, "percent_covered_display": "100", "missing_lines": 0, "excluded_lines": 0, "percent_statements_covered": 100.0, "percent_statements_covered_display": "100"}, "missing_lines": [], "excluded_lines": [], "start_line": 117}, "solve_bon95_parametric": {"executed_lines": [247, 248, 249, 252, 253, 255, 257, 259, 260, 261, 262, 272, 286, 287, 289], "summary": {"covered_lines": 15, "num_statements": 15, "percent_covered": 100.0, "percent_covered_display": "100", "missing_lines": 0, "excluded_lines": 0, "percent_statements_covered": 100.0, "percent_statements_covered_display": "100"}, "missing_lines": [], "excluded_lines": [], "start_line": 207}, "_get_bon95_shape_bounds": {"executed_lines": [307], "summary": {"covered_lines": 1, "num_statements": 1, "percent_covered": 100.0, "percent_covered_display": "100", "missing_lines": 0, "excluded_lines": 0, "percent_statements_covered": 100.0, "percent_statements_covered_display": "100"}, "missing_lines": [], "excluded_lines": [], "start_line": 305}, "_clamp_bon95_shape": {"executed_lines": [312, 313, 314, 315], "summary": {"covered_lines": 4, "num_statements": 4, "percent_covered": 100.0, "percent_covered_display": "100", "missing_lines": 0, "excluded_lines": 0, "percent_statements_covered": 100.0, "percent_statements_covered_display": "100"}, "missing_lines": [], "excluded_lines": [], "start_line": 310}, "_solve_shape_nls": {"executed_lines": [329, 339, 340, 341, 342, 343], "summary": {"covered_lines": 6, "num_statements": 6, "percent_covered": 100.0, "percent_covered_display": "100", "missing_lines": 0, "excluded_lines": 0, "percent_statements_covered": 100.0, "percent_statements_covered_display": "100"}, "missing_lines": [], "excluded_lines": [], "start_line": 318}, "_compute_bon95_shape_jacobian": {"executed_lines": [367, 370, 380, 382, 384, 385, 386, 389, 390, 391, 392, 394, 395, 396, 397, 398, 408, 410, 411, 413, 414, 415, 425, 427], "summary": {"covered_lines": 24, "num_statements": 24, "percent_covered": 100.0, "percent_covered_display": "100", "missing_lines": 0, "excluded_lines": 0, "percent_statements_covered": 100.0, "percent_statements_covered_display": "100"}, "missing_lines": [], "excluded_lines": [], "start_line": 346}, "solve_bon95_cvxpy": {"executed_lines": [487, 488, 489, 490, 495, 496, 499, 500, 502, 505, 506, 508, 516, 518, 519, 520, 521, 523, 525, 535, 537, 538, 539, 542, 545, 553, 554, 557, 558, 559, 560, 562, 563, 564, 565, 566, 567, 569, 571, 572, 573, 574, 575, 576, 577, 578, 579, 580, 581, 583, 584, 585, 587, 588, 589, 590, 592, 593, 603, 608, 616, 626, 631, 632, 633], "summary": {"covered_lines": 65, "num_statements": 65, "percent_covered": 100.0, "percent_covered_display": "100", "missing_lines": 0, "excluded_lines": 0, "percent_statements_covered": 100.0, "percent_statements_covered_display": "100"}, "missing_lines": [], "excluded_lines": [], "start_line": 440}, "solve_bon95_qpsolvers": {"executed_lines": [686, 687, 688, 689, 694, 696, 697, 698, 699, 700, 701, 704, 709, 710, 712, 715, 716, 718, 726, 728, 729, 730, 731, 733, 734, 744, 746, 747, 748, 751, 753, 761, 762, 765, 766, 768, 769, 770, 771, 772, 773, 774, 775, 776, 777, 778, 779, 780, 782, 783, 785, 786, 789, 790, 793, 794, 796, 797, 798, 800, 801, 802, 803, 805, 806, 816, 821, 828, 838, 843, 844, 845], "summary": {"covered_lines": 72, "num_statements": 73, "percent_covered": 98.63013698630137, "percent_covered_display": "99", "missing_lines": 1, "excluded_lines": 0, "percent_statements_covered": 98.63013698630137, "percent_statements_covered_display": "99"}, "missing_lines": [702], "excluded_lines": [], "start_line": 641}, "solve_bon95_combined": {"executed_lines": [889, 897, 898, 901, 903, 904, 905, 917, 918, 924, 925, 926, 929, 941, 942], "summary": {"covered_lines": 15, "num_statements": 15, "percent_covered": 100.0, "percent_covered_display": "100", "missing_lines": 0, "excluded_lines": 0, "percent_statements_covered": 100.0, "percent_statements_covered_display": "100"}, "missing_lines": [], "excluded_lines": [], "start_line": 853}, "": {"executed_lines": [10, 12, 14, 20, 31, 37, 43, 49, 55, 91, 117, 202, 203, 204, 207, 296, 298, 305, 310, 318, 346, 440, 641, 853], "summary": {"covered_lines": 24, "num_statements": 24, "percent_covered": 100.0, "percent_covered_display": "100", "missing_lines": 0, "excluded_lines": 0, "percent_statements_covered": 100.0, "percent_statements_covered_display": "100"}, "missing_lines": [], "excluded_lines": [], "start_line": 1}}, "classes": {"": {"executed_lines": [10, 12, 14, 20, 31, 33, 34, 37, 39, 40, 43, 45, 46, 49, 51, 52, 55, 87, 88, 91, 105, 106, 107, 108, 109, 117, 155, 158, 159, 170, 173, 175, 176, 178, 179, 180, 183, 184, 187, 188, 194, 202, 203, 204, 207, 247, 248, 249, 252, 253, 255, 257, 259, 260, 261, 262, 272, 286, 287, 289, 296, 298, 305, 307, 310, 312, 313, 314, 315, 318, 329, 339, 340, 341, 342, 343, 346, 367, 370, 380, 382, 384, 385, 386, 389, 390, 391, 392, 394, 395, 396, 397, 398, 408, 410, 411, 413, 414, 415, 425, 427, 440, 487, 488, 489, 490, 495, 496, 499, 500, 502, 505, 506, 508, 516, 518, 519, 520, 521, 523, 525, 535, 537, 538, 539, 542, 545, 553, 554, 557, 558, 559, 560, 562, 563, 564, 565, 566, 567, 569, 571, 572, 573, 574, 575, 576, 577, 578, 579, 580, 581, 583, 584, 585, 587, 588, 589, 590, 592, 593, 603, 608, 616, 626, 631, 632, 633, 641, 686, 687, 688, 689, 694, 696, 697, 698, 699, 700, 701, 704, 709, 710, 712, 715, 716, 718, 726, 728, 729, 730, 731, 733, 734, 744, 746, 747, 748, 751, 753, 761, 762, 765, 766, 768, 769, 770, 771, 772, 773, 774, 775, 776, 777, 778, 779, 780, 782, 783, 785, 786, 789, 790, 793, 794, 796, 797, 798, 800, 801, 802, 803, 805, 806, 816, 821, 828, 838, 843, 844, 845, 853, 889, 897, 898, 901, 903, 904, 905, 917, 918, 924, 925, 926, 929, 941, 942], "summary": {"covered_lines": 256, "num_statements": 257, "percent_covered": 99.61089494163424, "percent_covered_display": "99", "missing_lines": 1, "excluded_lines": 0, "percent_statements_covered": 99.61089494163424, "percent_statements_covered_display": "99"}, "missing_lines": [702], "excluded_lines": [], "start_line": 1}}}, "src/bssunfold/core/_em_priors.py": {"executed_lines": [18, 20, 23, 25, 26, 27, 28, 29, 30, 31, 34, 38, 39, 40, 41, 42, 43, 44, 45, 54, 58, 59, 60, 61, 62, 63, 64, 65, 66, 73, 103, 104, 105, 106, 109, 112, 140, 141, 142, 143, 146], "summary": {"covered_lines": 41, "num_statements": 43, "percent_covered": 95.34883720930233, "percent_covered_display": "95", "missing_lines": 2, "excluded_lines": 0, "percent_statements_covered": 95.34883720930233, "percent_statements_covered_display": "95"}, "missing_lines": [48, 67], "excluded_lines": [], "functions": {"_neighbours": {"executed_lines": [25, 26, 27, 28, 29, 30, 31], "summary": {"covered_lines": 7, "num_statements": 7, "percent_covered": 100.0, "percent_covered_display": "100", "missing_lines": 0, "excluded_lines": 0, "percent_statements_covered": 100.0, "percent_statements_covered_display": "100"}, "missing_lines": [], "excluded_lines": [], "start_line": 23}, "_phi1": {"executed_lines": [38, 39, 40, 41, 42, 43, 44, 45], "summary": {"covered_lines": 8, "num_statements": 9, "percent_covered": 88.88888888888889, "percent_covered_display": "89", "missing_lines": 1, "excluded_lines": 0, "percent_statements_covered": 88.88888888888889, "percent_statements_covered_display": "89"}, "missing_lines": [48], "excluded_lines": [], "start_line": 34}, "_phi0": {"executed_lines": [58, 59, 60, 61, 62, 63, 64, 65, 66], "summary": {"covered_lines": 9, "num_statements": 10, "percent_covered": 90.0, "percent_covered_display": "90", "missing_lines": 1, "excluded_lines": 0, "percent_statements_covered": 90.0, "percent_statements_covered_display": "90"}, "missing_lines": [67], "excluded_lines": [], "start_line": 54}, "prior_gradient": {"executed_lines": [103, 104, 105, 106, 109], "summary": {"covered_lines": 5, "num_statements": 5, "percent_covered": 100.0, "percent_covered_display": "100", "missing_lines": 0, "excluded_lines": 0, "percent_statements_covered": 100.0, "percent_statements_covered_display": "100"}, "missing_lines": [], "excluded_lines": [], "start_line": 73}, "prior_value": {"executed_lines": [140, 141, 142, 143, 146], "summary": {"covered_lines": 5, "num_statements": 5, "percent_covered": 100.0, "percent_covered_display": "100", "missing_lines": 0, "excluded_lines": 0, "percent_statements_covered": 100.0, "percent_statements_covered_display": "100"}, "missing_lines": [], "excluded_lines": [], "start_line": 112}, "": {"executed_lines": [18, 20, 23, 34, 54, 73, 112], "summary": {"covered_lines": 7, "num_statements": 7, "percent_covered": 100.0, "percent_covered_display": "100", "missing_lines": 0, "excluded_lines": 0, "percent_statements_covered": 100.0, "percent_statements_covered_display": "100"}, "missing_lines": [], "excluded_lines": [], "start_line": 1}}, "classes": {"": {"executed_lines": [18, 20, 23, 25, 26, 27, 28, 29, 30, 31, 34, 38, 39, 40, 41, 42, 43, 44, 45, 54, 58, 59, 60, 61, 62, 63, 64, 65, 66, 73, 103, 104, 105, 106, 109, 112, 140, 141, 142, 143, 146], "summary": {"covered_lines": 41, "num_statements": 43, "percent_covered": 95.34883720930233, "percent_covered_display": "95", "missing_lines": 2, "excluded_lines": 0, "percent_statements_covered": 95.34883720930233, "percent_statements_covered_display": "95"}, "missing_lines": [48, 67], "excluded_lines": [], "start_line": 1}}}, "src/bssunfold/core/_fruit.py": {"executed_lines": [12, 13, 15, 17, 19, 21, 22, 25, 26, 28, 36, 38, 41, 46, 53, 55, 58, 91, 92, 94, 95, 96, 98, 99, 100, 102, 103, 104, 105, 106, 107, 109, 117, 138, 139, 140, 141, 142, 143, 145, 148, 150, 151, 153, 154, 157, 158, 160, 161, 163, 166, 211, 212, 213, 214, 220, 221, 226, 227, 232, 236, 246, 247, 249, 251, 252, 253, 254, 255, 257, 258, 259, 260, 261, 262, 264, 275, 282, 284, 285, 299, 300, 302, 303, 304, 305, 306, 308, 315, 317, 327, 329, 330, 331, 332, 333, 334, 337, 339, 342, 344, 345, 346, 347, 348, 349, 350, 353, 364, 365, 366, 368, 381, 382, 383, 384, 387, 388, 389, 390, 392, 394, 395, 396, 397, 407, 409, 410, 412, 413, 414, 426, 428, 431, 446, 448, 449, 451, 452, 453, 454, 455, 456, 457, 459, 472, 473, 474, 476, 477, 483, 485, 486, 488, 491, 519, 520, 527, 528, 530, 531, 532, 534, 535, 537, 538, 539, 540, 541, 542, 543, 544, 545, 548, 549, 550, 551, 554, 555, 556, 557, 558, 559, 561, 564, 566], "summary": {"covered_lines": 186, "num_statements": 188, "percent_covered": 98.93617021276596, "percent_covered_display": "99", "missing_lines": 2, "excluded_lines": 0, "percent_statements_covered": 98.93617021276596, "percent_statements_covered_display": "99"}, "missing_lines": [521, 522], "excluded_lines": [], "functions": {"_thermal": {"executed_lines": [38], "summary": {"covered_lines": 1, "num_statements": 1, "percent_covered": 100.0, "percent_covered_display": "100", "missing_lines": 0, "excluded_lines": 0, "percent_statements_covered": 100.0, "percent_statements_covered_display": "100"}, "missing_lines": [], "excluded_lines": [], "start_line": 36}, "_epithermal": {"executed_lines": [46], "summary": {"covered_lines": 1, "num_statements": 1, "percent_covered": 100.0, "percent_covered_display": "100", "missing_lines": 0, "excluded_lines": 0, "percent_statements_covered": 100.0, "percent_statements_covered_display": "100"}, "missing_lines": [], "excluded_lines": [], "start_line": 41}, "_fast": {"executed_lines": [55], "summary": {"covered_lines": 1, "num_statements": 1, "percent_covered": 100.0, "percent_covered_display": "100", "missing_lines": 0, "excluded_lines": 0, "percent_statements_covered": 100.0, "percent_statements_covered_display": "100"}, "missing_lines": [], "excluded_lines": [], "start_line": 53}, "parametric_model": {"executed_lines": [91, 92, 94, 95, 96, 98, 99, 100, 102, 103, 104, 105, 106, 107, 109], "summary": {"covered_lines": 15, "num_statements": 15, "percent_covered": 100.0, "percent_covered_display": "100", "missing_lines": 0, "excluded_lines": 0, "percent_statements_covered": 100.0, "percent_statements_covered_display": "100"}, "missing_lines": [], "excluded_lines": [], "start_line": 58}, "_residuals": {"executed_lines": [138, 139, 140, 141, 142, 143, 145, 148, 150, 151, 153, 154, 157, 158, 160, 161, 163], "summary": {"covered_lines": 17, "num_statements": 17, "percent_covered": 100.0, "percent_covered_display": "100", "missing_lines": 0, "excluded_lines": 0, "percent_statements_covered": 100.0, "percent_statements_covered_display": "100"}, "missing_lines": [], "excluded_lines": [], "start_line": 117}, "solve_parametric": {"executed_lines": [211, 212, 213, 214, 220, 221, 226, 227, 232, 236, 246, 247, 249, 251, 252, 253, 254, 255, 257, 258, 259, 260, 261, 262, 264, 275, 282, 284, 285, 299, 300, 302, 303, 304, 305, 306, 308], "summary": {"covered_lines": 37, "num_statements": 37, "percent_covered": 100.0, "percent_covered_display": "100", "missing_lines": 0, "excluded_lines": 0, "percent_statements_covered": 100.0, "percent_statements_covered_display": "100"}, "missing_lines": [], "excluded_lines": [], "start_line": 166}, "_get_initial_params": {"executed_lines": [329, 330, 331, 332, 333, 334], "summary": {"covered_lines": 6, "num_statements": 6, "percent_covered": 100.0, "percent_covered_display": "100", "missing_lines": 0, "excluded_lines": 0, "percent_statements_covered": 100.0, "percent_statements_covered_display": "100"}, "missing_lines": [], "excluded_lines": [], "start_line": 327}, "_get_param_bounds": {"executed_lines": [339], "summary": {"covered_lines": 1, "num_statements": 1, "percent_covered": 100.0, "percent_covered_display": "100", "missing_lines": 0, "excluded_lines": 0, "percent_statements_covered": 100.0, "percent_statements_covered_display": "100"}, "missing_lines": [], "excluded_lines": [], "start_line": 337}, "_clamp_params": {"executed_lines": [344, 345, 346, 347, 348, 349, 350], "summary": {"covered_lines": 7, "num_statements": 7, "percent_covered": 100.0, "percent_covered_display": "100", "missing_lines": 0, "excluded_lines": 0, "percent_statements_covered": 100.0, "percent_statements_covered_display": "100"}, "missing_lines": [], "excluded_lines": [], "start_line": 342}, "_compute_jacobian": {"executed_lines": [364, 365, 366, 368, 381, 382, 383, 384, 387, 388, 389, 390, 392, 394, 395, 396, 397, 407, 409, 410, 412, 413, 414, 426, 428], "summary": {"covered_lines": 25, "num_statements": 25, "percent_covered": 100.0, "percent_covered_display": "100", "missing_lines": 0, "excluded_lines": 0, "percent_statements_covered": 100.0, "percent_statements_covered_display": "100"}, "missing_lines": [], "excluded_lines": [], "start_line": 353}, "_find_initial_params": {"executed_lines": [446, 448, 449, 451, 452, 453, 454, 455, 456, 457, 459, 472, 473, 474, 476, 477, 483, 485, 486, 488], "summary": {"covered_lines": 20, "num_statements": 20, "percent_covered": 100.0, "percent_covered_display": "100", "missing_lines": 0, "excluded_lines": 0, "percent_statements_covered": 100.0, "percent_statements_covered_display": "100"}, "missing_lines": [], "excluded_lines": [], "start_line": 431}, "_gcv_select_alpha": {"executed_lines": [519, 520, 527, 528, 530, 531, 532, 534, 535, 537, 548, 549, 550, 551, 554, 555, 556, 557, 558, 559, 561], "summary": {"covered_lines": 21, "num_statements": 23, "percent_covered": 91.30434782608695, "percent_covered_display": "91", "missing_lines": 2, "excluded_lines": 0, "percent_statements_covered": 91.30434782608695, "percent_statements_covered_display": "91"}, "missing_lines": [521, 522], "excluded_lines": [], "start_line": 491}, "_gcv_select_alpha._gcv_value": {"executed_lines": [538, 539, 540, 541, 542, 543, 544, 545], "summary": {"covered_lines": 8, "num_statements": 8, "percent_covered": 100.0, "percent_covered_display": "100", "missing_lines": 0, "excluded_lines": 0, "percent_statements_covered": 100.0, "percent_statements_covered_display": "100"}, "missing_lines": [], "excluded_lines": [], "start_line": 537}, "_check_fit_quality": {"executed_lines": [566], "summary": {"covered_lines": 1, "num_statements": 1, "percent_covered": 100.0, "percent_covered_display": "100", "missing_lines": 0, "excluded_lines": 0, "percent_statements_covered": 100.0, "percent_statements_covered_display": "100"}, "missing_lines": [], "excluded_lines": [], "start_line": 564}, "": {"executed_lines": [12, 13, 15, 17, 19, 21, 22, 25, 26, 28, 36, 41, 53, 58, 117, 166, 315, 317, 327, 337, 342, 353, 431, 491, 564], "summary": {"covered_lines": 25, "num_statements": 25, "percent_covered": 100.0, "percent_covered_display": "100", "missing_lines": 0, "excluded_lines": 0, "percent_statements_covered": 100.0, "percent_statements_covered_display": "100"}, "missing_lines": [], "excluded_lines": [], "start_line": 1}}, "classes": {"": {"executed_lines": [12, 13, 15, 17, 19, 21, 22, 25, 26, 28, 36, 38, 41, 46, 53, 55, 58, 91, 92, 94, 95, 96, 98, 99, 100, 102, 103, 104, 105, 106, 107, 109, 117, 138, 139, 140, 141, 142, 143, 145, 148, 150, 151, 153, 154, 157, 158, 160, 161, 163, 166, 211, 212, 213, 214, 220, 221, 226, 227, 232, 236, 246, 247, 249, 251, 252, 253, 254, 255, 257, 258, 259, 260, 261, 262, 264, 275, 282, 284, 285, 299, 300, 302, 303, 304, 305, 306, 308, 315, 317, 327, 329, 330, 331, 332, 333, 334, 337, 339, 342, 344, 345, 346, 347, 348, 349, 350, 353, 364, 365, 366, 368, 381, 382, 383, 384, 387, 388, 389, 390, 392, 394, 395, 396, 397, 407, 409, 410, 412, 413, 414, 426, 428, 431, 446, 448, 449, 451, 452, 453, 454, 455, 456, 457, 459, 472, 473, 474, 476, 477, 483, 485, 486, 488, 491, 519, 520, 527, 528, 530, 531, 532, 534, 535, 537, 538, 539, 540, 541, 542, 543, 544, 545, 548, 549, 550, 551, 554, 555, 556, 557, 558, 559, 561, 564, 566], "summary": {"covered_lines": 186, "num_statements": 188, "percent_covered": 98.93617021276596, "percent_covered_display": "99", "missing_lines": 2, "excluded_lines": 0, "percent_statements_covered": 98.93617021276596, "percent_statements_covered_display": "99"}, "missing_lines": [521, 522], "excluded_lines": [], "start_line": 1}}}, "src/bssunfold/core/_interpret_pyopt.py": {"executed_lines": [10, 11, 12, 14, 16, 18, 19, 22, 23, 25, 26, 27, 28, 29, 30, 31, 35, 42, 45, 46, 50, 62, 65, 68, 69, 72, 137, 139, 140, 141, 142, 146, 147, 148, 149, 150, 151, 152, 155, 156, 159, 160, 161, 162, 164, 165, 166, 167, 168, 169, 171, 172, 174, 176, 181, 182, 186, 187, 188, 189, 199, 208, 219, 224, 233, 283, 284, 295, 296, 297, 301, 304, 316, 317, 318, 319, 320, 321, 322, 323, 324, 325, 326, 331, 332, 341, 344, 356, 357, 358, 368, 369, 370, 371, 372, 373, 374, 375, 380, 381, 393, 394, 397, 408, 409, 410, 411, 412, 415, 422, 423, 424, 429, 439], "summary": {"covered_lines": 114, "num_statements": 115, "percent_covered": 99.1304347826087, "percent_covered_display": "99", "missing_lines": 1, "excluded_lines": 0, "percent_statements_covered": 99.1304347826087, "percent_statements_covered_display": "99"}, "missing_lines": [298], "excluded_lines": [], "functions": {"_PyOptExplainNamespace.__init__": {"executed_lines": [23], "summary": {"covered_lines": 1, "num_statements": 1, "percent_covered": 100.0, "percent_covered_display": "100", "missing_lines": 0, "excluded_lines": 0, "percent_statements_covered": 100.0, "percent_statements_covered_display": "100"}, "missing_lines": [], "excluded_lines": [], "start_line": 22}, "_PyOptExplainNamespace.load": {"executed_lines": [26, 27, 28, 29, 30, 31, 35, 42, 45, 46, 50, 62], "summary": {"covered_lines": 12, "num_statements": 12, "percent_covered": 100.0, "percent_covered_display": "100", "missing_lines": 0, "excluded_lines": 0, "percent_statements_covered": 100.0, "percent_statements_covered_display": "100"}, "missing_lines": [], "excluded_lines": [], "start_line": 25}, "_require_pyoptexplain": {"executed_lines": [69], "summary": {"covered_lines": 1, "num_statements": 1, "percent_covered": 100.0, "percent_covered_display": "100", "missing_lines": 0, "excluded_lines": 0, "percent_statements_covered": 100.0, "percent_statements_covered_display": "100"}, "missing_lines": [], "excluded_lines": [], "start_line": 68}, "build_interpretation_qp": {"executed_lines": [137, 139, 140, 141, 142, 146, 147, 148, 149, 150, 151, 152, 155, 156, 159, 160, 161, 162, 164, 165, 166, 167, 168, 169, 171, 172, 174, 176, 181, 182, 186, 187, 188, 189, 199], "summary": {"covered_lines": 35, "num_statements": 35, "percent_covered": 100.0, "percent_covered_display": "100", "missing_lines": 0, "excluded_lines": 0, "percent_statements_covered": 100.0, "percent_statements_covered_display": "100"}, "missing_lines": [], "excluded_lines": [], "start_line": 72}, "_make_analyzer": {"executed_lines": [219, 224], "summary": {"covered_lines": 2, "num_statements": 2, "percent_covered": 100.0, "percent_covered_display": "100", "missing_lines": 0, "excluded_lines": 0, "percent_statements_covered": 100.0, "percent_statements_covered_display": "100"}, "missing_lines": [], "excluded_lines": [], "start_line": 208}, "solve_interpret": {"executed_lines": [283, 284, 295, 296, 297, 301], "summary": {"covered_lines": 6, "num_statements": 7, "percent_covered": 85.71428571428571, "percent_covered_display": "86", "missing_lines": 1, "excluded_lines": 0, "percent_statements_covered": 85.71428571428571, "percent_statements_covered_display": "86"}, "missing_lines": [298], "excluded_lines": [], "start_line": 233}, "_detector_sensitivity": {"executed_lines": [316, 317, 318, 319, 320, 321, 322, 323, 324, 325, 326, 331, 332, 341], "summary": {"covered_lines": 14, "num_statements": 14, "percent_covered": 100.0, "percent_covered_display": "100", "missing_lines": 0, "excluded_lines": 0, "percent_statements_covered": 100.0, "percent_statements_covered_display": "100"}, "missing_lines": [], "excluded_lines": [], "start_line": 304}, "_regularization_sweep": {"executed_lines": [356, 357, 358, 368, 369, 370, 371, 372, 373, 374, 375, 380, 381, 393, 394], "summary": {"covered_lines": 15, "num_statements": 15, "percent_covered": 100.0, "percent_covered_display": "100", "missing_lines": 0, "excluded_lines": 0, "percent_statements_covered": 100.0, "percent_statements_covered_display": "100"}, "missing_lines": [], "excluded_lines": [], "start_line": 344}, "_nonnegativity_relaxation": {"executed_lines": [408, 409, 410, 411, 412, 415, 422, 423, 424, 429, 439], "summary": {"covered_lines": 11, "num_statements": 11, "percent_covered": 100.0, "percent_covered_display": "100", "missing_lines": 0, "excluded_lines": 0, "percent_statements_covered": 100.0, "percent_statements_covered_display": "100"}, "missing_lines": [], "excluded_lines": [], "start_line": 397}, "": {"executed_lines": [10, 11, 12, 14, 16, 18, 19, 22, 25, 65, 68, 72, 208, 233, 304, 344, 397], "summary": {"covered_lines": 17, "num_statements": 17, "percent_covered": 100.0, "percent_covered_display": "100", "missing_lines": 0, "excluded_lines": 0, "percent_statements_covered": 100.0, "percent_statements_covered_display": "100"}, "missing_lines": [], "excluded_lines": [], "start_line": 1}}, "classes": {"_PyOptExplainNamespace": {"executed_lines": [23, 26, 27, 28, 29, 30, 31, 35, 42, 45, 46, 50, 62], "summary": {"covered_lines": 13, "num_statements": 13, "percent_covered": 100.0, "percent_covered_display": "100", "missing_lines": 0, "excluded_lines": 0, "percent_statements_covered": 100.0, "percent_statements_covered_display": "100"}, "missing_lines": [], "excluded_lines": [], "start_line": 19}, "": {"executed_lines": [10, 11, 12, 14, 16, 18, 19, 22, 25, 65, 68, 69, 72, 137, 139, 140, 141, 142, 146, 147, 148, 149, 150, 151, 152, 155, 156, 159, 160, 161, 162, 164, 165, 166, 167, 168, 169, 171, 172, 174, 176, 181, 182, 186, 187, 188, 189, 199, 208, 219, 224, 233, 283, 284, 295, 296, 297, 301, 304, 316, 317, 318, 319, 320, 321, 322, 323, 324, 325, 326, 331, 332, 341, 344, 356, 357, 358, 368, 369, 370, 371, 372, 373, 374, 375, 380, 381, 393, 394, 397, 408, 409, 410, 411, 412, 415, 422, 423, 424, 429, 439], "summary": {"covered_lines": 101, "num_statements": 102, "percent_covered": 99.01960784313725, "percent_covered_display": "99", "missing_lines": 1, "excluded_lines": 0, "percent_statements_covered": 99.01960784313725, "percent_statements_covered_display": "99"}, "missing_lines": [298], "excluded_lines": [], "start_line": 1}}}, "src/bssunfold/core/_interpret_report.py": {"executed_lines": [9, 10, 12, 15, 16, 35, 36, 37, 38, 39, 40, 42, 44, 53, 55, 56, 57, 58, 59, 60, 61, 62, 63, 66, 67, 68, 71, 73, 74, 75, 76, 80, 81, 82, 83, 84, 86, 88, 91, 113, 135, 136, 137, 138, 139, 140, 141, 144, 145, 146, 147, 148, 149, 152, 153, 154, 155, 156, 157, 166, 170, 171, 172, 173, 176, 177, 183, 185, 186, 187, 188, 189, 190, 209, 215, 222, 223, 224, 225, 226, 227, 228, 231, 232, 233, 234, 237, 239, 240, 241, 242, 243, 251, 254, 275, 279, 280, 281, 284, 286, 287, 291, 293, 296, 297, 298, 300, 301, 302, 303, 304, 305, 306, 311, 314, 316, 317, 318, 319, 320, 321, 322, 323, 325, 326, 327, 329, 330, 332, 333, 334, 336, 337, 338, 339, 341, 342, 343, 344, 346, 347, 348, 349, 351, 352, 353, 354, 356, 357, 358, 359, 361, 362, 373, 374, 375, 377, 378, 381, 383, 386, 388, 390, 391, 392, 399, 404, 405, 406, 407, 413, 414, 415, 416, 417, 423, 430, 431, 432, 437, 438, 439, 443, 444, 445, 451, 457, 458, 459, 460, 461, 462, 468], "summary": {"covered_lines": 193, "num_statements": 195, "percent_covered": 98.97435897435898, "percent_covered_display": "99", "missing_lines": 2, "excluded_lines": 0, "percent_statements_covered": 98.97435897435898, "percent_statements_covered_display": "99"}, "missing_lines": [64, 65], "excluded_lines": [], "functions": {"InterpretationResult.to_dict": {"executed_lines": [44], "summary": {"covered_lines": 1, "num_statements": 1, "percent_covered": 100.0, "percent_covered_display": "100", "missing_lines": 0, "excluded_lines": 0, "percent_statements_covered": 100.0, "percent_statements_covered_display": "100"}, "missing_lines": [], "excluded_lines": [], "start_line": 42}, "_fmt": {"executed_lines": [55, 56, 57, 58, 59, 60, 61, 62, 63, 66, 67, 68], "summary": {"covered_lines": 12, "num_statements": 14, "percent_covered": 85.71428571428571, "percent_covered_display": "86", "missing_lines": 2, "excluded_lines": 0, "percent_statements_covered": 85.71428571428571, "percent_statements_covered_display": "86"}, "missing_lines": [64, 65], "excluded_lines": [], "start_line": 53}, "_df_to_markdown": {"executed_lines": [73, 74, 75, 76, 80, 81, 82, 83], "summary": {"covered_lines": 8, "num_statements": 8, "percent_covered": 100.0, "percent_covered_display": "100", "missing_lines": 0, "excluded_lines": 0, "percent_statements_covered": 100.0, "percent_statements_covered_display": "100"}, "missing_lines": [], "excluded_lines": [], "start_line": 71}, "_rows_to_frame": {"executed_lines": [86, 88], "summary": {"covered_lines": 2, "num_statements": 2, "percent_covered": 100.0, "percent_covered_display": "100", "missing_lines": 0, "excluded_lines": 0, "percent_statements_covered": 100.0, "percent_statements_covered_display": "100"}, "missing_lines": [], "excluded_lines": [], "start_line": 84}, "_build_metrics": {"executed_lines": [113, 135, 136, 137, 138, 139, 140, 141], "summary": {"covered_lines": 8, "num_statements": 8, "percent_covered": 100.0, "percent_covered_display": "100", "missing_lines": 0, "excluded_lines": 0, "percent_statements_covered": 100.0, "percent_statements_covered_display": "100"}, "missing_lines": [], "excluded_lines": [], "start_line": 91}, "_safe_cond": {"executed_lines": [145, 146, 147, 148, 149], "summary": {"covered_lines": 5, "num_statements": 5, "percent_covered": 100.0, "percent_covered_display": "100", "missing_lines": 0, "excluded_lines": 0, "percent_statements_covered": 100.0, "percent_statements_covered_display": "100"}, "missing_lines": [], "excluded_lines": [], "start_line": 144}, "_effective_capabilities": {"executed_lines": [153, 154, 155, 156, 157], "summary": {"covered_lines": 5, "num_statements": 5, "percent_covered": 100.0, "percent_covered_display": "100", "missing_lines": 0, "excluded_lines": 0, "percent_statements_covered": 100.0, "percent_statements_covered_display": "100"}, "missing_lines": [], "excluded_lines": [], "start_line": 152}, "_detector_importance": {"executed_lines": [170, 171, 172, 173, 176, 177], "summary": {"covered_lines": 6, "num_statements": 6, "percent_covered": 100.0, "percent_covered_display": "100", "missing_lines": 0, "excluded_lines": 0, "percent_statements_covered": 100.0, "percent_statements_covered_display": "100"}, "missing_lines": [], "excluded_lines": [], "start_line": 166}, "_robustness_metrics": {"executed_lines": [185, 186, 187, 188, 189, 190, 209, 215], "summary": {"covered_lines": 8, "num_statements": 8, "percent_covered": 100.0, "percent_covered_display": "100", "missing_lines": 0, "excluded_lines": 0, "percent_statements_covered": 100.0, "percent_statements_covered_display": "100"}, "missing_lines": [], "excluded_lines": [], "start_line": 183}, "_float_or_none": {"executed_lines": [223, 224, 225, 226, 227, 228], "summary": {"covered_lines": 6, "num_statements": 6, "percent_covered": 100.0, "percent_covered_display": "100", "missing_lines": 0, "excluded_lines": 0, "percent_statements_covered": 100.0, "percent_statements_covered_display": "100"}, "missing_lines": [], "excluded_lines": [], "start_line": 222}, "_frame_records": {"executed_lines": [232, 233, 234], "summary": {"covered_lines": 3, "num_statements": 3, "percent_covered": 100.0, "percent_covered_display": "100", "missing_lines": 0, "excluded_lines": 0, "percent_statements_covered": 100.0, "percent_statements_covered_display": "100"}, "missing_lines": [], "excluded_lines": [], "start_line": 231}, "_scenario_metrics": {"executed_lines": [239, 240, 241, 242, 243, 251], "summary": {"covered_lines": 6, "num_statements": 6, "percent_covered": 100.0, "percent_covered_display": "100", "missing_lines": 0, "excluded_lines": 0, "percent_statements_covered": 100.0, "percent_statements_covered_display": "100"}, "missing_lines": [], "excluded_lines": [], "start_line": 237}, "_build_report": {"executed_lines": [275, 279, 280, 281, 284, 286, 287, 291, 293, 296, 297, 298, 300, 301, 302, 303, 304, 305, 306, 311, 314, 316, 317, 318, 319, 320, 321, 322, 323, 325, 326, 327, 329, 330, 332, 333, 334, 336, 337, 338, 339, 341, 342, 343, 344, 346, 347, 348, 349, 351, 352, 353, 354, 356, 357, 358, 359, 361, 362, 373, 374, 375, 377, 378, 381, 383], "summary": {"covered_lines": 66, "num_statements": 66, "percent_covered": 100.0, "percent_covered_display": "100", "missing_lines": 0, "excluded_lines": 0, "percent_statements_covered": 100.0, "percent_statements_covered_display": "100"}, "missing_lines": [], "excluded_lines": [], "start_line": 254}, "_conclusions": {"executed_lines": [388, 390, 391, 392, 399, 404, 405, 406, 407, 413, 414, 415, 416, 417, 423, 430, 431, 432, 437, 438, 439, 443, 444, 445, 451, 457, 458, 459, 460, 461, 462, 468], "summary": {"covered_lines": 32, "num_statements": 32, "percent_covered": 100.0, "percent_covered_display": "100", "missing_lines": 0, "excluded_lines": 0, "percent_statements_covered": 100.0, "percent_statements_covered_display": "100"}, "missing_lines": [], "excluded_lines": [], "start_line": 386}, "": {"executed_lines": [9, 10, 12, 15, 16, 35, 36, 37, 38, 39, 40, 42, 53, 71, 84, 91, 144, 152, 166, 183, 222, 231, 237, 254, 386], "summary": {"covered_lines": 25, "num_statements": 25, "percent_covered": 100.0, "percent_covered_display": "100", "missing_lines": 0, "excluded_lines": 0, "percent_statements_covered": 100.0, "percent_statements_covered_display": "100"}, "missing_lines": [], "excluded_lines": [], "start_line": 1}}, "classes": {"InterpretationResult": {"executed_lines": [44], "summary": {"covered_lines": 1, "num_statements": 1, "percent_covered": 100.0, "percent_covered_display": "100", "missing_lines": 0, "excluded_lines": 0, "percent_statements_covered": 100.0, "percent_statements_covered_display": "100"}, "missing_lines": [], "excluded_lines": [], "start_line": 16}, "": {"executed_lines": [9, 10, 12, 15, 16, 35, 36, 37, 38, 39, 40, 42, 53, 55, 56, 57, 58, 59, 60, 61, 62, 63, 66, 67, 68, 71, 73, 74, 75, 76, 80, 81, 82, 83, 84, 86, 88, 91, 113, 135, 136, 137, 138, 139, 140, 141, 144, 145, 146, 147, 148, 149, 152, 153, 154, 155, 156, 157, 166, 170, 171, 172, 173, 176, 177, 183, 185, 186, 187, 188, 189, 190, 209, 215, 222, 223, 224, 225, 226, 227, 228, 231, 232, 233, 234, 237, 239, 240, 241, 242, 243, 251, 254, 275, 279, 280, 281, 284, 286, 287, 291, 293, 296, 297, 298, 300, 301, 302, 303, 304, 305, 306, 311, 314, 316, 317, 318, 319, 320, 321, 322, 323, 325, 326, 327, 329, 330, 332, 333, 334, 336, 337, 338, 339, 341, 342, 343, 344, 346, 347, 348, 349, 351, 352, 353, 354, 356, 357, 358, 359, 361, 362, 373, 374, 375, 377, 378, 381, 383, 386, 388, 390, 391, 392, 399, 404, 405, 406, 407, 413, 414, 415, 416, 417, 423, 430, 431, 432, 437, 438, 439, 443, 444, 445, 451, 457, 458, 459, 460, 461, 462, 468], "summary": {"covered_lines": 192, "num_statements": 194, "percent_covered": 98.96907216494846, "percent_covered_display": "99", "missing_lines": 2, "excluded_lines": 0, "percent_statements_covered": 98.96907216494846, "percent_statements_covered_display": "99"}, "missing_lines": [64, 65], "excluded_lines": [], "start_line": 1}}}, "src/bssunfold/core/_matrix_utils.py": {"executed_lines": [7, 9, 10, 13, 34, 36, 37, 38, 39, 40, 41, 43, 46, 48, 51, 80, 81, 82, 83, 86, 114, 115, 116, 117, 120, 123, 147, 148, 149, 150, 151, 152, 155, 170, 171, 174, 193, 194, 196, 197, 198, 202, 203, 205], "summary": {"covered_lines": 44, "num_statements": 45, "percent_covered": 97.77777777777777, "percent_covered_display": "98", "missing_lines": 1, "excluded_lines": 0, "percent_statements_covered": 97.77777777777777, "percent_statements_covered_display": "98"}, "missing_lines": [200], "excluded_lines": [], "functions": {"create_derivative_matrix": {"executed_lines": [34, 36, 37, 38, 39, 40, 41, 43, 46, 48], "summary": {"covered_lines": 10, "num_statements": 10, "percent_covered": 100.0, "percent_covered_display": "100", "missing_lines": 0, "excluded_lines": 0, "percent_statements_covered": 100.0, "percent_statements_covered_display": "100"}, "missing_lines": [], "excluded_lines": [], "start_line": 13}, "build_smoothness_penalty": {"executed_lines": [80, 81, 82, 83], "summary": {"covered_lines": 4, "num_statements": 4, "percent_covered": 100.0, "percent_covered_display": "100", "missing_lines": 0, "excluded_lines": 0, "percent_statements_covered": 100.0, "percent_statements_covered_display": "100"}, "missing_lines": [], "excluded_lines": [], "start_line": 51}, "make_regularization_operator": {"executed_lines": [114, 115, 116, 117, 120], "summary": {"covered_lines": 5, "num_statements": 5, "percent_covered": 100.0, "percent_covered_display": "100", "missing_lines": 0, "excluded_lines": 0, "percent_statements_covered": 100.0, "percent_statements_covered_display": "100"}, "missing_lines": [], "excluded_lines": [], "start_line": 86}, "build_tikhonov_system": {"executed_lines": [147, 148, 149, 150, 151, 152], "summary": {"covered_lines": 6, "num_statements": 6, "percent_covered": 100.0, "percent_covered_display": "100", "missing_lines": 0, "excluded_lines": 0, "percent_statements_covered": 100.0, "percent_statements_covered_display": "100"}, "missing_lines": [], "excluded_lines": [], "start_line": 123}, "compute_svd_components": {"executed_lines": [170, 171], "summary": {"covered_lines": 2, "num_statements": 2, "percent_covered": 100.0, "percent_covered_display": "100", "missing_lines": 0, "excluded_lines": 0, "percent_statements_covered": 100.0, "percent_statements_covered_display": "100"}, "missing_lines": [], "excluded_lines": [], "start_line": 155}, "compute_log_steps": {"executed_lines": [193, 194, 196, 197, 198, 202, 203, 205], "summary": {"covered_lines": 8, "num_statements": 9, "percent_covered": 88.88888888888889, "percent_covered_display": "89", "missing_lines": 1, "excluded_lines": 0, "percent_statements_covered": 88.88888888888889, "percent_statements_covered_display": "89"}, "missing_lines": [200], "excluded_lines": [], "start_line": 174}, "": {"executed_lines": [7, 9, 10, 13, 51, 86, 123, 155, 174], "summary": {"covered_lines": 9, "num_statements": 9, "percent_covered": 100.0, "percent_covered_display": "100", "missing_lines": 0, "excluded_lines": 0, "percent_statements_covered": 100.0, "percent_statements_covered_display": "100"}, "missing_lines": [], "excluded_lines": [], "start_line": 1}}, "classes": {"": {"executed_lines": [7, 9, 10, 13, 34, 36, 37, 38, 39, 40, 41, 43, 46, 48, 51, 80, 81, 82, 83, 86, 114, 115, 116, 117, 120, 123, 147, 148, 149, 150, 151, 152, 155, 170, 171, 174, 193, 194, 196, 197, 198, 202, 203, 205], "summary": {"covered_lines": 44, "num_statements": 45, "percent_covered": 97.77777777777777, "percent_covered_display": "98", "missing_lines": 1, "excluded_lines": 0, "percent_statements_covered": 97.77777777777777, "percent_statements_covered_display": "98"}, "missing_lines": [200], "excluded_lines": [], "start_line": 1}}}, "src/bssunfold/core/_montecarlo.py": {"executed_lines": [8, 10, 13, 59, 63, 64, 65, 68, 73, 76, 78, 79, 80, 81, 84, 100, 121], "summary": {"covered_lines": 17, "num_statements": 17, "percent_covered": 100.0, "percent_covered_display": "100", "missing_lines": 0, "excluded_lines": 0, "percent_statements_covered": 100.0, "percent_statements_covered_display": "100"}, "missing_lines": [], "excluded_lines": [], "functions": {"monte_carlo_uncertainty": {"executed_lines": [59, 63, 64, 65, 68, 73, 76, 78, 79, 80, 81, 84], "summary": {"covered_lines": 12, "num_statements": 12, "percent_covered": 100.0, "percent_covered_display": "100", "missing_lines": 0, "excluded_lines": 0, "percent_statements_covered": 100.0, "percent_statements_covered_display": "100"}, "missing_lines": [], "excluded_lines": [], "start_line": 13}, "_add_noise": {"executed_lines": [121], "summary": {"covered_lines": 1, "num_statements": 1, "percent_covered": 100.0, "percent_covered_display": "100", "missing_lines": 0, "excluded_lines": 0, "percent_statements_covered": 100.0, "percent_statements_covered_display": "100"}, "missing_lines": [], "excluded_lines": [], "start_line": 100}, "": {"executed_lines": [8, 10, 13, 100], "summary": {"covered_lines": 4, "num_statements": 4, "percent_covered": 100.0, "percent_covered_display": "100", "missing_lines": 0, "excluded_lines": 0, "percent_statements_covered": 100.0, "percent_statements_covered_display": "100"}, "missing_lines": [], "excluded_lines": [], "start_line": 1}}, "classes": {"": {"executed_lines": [8, 10, 13, 59, 63, 64, 65, 68, 73, 76, 78, 79, 80, 81, 84, 100, 121], "summary": {"covered_lines": 17, "num_statements": 17, "percent_covered": 100.0, "percent_covered_display": "100", "missing_lines": 0, "excluded_lines": 0, "percent_statements_covered": 100.0, "percent_statements_covered_display": "100"}, "missing_lines": [], "excluded_lines": [], "start_line": 1}}}, "src/bssunfold/core/_multires.py": {"executed_lines": [16, 18, 19, 22, 42, 43, 44, 45, 46, 47, 48, 49, 52, 70, 71, 72, 73, 74, 75, 76, 77, 78, 81, 83, 84, 85, 86, 87, 88, 89, 90, 91, 93, 94, 97, 119, 121, 122, 123, 124, 125, 126, 127, 132, 138, 139, 140, 143, 146, 164, 167], "summary": {"covered_lines": 51, "num_statements": 51, "percent_covered": 100.0, "percent_covered_display": "100", "missing_lines": 0, "excluded_lines": 0, "percent_statements_covered": 100.0, "percent_statements_covered_display": "100"}, "missing_lines": [], "excluded_lines": [], "functions": {"_coarsen_columns": {"executed_lines": [42, 43, 44, 45, 46, 47, 48, 49], "summary": {"covered_lines": 8, "num_statements": 8, "percent_covered": 100.0, "percent_covered_display": "100", "missing_lines": 0, "excluded_lines": 0, "percent_statements_covered": 100.0, "percent_statements_covered_display": "100"}, "missing_lines": [], "excluded_lines": [], "start_line": 22}, "_split_coarse": {"executed_lines": [70, 71, 72, 73, 74, 75, 76, 77, 78], "summary": {"covered_lines": 9, "num_statements": 9, "percent_covered": 100.0, "percent_covered_display": "100", "missing_lines": 0, "excluded_lines": 0, "percent_statements_covered": 100.0, "percent_statements_covered_display": "100"}, "missing_lines": [], "excluded_lines": [], "start_line": 52}, "_coarse_energy_grid": {"executed_lines": [83, 84, 85, 86, 87, 88, 89, 90, 91, 93, 94], "summary": {"covered_lines": 11, "num_statements": 11, "percent_covered": 100.0, "percent_covered_display": "100", "missing_lines": 0, "excluded_lines": 0, "percent_statements_covered": 100.0, "percent_statements_covered_display": "100"}, "missing_lines": [], "excluded_lines": [], "start_line": 81}, "build_coarse_detector": {"executed_lines": [119, 121, 122, 123, 124, 125, 126, 127, 132, 138, 139, 140, 143], "summary": {"covered_lines": 13, "num_statements": 13, "percent_covered": 100.0, "percent_covered_display": "100", "missing_lines": 0, "excluded_lines": 0, "percent_statements_covered": 100.0, "percent_statements_covered_display": "100"}, "missing_lines": [], "excluded_lines": [], "start_line": 97}, "prolongate_spectrum": {"executed_lines": [164], "summary": {"covered_lines": 1, "num_statements": 1, "percent_covered": 100.0, "percent_covered_display": "100", "missing_lines": 0, "excluded_lines": 0, "percent_statements_covered": 100.0, "percent_statements_covered_display": "100"}, "missing_lines": [], "excluded_lines": [], "start_line": 146}, "": {"executed_lines": [16, 18, 19, 22, 52, 81, 97, 146, 167], "summary": {"covered_lines": 9, "num_statements": 9, "percent_covered": 100.0, "percent_covered_display": "100", "missing_lines": 0, "excluded_lines": 0, "percent_statements_covered": 100.0, "percent_statements_covered_display": "100"}, "missing_lines": [], "excluded_lines": [], "start_line": 1}}, "classes": {"": {"executed_lines": [16, 18, 19, 22, 42, 43, 44, 45, 46, 47, 48, 49, 52, 70, 71, 72, 73, 74, 75, 76, 77, 78, 81, 83, 84, 85, 86, 87, 88, 89, 90, 91, 93, 94, 97, 119, 121, 122, 123, 124, 125, 126, 127, 132, 138, 139, 140, 143, 146, 164, 167], "summary": {"covered_lines": 51, "num_statements": 51, "percent_covered": 100.0, "percent_covered_display": "100", "missing_lines": 0, "excluded_lines": 0, "percent_statements_covered": 100.0, "percent_statements_covered_display": "100"}, "missing_lines": [], "excluded_lines": [], "start_line": 1}}}, "src/bssunfold/core/_numba_jit.py": {"executed_lines": [10, 12, 13, 15, 16, 17, 20, 539, 540, 542, 543, 545, 546, 548, 549, 551, 552, 554, 555, 557, 558, 560, 561], "summary": {"covered_lines": 23, "num_statements": 23, "percent_covered": 100.0, "percent_covered_display": "100", "missing_lines": 0, "excluded_lines": 507, "percent_statements_covered": 100.0, "percent_statements_covered_display": "100"}, "missing_lines": [], "excluded_lines": [22, 23, 24, 25, 26, 27, 28, 29, 30, 31, 32, 33, 34, 35, 36, 37, 38, 39, 40, 41, 42, 43, 44, 45, 46, 47, 48, 49, 50, 51, 52, 53, 54, 55, 56, 57, 58, 59, 60, 61, 62, 63, 64, 65, 66, 67, 68, 69, 70, 71, 72, 73, 74, 75, 76, 77, 78, 79, 80, 81, 82, 83, 84, 85, 86, 88, 89, 90, 91, 92, 93, 94, 95, 96, 97, 98, 99, 100, 101, 102, 103, 104, 105, 106, 107, 108, 109, 110, 111, 112, 113, 114, 115, 116, 117, 118, 119, 120, 121, 122, 123, 124, 125, 126, 127, 128, 129, 130, 131, 132, 133, 134, 135, 136, 137, 138, 139, 140, 141, 142, 143, 144, 145, 146, 147, 148, 149, 150, 152, 153, 154, 155, 156, 157, 158, 159, 160, 161, 162, 163, 164, 165, 166, 167, 168, 169, 170, 171, 172, 173, 174, 175, 176, 177, 178, 179, 180, 181, 182, 183, 184, 185, 186, 187, 188, 189, 190, 191, 192, 193, 194, 195, 196, 197, 198, 199, 200, 201, 202, 203, 204, 205, 206, 207, 208, 209, 210, 211, 212, 213, 214, 215, 216, 217, 218, 219, 220, 221, 222, 224, 225, 226, 227, 228, 229, 230, 231, 232, 233, 234, 235, 236, 237, 238, 239, 240, 241, 242, 243, 244, 245, 246, 247, 248, 249, 250, 251, 252, 253, 254, 255, 256, 257, 258, 259, 260, 261, 262, 263, 264, 265, 266, 267, 268, 269, 270, 271, 272, 273, 274, 275, 276, 277, 278, 279, 280, 281, 282, 283, 284, 285, 286, 287, 288, 289, 290, 291, 292, 293, 294, 295, 296, 297, 298, 299, 300, 301, 302, 303, 304, 305, 306, 307, 308, 309, 310, 311, 312, 313, 315, 316, 317, 318, 319, 320, 321, 322, 323, 324, 325, 326, 327, 328, 329, 330, 331, 332, 333, 334, 335, 336, 337, 338, 339, 340, 341, 342, 343, 344, 345, 346, 347, 349, 350, 351, 352, 353, 354, 355, 356, 357, 358, 359, 360, 361, 362, 363, 364, 365, 366, 367, 368, 369, 370, 371, 372, 373, 374, 375, 376, 377, 378, 379, 380, 381, 382, 383, 384, 385, 386, 387, 388, 389, 390, 391, 392, 393, 394, 395, 396, 397, 398, 399, 400, 401, 402, 403, 404, 405, 406, 407, 408, 409, 410, 411, 412, 413, 414, 415, 416, 417, 418, 419, 420, 421, 422, 423, 424, 425, 426, 427, 428, 430, 431, 432, 433, 434, 435, 436, 437, 438, 439, 440, 441, 442, 443, 444, 445, 446, 447, 448, 449, 450, 451, 452, 453, 454, 455, 456, 457, 458, 459, 460, 461, 462, 463, 464, 465, 466, 467, 468, 469, 470, 471, 472, 473, 474, 475, 476, 477, 478, 479, 480, 481, 482, 483, 484, 485, 486, 487, 488, 489, 490, 491, 492, 493, 494, 495, 496, 497, 498, 499, 500, 501, 502, 503, 505, 506, 507, 508, 509, 510, 511, 512, 513, 514, 515, 516, 517, 518, 519, 520, 521, 522, 523, 524, 525, 526, 527, 528, 529, 530, 531, 532, 533, 534, 535], "functions": {"_mlem_inner": {"executed_lines": [], "summary": {"covered_lines": 0, "num_statements": 0, "percent_covered": 100.0, "percent_covered_display": "100", "missing_lines": 0, "excluded_lines": 61, "percent_statements_covered": 100.0, "percent_statements_covered_display": "100"}, "missing_lines": [], "excluded_lines": [26, 27, 28, 29, 30, 31, 32, 33, 34, 35, 36, 37, 38, 39, 40, 41, 42, 43, 44, 45, 46, 47, 48, 49, 50, 51, 52, 53, 54, 55, 56, 57, 58, 59, 60, 61, 62, 63, 64, 65, 66, 67, 68, 69, 70, 71, 72, 73, 74, 75, 76, 77, 78, 79, 80, 81, 82, 83, 84, 85, 86], "start_line": 23}, "_kaczmarz_inner": {"executed_lines": [], "summary": {"covered_lines": 0, "num_statements": 0, "percent_covered": 100.0, "percent_covered_display": "100", "missing_lines": 0, "excluded_lines": 59, "percent_statements_covered": 100.0, "percent_statements_covered_display": "100"}, "missing_lines": [], "excluded_lines": [92, 93, 94, 95, 96, 97, 98, 99, 100, 101, 102, 103, 104, 105, 106, 107, 108, 109, 110, 111, 112, 113, 114, 115, 116, 117, 118, 119, 120, 121, 122, 123, 124, 125, 126, 127, 128, 129, 130, 131, 132, 133, 134, 135, 136, 137, 138, 139, 140, 141, 142, 143, 144, 145, 146, 147, 148, 149, 150], "start_line": 89}, "_doroshenko_inner": {"executed_lines": [], "summary": {"covered_lines": 0, "num_statements": 0, "percent_covered": 100.0, "percent_covered_display": "100", "missing_lines": 0, "excluded_lines": 67, "percent_statements_covered": 100.0, "percent_statements_covered_display": "100"}, "missing_lines": [], "excluded_lines": [156, 157, 158, 159, 160, 161, 162, 163, 164, 165, 166, 167, 168, 169, 170, 171, 172, 173, 174, 175, 176, 177, 178, 179, 180, 181, 182, 183, 184, 185, 186, 187, 188, 189, 190, 191, 192, 193, 194, 195, 196, 197, 198, 199, 200, 201, 202, 203, 204, 205, 206, 207, 208, 209, 210, 211, 212, 213, 214, 215, 216, 217, 218, 219, 220, 221, 222], "start_line": 153}, "_gravel_inner": {"executed_lines": [], "summary": {"covered_lines": 0, "num_statements": 0, "percent_covered": 100.0, "percent_covered_display": "100", "missing_lines": 0, "excluded_lines": 86, "percent_statements_covered": 100.0, "percent_statements_covered_display": "100"}, "missing_lines": [], "excluded_lines": [228, 229, 230, 231, 232, 233, 234, 235, 236, 237, 238, 239, 240, 241, 242, 243, 244, 245, 246, 247, 248, 249, 250, 251, 252, 253, 254, 255, 256, 257, 258, 259, 260, 261, 262, 263, 264, 265, 266, 267, 268, 269, 270, 271, 272, 273, 274, 275, 276, 277, 278, 279, 280, 281, 282, 283, 284, 285, 286, 287, 288, 289, 290, 291, 292, 293, 294, 295, 296, 297, 298, 299, 300, 301, 302, 303, 304, 305, 306, 307, 308, 309, 310, 311, 312, 313], "start_line": 225}, "_compute_log_steps_jit": {"executed_lines": [], "summary": {"covered_lines": 0, "num_statements": 0, "percent_covered": 100.0, "percent_covered_display": "100", "missing_lines": 0, "excluded_lines": 31, "percent_statements_covered": 100.0, "percent_statements_covered_display": "100"}, "missing_lines": [], "excluded_lines": [317, 318, 319, 320, 321, 322, 323, 324, 325, 326, 327, 328, 329, 330, 331, 332, 333, 334, 335, 336, 337, 338, 339, 340, 341, 342, 343, 344, 345, 346, 347], "start_line": 316}, "_bayes_inner": {"executed_lines": [], "summary": {"covered_lines": 0, "num_statements": 0, "percent_covered": 100.0, "percent_covered_display": "100", "missing_lines": 0, "excluded_lines": 76, "percent_statements_covered": 100.0, "percent_statements_covered_display": "100"}, "missing_lines": [], "excluded_lines": [353, 354, 355, 356, 357, 358, 359, 360, 361, 362, 363, 364, 365, 366, 367, 368, 369, 370, 371, 372, 373, 374, 375, 376, 377, 378, 379, 380, 381, 382, 383, 384, 385, 386, 387, 388, 389, 390, 391, 392, 393, 394, 395, 396, 397, 398, 399, 400, 401, 402, 403, 404, 405, 406, 407, 408, 409, 410, 411, 412, 413, 414, 415, 416, 417, 418, 419, 420, 421, 422, 423, 424, 425, 426, 427, 428], "start_line": 350}, "_landweber_inner": {"executed_lines": [], "summary": {"covered_lines": 0, "num_statements": 0, "percent_covered": 100.0, "percent_covered_display": "100", "missing_lines": 0, "excluded_lines": 70, "percent_statements_covered": 100.0, "percent_statements_covered_display": "100"}, "missing_lines": [], "excluded_lines": [434, 435, 436, 437, 438, 439, 440, 441, 442, 443, 444, 445, 446, 447, 448, 449, 450, 451, 452, 453, 454, 455, 456, 457, 458, 459, 460, 461, 462, 463, 464, 465, 466, 467, 468, 469, 470, 471, 472, 473, 474, 475, 476, 477, 478, 479, 480, 481, 482, 483, 484, 485, 486, 487, 488, 489, 490, 491, 492, 493, 494, 495, 496, 497, 498, 499, 500, 501, 502, 503], "start_line": 431}, "_dose_weighted_mse_jit": {"executed_lines": [], "summary": {"covered_lines": 0, "num_statements": 0, "percent_covered": 100.0, "percent_covered_display": "100", "missing_lines": 0, "excluded_lines": 29, "percent_statements_covered": 100.0, "percent_statements_covered_display": "100"}, "missing_lines": [], "excluded_lines": [507, 508, 509, 510, 511, 512, 513, 514, 515, 516, 517, 518, 519, 520, 521, 522, 523, 524, 525, 526, 527, 528, 529, 530, 531, 532, 533, 534, 535], "start_line": 506}, "": {"executed_lines": [10, 12, 13, 15, 16, 17, 20, 539, 540, 542, 543, 545, 546, 548, 549, 551, 552, 554, 555, 557, 558, 560, 561], "summary": {"covered_lines": 23, "num_statements": 23, "percent_covered": 100.0, "percent_covered_display": "100", "missing_lines": 0, "excluded_lines": 28, "percent_statements_covered": 100.0, "percent_statements_covered_display": "100"}, "missing_lines": [], "excluded_lines": [22, 23, 24, 25, 88, 89, 90, 91, 152, 153, 154, 155, 224, 225, 226, 227, 315, 316, 349, 350, 351, 352, 430, 431, 432, 433, 505, 506], "start_line": 1}}, "classes": {"": {"executed_lines": [10, 12, 13, 15, 16, 17, 20, 539, 540, 542, 543, 545, 546, 548, 549, 551, 552, 554, 555, 557, 558, 560, 561], "summary": {"covered_lines": 23, "num_statements": 23, "percent_covered": 100.0, "percent_covered_display": "100", "missing_lines": 0, "excluded_lines": 507, "percent_statements_covered": 100.0, "percent_statements_covered_display": "100"}, "missing_lines": [], "excluded_lines": [22, 23, 24, 25, 26, 27, 28, 29, 30, 31, 32, 33, 34, 35, 36, 37, 38, 39, 40, 41, 42, 43, 44, 45, 46, 47, 48, 49, 50, 51, 52, 53, 54, 55, 56, 57, 58, 59, 60, 61, 62, 63, 64, 65, 66, 67, 68, 69, 70, 71, 72, 73, 74, 75, 76, 77, 78, 79, 80, 81, 82, 83, 84, 85, 86, 88, 89, 90, 91, 92, 93, 94, 95, 96, 97, 98, 99, 100, 101, 102, 103, 104, 105, 106, 107, 108, 109, 110, 111, 112, 113, 114, 115, 116, 117, 118, 119, 120, 121, 122, 123, 124, 125, 126, 127, 128, 129, 130, 131, 132, 133, 134, 135, 136, 137, 138, 139, 140, 141, 142, 143, 144, 145, 146, 147, 148, 149, 150, 152, 153, 154, 155, 156, 157, 158, 159, 160, 161, 162, 163, 164, 165, 166, 167, 168, 169, 170, 171, 172, 173, 174, 175, 176, 177, 178, 179, 180, 181, 182, 183, 184, 185, 186, 187, 188, 189, 190, 191, 192, 193, 194, 195, 196, 197, 198, 199, 200, 201, 202, 203, 204, 205, 206, 207, 208, 209, 210, 211, 212, 213, 214, 215, 216, 217, 218, 219, 220, 221, 222, 224, 225, 226, 227, 228, 229, 230, 231, 232, 233, 234, 235, 236, 237, 238, 239, 240, 241, 242, 243, 244, 245, 246, 247, 248, 249, 250, 251, 252, 253, 254, 255, 256, 257, 258, 259, 260, 261, 262, 263, 264, 265, 266, 267, 268, 269, 270, 271, 272, 273, 274, 275, 276, 277, 278, 279, 280, 281, 282, 283, 284, 285, 286, 287, 288, 289, 290, 291, 292, 293, 294, 295, 296, 297, 298, 299, 300, 301, 302, 303, 304, 305, 306, 307, 308, 309, 310, 311, 312, 313, 315, 316, 317, 318, 319, 320, 321, 322, 323, 324, 325, 326, 327, 328, 329, 330, 331, 332, 333, 334, 335, 336, 337, 338, 339, 340, 341, 342, 343, 344, 345, 346, 347, 349, 350, 351, 352, 353, 354, 355, 356, 357, 358, 359, 360, 361, 362, 363, 364, 365, 366, 367, 368, 369, 370, 371, 372, 373, 374, 375, 376, 377, 378, 379, 380, 381, 382, 383, 384, 385, 386, 387, 388, 389, 390, 391, 392, 393, 394, 395, 396, 397, 398, 399, 400, 401, 402, 403, 404, 405, 406, 407, 408, 409, 410, 411, 412, 413, 414, 415, 416, 417, 418, 419, 420, 421, 422, 423, 424, 425, 426, 427, 428, 430, 431, 432, 433, 434, 435, 436, 437, 438, 439, 440, 441, 442, 443, 444, 445, 446, 447, 448, 449, 450, 451, 452, 453, 454, 455, 456, 457, 458, 459, 460, 461, 462, 463, 464, 465, 466, 467, 468, 469, 470, 471, 472, 473, 474, 475, 476, 477, 478, 479, 480, 481, 482, 483, 484, 485, 486, 487, 488, 489, 490, 491, 492, 493, 494, 495, 496, 497, 498, 499, 500, 501, 502, 503, 505, 506, 507, 508, 509, 510, 511, 512, 513, 514, 515, 516, 517, 518, 519, 520, 521, 522, 523, 524, 525, 526, 527, 528, 529, 530, 531, 532, 533, 534, 535], "start_line": 1}}}, "src/bssunfold/core/_parametric_shared.py": {"executed_lines": [9, 10, 12, 15, 18, 19, 21, 23, 26, 33, 34, 35, 36, 37, 46, 64, 65, 66, 67, 70, 71, 72, 75, 76, 77, 79, 82, 90], "summary": {"covered_lines": 28, "num_statements": 28, "percent_covered": 100.0, "percent_covered_display": "100", "missing_lines": 0, "excluded_lines": 0, "percent_statements_covered": 100.0, "percent_statements_covered_display": "100"}, "missing_lines": [], "excluded_lines": [], "functions": {"_check_fit_quality": {"executed_lines": [33, 34, 35, 36, 37], "summary": {"covered_lines": 5, "num_statements": 5, "percent_covered": 100.0, "percent_covered_display": "100", "missing_lines": 0, "excluded_lines": 0, "percent_statements_covered": 100.0, "percent_statements_covered_display": "100"}, "missing_lines": [], "excluded_lines": [], "start_line": 26}, "_clean_edge_bins": {"executed_lines": [64, 65, 66, 67, 70, 71, 72, 75, 76, 77, 79], "summary": {"covered_lines": 11, "num_statements": 11, "percent_covered": 100.0, "percent_covered_display": "100", "missing_lines": 0, "excluded_lines": 0, "percent_statements_covered": 100.0, "percent_statements_covered_display": "100"}, "missing_lines": [], "excluded_lines": [], "start_line": 46}, "_build_measurement_uncertainties": {"executed_lines": [90], "summary": {"covered_lines": 1, "num_statements": 1, "percent_covered": 100.0, "percent_covered_display": "100", "missing_lines": 0, "excluded_lines": 0, "percent_statements_covered": 100.0, "percent_statements_covered_display": "100"}, "missing_lines": [], "excluded_lines": [], "start_line": 82}, "": {"executed_lines": [9, 10, 12, 15, 18, 19, 21, 23, 26, 46, 82], "summary": {"covered_lines": 11, "num_statements": 11, "percent_covered": 100.0, "percent_covered_display": "100", "missing_lines": 0, "excluded_lines": 0, "percent_statements_covered": 100.0, "percent_statements_covered_display": "100"}, "missing_lines": [], "excluded_lines": [], "start_line": 1}}, "classes": {"": {"executed_lines": [9, 10, 12, 15, 18, 19, 21, 23, 26, 33, 34, 35, 36, 37, 46, 64, 65, 66, 67, 70, 71, 72, 75, 76, 77, 79, 82, 90], "summary": {"covered_lines": 28, "num_statements": 28, "percent_covered": 100.0, "percent_covered_display": "100", "missing_lines": 0, "excluded_lines": 0, "percent_statements_covered": 100.0, "percent_statements_covered_display": "100"}, "missing_lines": [], "excluded_lines": [], "start_line": 1}}}, "src/bssunfold/core/_solver_backends.py": {"executed_lines": [8, 18, 19, 21, 22, 23, 24, 27, 29, 30, 32, 33, 34, 36, 37, 38, 39, 40, 43, 45, 46, 47, 48, 50, 51, 52, 53, 54, 55, 56], "summary": {"covered_lines": 30, "num_statements": 30, "percent_covered": 100.0, "percent_covered_display": "100", "missing_lines": 0, "excluded_lines": 0, "percent_statements_covered": 100.0, "percent_statements_covered_display": "100"}, "missing_lines": [], "excluded_lines": [], "functions": {"_parse_solver_backend": {"executed_lines": [18, 19, 21, 22, 23, 24], "summary": {"covered_lines": 6, "num_statements": 6, "percent_covered": 100.0, "percent_covered_display": "100", "missing_lines": 0, "excluded_lines": 0, "percent_statements_covered": 100.0, "percent_statements_covered_display": "100"}, "missing_lines": [], "excluded_lines": [], "start_line": 8}, "_resolve_cvxpy_solvers": {"executed_lines": [29, 30, 32, 33, 34, 36, 37, 38, 39, 40], "summary": {"covered_lines": 10, "num_statements": 10, "percent_covered": 100.0, "percent_covered_display": "100", "missing_lines": 0, "excluded_lines": 0, "percent_statements_covered": 100.0, "percent_statements_covered_display": "100"}, "missing_lines": [], "excluded_lines": [], "start_line": 27}, "_resolve_qpsolver_name": {"executed_lines": [45, 46, 47, 48, 50, 51, 52, 53, 54, 55, 56], "summary": {"covered_lines": 11, "num_statements": 11, "percent_covered": 100.0, "percent_covered_display": "100", "missing_lines": 0, "excluded_lines": 0, "percent_statements_covered": 100.0, "percent_statements_covered_display": "100"}, "missing_lines": [], "excluded_lines": [], "start_line": 43}, "": {"executed_lines": [8, 27, 43], "summary": {"covered_lines": 3, "num_statements": 3, "percent_covered": 100.0, "percent_covered_display": "100", "missing_lines": 0, "excluded_lines": 0, "percent_statements_covered": 100.0, "percent_statements_covered_display": "100"}, "missing_lines": [], "excluded_lines": [], "start_line": 1}}, "classes": {"": {"executed_lines": [8, 18, 19, 21, 22, 23, 24, 27, 29, 30, 32, 33, 34, 36, 37, 38, 39, 40, 43, 45, 46, 47, 48, 50, 51, 52, 53, 54, 55, 56], "summary": {"covered_lines": 30, "num_statements": 30, "percent_covered": 100.0, "percent_covered_display": "100", "missing_lines": 0, "excluded_lines": 0, "percent_statements_covered": 100.0, "percent_statements_covered_display": "100"}, "missing_lines": [], "excluded_lines": [], "start_line": 1}}}, "src/bssunfold/core/detector.py": {"executed_lines": [7, 8, 10, 11, 13, 14, 15, 16, 17, 18, 19, 24, 27, 30, 31, 34, 35, 38, 41, 42, 43, 44, 47, 50, 51, 52, 53, 54, 55, 56, 57, 58, 59, 60, 61, 62, 63, 64, 65, 66, 69, 70, 73, 76, 79, 80, 81, 82, 83, 84, 85, 86, 87, 88, 89, 90, 91, 92, 93, 96, 99, 100, 101, 102, 103, 104, 105, 106, 107, 108, 109, 112, 113, 114, 117, 118, 119, 121, 123, 126, 182, 213, 216, 221, 222, 226, 227, 228, 229, 231, 232, 233, 234, 236, 240, 241, 244, 245, 247, 255, 256, 259, 260, 261, 262, 265, 266, 267, 268, 269, 270, 274, 275, 276, 277, 278, 281, 282, 286, 289, 290, 291, 292, 293, 296, 301, 303, 308, 310, 311, 324, 326, 327, 330, 334, 338, 339, 341, 343, 344, 346, 348, 373, 374, 376, 384, 386, 390, 392, 396, 397, 398, 401, 403, 413, 414, 415, 417, 432, 433, 435, 439, 440, 441, 443, 444, 446, 447, 449, 450, 451, 454, 455, 457, 459, 460, 462, 464, 466, 467, 468, 470, 471, 472, 473, 475, 476, 478, 480, 481, 482, 484, 486, 488, 490, 491, 492, 494, 499, 500, 502, 503, 504, 508, 510, 511, 512, 513, 515, 518, 519, 520, 521, 522, 524, 529, 533, 534, 536, 537, 539, 541, 563, 564, 570, 619, 640, 680, 698, 738, 756, 812, 835, 901, 926, 1008, 1037, 1146, 1181, 1229, 1248, 1311, 1335, 1399, 1423, 1493, 1519, 1567, 1586, 1654, 1679, 1721, 1739, 1754, 1774, 1790, 1811, 1827, 1848, 1865, 1887, 1902, 1922, 1939, 1961, 1977, 1998, 2046, 2065, 2147, 2175, 2200, 2213, 2233, 2244, 2261, 2273, 2348, 2374, 2416, 2419, 2432, 2440, 2444, 2446, 2450, 2451, 2452, 2453, 2455, 2460, 2461, 2463, 2465, 2469, 2470, 2471, 2472, 2474, 2476, 2477, 2479, 2481, 2487, 2488, 2489, 2490, 2491, 2492, 2494, 2496, 2497, 2499, 2500, 2501, 2502, 2507, 2516, 2517, 2518, 2519, 2520, 2523, 2529, 2531, 2574, 2593, 2636, 2655, 2698, 2717, 2760, 2779, 2819, 2837, 2877, 2895, 2942, 2962, 3012, 3033, 3076, 3095, 3139, 3158, 3211, 3230, 3287, 3307, 3365, 3385, 3451, 3474, 3523, 3543, 3586, 3605, 3648, 3667, 3723, 3744, 3792, 3811, 3875, 3897, 3987, 4012, 4148, 4164, 4165, 4167, 4169, 4213, 4232, 4287, 4309, 4373, 4398, 4441, 4460, 4528, 4553, 4605, 4625, 4674, 4694, 4751, 4772, 4816, 4834, 4883, 4903, 4952, 4972, 5044, 5068, 5144, 5170, 5179, 5181, 5183, 5184, 5186, 5187, 5188, 5189, 5190, 5191, 5193, 5195, 5196, 5197, 5199, 5229, 5230, 5231, 5232, 5233, 5235, 5247, 5272, 5273, 5274, 5278, 5306, 5307, 5308, 5317, 5385, 5387, 5388, 5389, 5390, 5402, 5403, 5404, 5405, 5407, 5408, 5409, 5411, 5412, 5415, 5416, 5417, 5418, 5420, 5424, 5425, 5426, 5429, 5430, 5433, 5434, 5437, 5438, 5439, 5442, 5444, 5448, 5449, 5451, 5452, 5453, 5454, 5460, 5461, 5462, 5464, 5465, 5466, 5471, 5472, 5473, 5478, 5479, 5482, 5483, 5494, 5495, 5496, 5497, 5498, 5508, 5509, 5512, 5513, 5514, 5515, 5517, 5520, 5521, 5522, 5529, 5530, 5531, 5532, 5533, 5534, 5537, 5538, 5539, 5541, 5542, 5544, 5545, 5546, 5547, 5548, 5549, 5552, 5553, 5554, 5557, 5558, 5559, 5560, 5569, 5571, 5572, 5573, 5575, 5576, 5577], "summary": {"covered_lines": 524, "num_statements": 525, "percent_covered": 99.80952380952381, "percent_covered_display": "99", "missing_lines": 1, "excluded_lines": 6, "percent_statements_covered": 99.80952380952381, "percent_statements_covered_display": "99"}, "missing_lines": [2482], "excluded_lines": [317, 318, 319, 320, 321, 322], "functions": {"Detector.__init__": {"executed_lines": [213, 216, 221, 222, 226, 227, 228, 229, 231, 232, 233, 234, 236, 240, 241, 244, 245], "summary": {"covered_lines": 17, "num_statements": 17, "percent_covered": 100.0, "percent_covered_display": "100", "missing_lines": 0, "excluded_lines": 0, "percent_statements_covered": 100.0, "percent_statements_covered_display": "100"}, "missing_lines": [], "excluded_lines": [], "start_line": 182}, "Detector._process_input": {"executed_lines": [255, 256, 259, 260, 261, 262, 265, 266, 267, 268, 269, 270, 274, 275, 276, 277, 278, 281, 282, 286, 289, 290, 291, 292, 293, 296, 301, 303], "summary": {"covered_lines": 28, "num_statements": 28, "percent_covered": 100.0, "percent_covered_display": "100", "missing_lines": 0, "excluded_lines": 0, "percent_statements_covered": 100.0, "percent_statements_covered_display": "100"}, "missing_lines": [], "excluded_lines": [], "start_line": 247}, "Detector.__str__": {"executed_lines": [310, 311], "summary": {"covered_lines": 2, "num_statements": 2, "percent_covered": 100.0, "percent_covered_display": "100", "missing_lines": 0, "excluded_lines": 0, "percent_statements_covered": 100.0, "percent_statements_covered_display": "100"}, "missing_lines": [], "excluded_lines": [], "start_line": 308}, "Detector.__repr__": {"executed_lines": [], "summary": {"covered_lines": 0, "num_statements": 0, "percent_covered": 100.0, "percent_covered_display": "100", "missing_lines": 0, "excluded_lines": 5, "percent_statements_covered": 100.0, "percent_statements_covered_display": "100"}, "missing_lines": [], "excluded_lines": [318, 319, 320, 321, 322], "start_line": 317}, "Detector.__getattr__": {"executed_lines": [326, 327, 330, 334], "summary": {"covered_lines": 4, "num_statements": 4, "percent_covered": 100.0, "percent_covered_display": "100", "missing_lines": 0, "excluded_lines": 0, "percent_statements_covered": 100.0, "percent_statements_covered_display": "100"}, "missing_lines": [], "excluded_lines": [], "start_line": 324}, "Detector.n_detectors": {"executed_lines": [341], "summary": {"covered_lines": 1, "num_statements": 1, "percent_covered": 100.0, "percent_covered_display": "100", "missing_lines": 0, "excluded_lines": 0, "percent_statements_covered": 100.0, "percent_statements_covered_display": "100"}, "missing_lines": [], "excluded_lines": [], "start_line": 339}, "Detector.n_energy_bins": {"executed_lines": [346], "summary": {"covered_lines": 1, "num_statements": 1, "percent_covered": 100.0, "percent_covered_display": "100", "missing_lines": 0, "excluded_lines": 0, "percent_statements_covered": 100.0, "percent_statements_covered_display": "100"}, "missing_lines": [], "excluded_lines": [], "start_line": 344}, "Detector.set_dose_coefficients": {"executed_lines": [373, 374], "summary": {"covered_lines": 2, "num_statements": 2, "percent_covered": 100.0, "percent_covered_display": "100", "missing_lines": 0, "excluded_lines": 0, "percent_statements_covered": 100.0, "percent_statements_covered_display": "100"}, "missing_lines": [], "excluded_lines": [], "start_line": 348}, "Detector._get_interpolated_cc": {"executed_lines": [384], "summary": {"covered_lines": 1, "num_statements": 1, "percent_covered": 100.0, "percent_covered_display": "100", "missing_lines": 0, "excluded_lines": 0, "percent_statements_covered": 100.0, "percent_statements_covered_display": "100"}, "missing_lines": [], "excluded_lines": [], "start_line": 376}, "Detector._validate_readings": {"executed_lines": [390], "summary": {"covered_lines": 1, "num_statements": 1, "percent_covered": 100.0, "percent_covered_display": "100", "missing_lines": 0, "excluded_lines": 0, "percent_statements_covered": 100.0, "percent_statements_covered_display": "100"}, "missing_lines": [], "excluded_lines": [], "start_line": 386}, "Detector._build_system": {"executed_lines": [396, 397, 398, 401], "summary": {"covered_lines": 4, "num_statements": 4, "percent_covered": 100.0, "percent_covered_display": "100", "missing_lines": 0, "excluded_lines": 0, "percent_statements_covered": 100.0, "percent_statements_covered_display": "100"}, "missing_lines": [], "excluded_lines": [], "start_line": 392}, "Detector._standardize_output": {"executed_lines": [413, 414, 415, 417, 432, 433], "summary": {"covered_lines": 6, "num_statements": 6, "percent_covered": 100.0, "percent_covered_display": "100", "missing_lines": 0, "excluded_lines": 0, "percent_statements_covered": 100.0, "percent_statements_covered_display": "100"}, "missing_lines": [], "excluded_lines": [], "start_line": 403}, "Detector._convert_rf_to_matrix_variable_step": {"executed_lines": [439, 440, 441, 443, 444, 446, 447, 449, 450, 451, 454, 455, 457, 459, 460, 462], "summary": {"covered_lines": 16, "num_statements": 16, "percent_covered": 100.0, "pe
[...]
317, 322, 324, 325, 326, 327, 328, 329, 330, 331, 334, 336, 337, 340, 342, 343, 349, 357, 358, 359, 360, 361, 362, 368, 373, 374, 375, 376, 377, 378, 379, 380, 383, 395, 396, 398, 399, 400, 401, 402, 403, 404, 405, 406, 407, 413, 418, 420, 421, 422, 425, 427, 429, 430, 431, 434, 436, 438, 439, 440, 443, 445, 447, 448, 449, 455, 460, 462, 463, 464, 465, 466, 475, 480, 482, 483, 484, 485, 486, 487, 490, 492, 494, 497, 502, 503, 504, 505, 506, 507, 508, 514, 531, 532, 533, 534, 535, 536, 537, 539, 540, 541, 542, 543, 546, 569, 570, 571, 572, 573, 574, 576, 577, 578, 580, 581, 586, 587, 588, 589, 590, 591, 592, 594, 595, 598, 615, 616, 617, 618, 619, 620, 622, 623, 625, 626, 628, 629, 630, 633, 642, 643, 644, 645, 646, 647, 649, 650, 652, 653, 654, 657, 667, 668, 669, 670, 671, 672, 674, 675, 677, 678, 680, 681, 683, 684, 685, 691, 701, 702, 703, 704, 705, 706, 707, 708, 711, 734, 735, 736, 737, 739, 740, 741, 743, 744, 749, 750, 751, 752, 753, 756, 769, 770, 771, 772, 774, 775, 777, 778, 779, 780, 783, 796, 797, 798, 799, 801, 802, 803, 809, 817, 818, 819, 820, 821, 822, 823, 824, 825, 826, 827, 828, 830, 833, 842, 843, 844, 845, 846, 847, 849, 850, 851, 853, 854, 855, 857, 860, 870, 871, 872, 873, 874, 875, 877, 878, 879, 880, 882, 883, 884, 887, 896, 897, 898, 899, 900, 901, 903, 904, 905, 906, 907, 908, 909, 910, 911, 912, 914, 915, 917, 918, 919, 922, 932, 933, 934, 935, 936, 937, 939, 940, 942, 943, 945, 946, 947, 948, 950, 951, 952, 954, 955, 958, 968, 969, 970, 971, 973, 974, 975, 976, 977, 978, 983, 1027, 1058, 1074, 1082, 1119, 1121, 1122, 1123, 1125, 1126, 1127, 1128, 1129, 1130, 1131, 1132, 1133, 1134, 1135, 1136, 1137, 1138, 1139, 1140, 1141, 1143, 1144, 1146, 1147, 1150, 1151, 1158, 1159, 1160, 1162, 1163, 1164, 1165, 1166, 1167, 1168, 1170, 1171, 1172, 1173, 1174, 1175, 1176, 1177, 1178, 1179, 1180, 1181, 1184, 1185, 1186, 1191, 1192, 1193, 1194, 1197, 1203, 1204, 1205, 1206, 1208, 1209, 1210, 1211, 1212, 1215, 1219, 1220, 1221, 1222, 1223, 1224, 1225, 1226, 1227, 1228, 1231, 1232, 1236, 1237, 1238, 1239, 1240, 1241, 1243, 1246, 1267, 1268, 1269, 1270, 1271, 1272, 1273, 1275, 1276, 1277, 1278, 1279, 1280, 1294, 1307, 1387, 1388, 1407, 1408, 1409, 1410, 1413, 1415, 1416, 1417, 1424, 1425, 1426, 1427, 1432, 1434, 1435, 1436, 1437, 1438, 1439, 1440, 1441, 1445, 1446, 1449, 1450, 1451, 1452, 1453, 1457, 1458, 1459, 1465, 1512, 1514, 1515, 1516, 1517, 1521, 1522, 1523, 1524, 1525, 1527, 1528, 1530, 1531, 1532, 1533, 1534, 1535, 1536, 1544, 1545, 1546, 1547, 1548, 1549, 1550, 1551, 1552, 1553, 1554, 1555, 1556, 1557, 1558, 1560, 1562, 1563, 1564, 1565, 1567, 1572, 1574, 1575, 1580, 1581, 1582, 1583, 1584, 1585, 1588, 1595, 1596, 1597, 1598, 1601, 1609, 1610, 1611, 1612, 1613, 1614, 1615, 1616, 1618, 1619, 1620, 1622, 1623, 1624, 1626, 1629, 1630, 1631, 1633, 1634, 1635, 1636, 1637, 1639, 1640, 1641, 1642, 1643, 1644, 1645, 1646], "summary": {"covered_lines": 650, "num_statements": 653, "percent_covered": 99.5405819295559, "percent_covered_display": "99", "missing_lines": 3, "excluded_lines": 0, "percent_statements_covered": 99.5405819295559, "percent_statements_covered_display": "99"}, "missing_lines": [829, 953, 1513], "excluded_lines": [], "start_line": 1}}}, "src/bssunfold/utils/converters.py": {"executed_lines": [7, 8, 10, 11, 13, 22, 49, 50, 52, 53, 54, 55, 57, 60, 75, 76, 81, 82, 84, 87, 114, 115, 116, 118, 119, 121, 122, 123, 124, 125, 129, 131, 133, 134, 135, 138, 139, 144, 145, 147, 149, 154, 172, 173, 175, 176, 178, 181, 205, 206, 207, 208, 209], "summary": {"covered_lines": 53, "num_statements": 53, "percent_covered": 100.0, "percent_covered_display": "100", "missing_lines": 0, "excluded_lines": 0, "percent_statements_covered": 100.0, "percent_statements_covered_display": "100"}, "missing_lines": [], "excluded_lines": [], "functions": {"convert_to_dataframe": {"executed_lines": [49, 50, 52, 53, 54, 55, 57], "summary": {"covered_lines": 7, "num_statements": 7, "percent_covered": 100.0, "percent_covered_display": "100", "missing_lines": 0, "excluded_lines": 0, "percent_statements_covered": 100.0, "percent_statements_covered_display": "100"}, "missing_lines": [], "excluded_lines": [], "start_line": 22}, "convert_to_dict": {"executed_lines": [75, 76, 81, 82, 84], "summary": {"covered_lines": 5, "num_statements": 5, "percent_covered": 100.0, "percent_covered_display": "100", "missing_lines": 0, "excluded_lines": 0, "percent_statements_covered": 100.0, "percent_statements_covered_display": "100"}, "missing_lines": [], "excluded_lines": [], "start_line": 60}, "convert_sensitivities_to_matrix": {"executed_lines": [114, 115, 116, 118, 119, 121, 122, 123, 124, 125, 129, 131, 133, 134, 135, 138, 139, 144, 145, 147, 149], "summary": {"covered_lines": 21, "num_statements": 21, "percent_covered": 100.0, "percent_covered_display": "100", "missing_lines": 0, "excluded_lines": 0, "percent_statements_covered": 100.0, "percent_statements_covered_display": "100"}, "missing_lines": [], "excluded_lines": [], "start_line": 87}, "extract_detector_names": {"executed_lines": [172, 173, 175, 176, 178], "summary": {"covered_lines": 5, "num_statements": 5, "percent_covered": 100.0, "percent_covered_display": "100", "missing_lines": 0, "excluded_lines": 0, "percent_statements_covered": 100.0, "percent_statements_covered_display": "100"}, "missing_lines": [], "excluded_lines": [], "start_line": 154}, "round_to_sigfig": {"executed_lines": [205, 206, 207, 208, 209], "summary": {"covered_lines": 5, "num_statements": 5, "percent_covered": 100.0, "percent_covered_display": "100", "missing_lines": 0, "excluded_lines": 0, "percent_statements_covered": 100.0, "percent_statements_covered_display": "100"}, "missing_lines": [], "excluded_lines": [], "start_line": 181}, "": {"executed_lines": [7, 8, 10, 11, 13, 22, 60, 87, 154, 181], "summary": {"covered_lines": 10, "num_statements": 10, "percent_covered": 100.0, "percent_covered_display": "100", "missing_lines": 0, "excluded_lines": 0, "percent_statements_covered": 100.0, "percent_statements_covered_display": "100"}, "missing_lines": [], "excluded_lines": [], "start_line": 1}}, "classes": {"": {"executed_lines": [7, 8, 10, 11, 13, 22, 49, 50, 52, 53, 54, 55, 57, 60, 75, 76, 81, 82, 84, 87, 114, 115, 116, 118, 119, 121, 122, 123, 124, 125, 129, 131, 133, 134, 135, 138, 139, 144, 145, 147, 149, 154, 172, 173, 175, 176, 178, 181, 205, 206, 207, 208, 209], "summary": {"covered_lines": 53, "num_statements": 53, "percent_covered": 100.0, "percent_covered_display": "100", "missing_lines": 0, "excluded_lines": 0, "percent_statements_covered": 100.0, "percent_statements_covered_display": "100"}, "missing_lines": [], "excluded_lines": [], "start_line": 1}}}, "src/bssunfold/utils/interpolation.py": {"executed_lines": [7, 9, 10, 11, 13, 20, 47, 48, 49, 50, 51, 54, 84, 85, 86, 89, 92, 95, 100, 127, 128, 129, 130, 132, 135, 136, 137, 139, 140, 143, 144, 147, 148, 151, 154, 155, 156, 157, 160, 162, 165, 192, 193, 195, 196, 197, 198, 201, 202, 203, 204, 207, 209], "summary": {"covered_lines": 53, "num_statements": 53, "percent_covered": 100.0, "percent_covered_display": "100", "missing_lines": 0, "excluded_lines": 0, "percent_statements_covered": 100.0, "percent_statements_covered_display": "100"}, "missing_lines": [], "excluded_lines": [], "functions": {"_handle_extrapolation": {"executed_lines": [47, 48, 49, 50, 51], "summary": {"covered_lines": 5, "num_statements": 5, "percent_covered": 100.0, "percent_covered_display": "100", "missing_lines": 0, "excluded_lines": 0, "percent_statements_covered": 100.0, "percent_statements_covered_display": "100"}, "missing_lines": [], "excluded_lines": [], "start_line": 20}, "interpolate_spectrum": {"executed_lines": [84, 85, 86, 89, 92, 95], "summary": {"covered_lines": 6, "num_statements": 6, "percent_covered": 100.0, "percent_covered_display": "100", "missing_lines": 0, "excluded_lines": 0, "percent_statements_covered": 100.0, "percent_statements_covered_display": "100"}, "missing_lines": [], "excluded_lines": [], "start_line": 54}, "discretize_spectra": {"executed_lines": [127, 128, 129, 130, 132, 135, 136, 137, 139, 140, 143, 144, 147, 148, 151, 154, 155, 156, 157, 160, 162], "summary": {"covered_lines": 21, "num_statements": 21, "percent_covered": 100.0, "percent_covered_display": "100", "missing_lines": 0, "excluded_lines": 0, "percent_statements_covered": 100.0, "percent_statements_covered_display": "100"}, "missing_lines": [], "excluded_lines": [], "start_line": 100}, "resample_to_log_grid": {"executed_lines": [192, 193, 195, 196, 197, 198, 201, 202, 203, 204, 207, 209], "summary": {"covered_lines": 12, "num_statements": 12, "percent_covered": 100.0, "percent_covered_display": "100", "missing_lines": 0, "excluded_lines": 0, "percent_statements_covered": 100.0, "percent_statements_covered_display": "100"}, "missing_lines": [], "excluded_lines": [], "start_line": 165}, "": {"executed_lines": [7, 9, 10, 11, 13, 20, 54, 100, 165], "summary": {"covered_lines": 9, "num_statements": 9, "percent_covered": 100.0, "percent_covered_display": "100", "missing_lines": 0, "excluded_lines": 0, "percent_statements_covered": 100.0, "percent_statements_covered_display": "100"}, "missing_lines": [], "excluded_lines": [], "start_line": 1}}, "classes": {"": {"executed_lines": [7, 9, 10, 11, 13, 20, 47, 48, 49, 50, 51, 54, 84, 85, 86, 89, 92, 95, 100, 127, 128, 129, 130, 132, 135, 136, 137, 139, 140, 143, 144, 147, 148, 151, 154, 155, 156, 157, 160, 162, 165, 192, 193, 195, 196, 197, 198, 201, 202, 203, 204, 207, 209], "summary": {"covered_lines": 53, "num_statements": 53, "percent_covered": 100.0, "percent_covered_display": "100", "missing_lines": 0, "excluded_lines": 0, "percent_statements_covered": 100.0, "percent_statements_covered_display": "100"}, "missing_lines": [], "excluded_lines": [], "start_line": 1}}}, "src/bssunfold/utils/plotting.py": {"executed_lines": [7, 9, 10, 12, 21, 60, 61, 63, 65, 67, 68, 70, 71, 72, 73, 75, 77, 78, 80, 81, 83, 84, 86, 89, 122, 123, 125, 127, 128, 130, 131, 133, 134, 136, 137, 138, 140, 141, 143, 144, 146, 149, 194, 195, 197, 200, 201, 202, 203, 205, 206, 207, 208, 209, 210, 211, 220, 225, 234, 236, 237, 238, 239, 240, 241, 242, 253, 265, 267, 268, 269, 270, 271, 273, 274, 276, 277, 279, 282, 312, 313, 315, 317, 318, 320, 321, 323, 325, 326, 328, 329, 330, 331, 332, 333, 335, 336, 338, 339, 341, 344, 385, 386, 387, 388, 389, 390, 392, 394, 397, 398, 410, 411, 412, 413, 415, 416, 417, 418, 419, 420, 421, 430, 431, 432, 433, 439, 440, 443, 444, 445, 446, 447, 452, 453, 454, 455, 457, 458, 459, 468, 469, 470, 471, 472, 478, 480, 482, 483, 485, 486, 488], "summary": {"covered_lines": 152, "num_statements": 152, "percent_covered": 100.0, "percent_covered_display": "100", "missing_lines": 0, "excluded_lines": 0, "percent_statements_covered": 100.0, "percent_statements_covered_display": "100"}, "missing_lines": [], "excluded_lines": [], "functions": {"plot_spectrum": {"executed_lines": [60, 61, 63, 65, 67, 68, 70, 71, 72, 73, 75, 77, 78, 80, 81, 83, 84, 86], "summary": {"covered_lines": 18, "num_statements": 18, "percent_covered": 100.0, "percent_covered_display": "100", "missing_lines": 0, "excluded_lines": 0, "percent_statements_covered": 100.0, "percent_statements_covered_display": "100"}, "missing_lines": [], "excluded_lines": [], "start_line": 21}, "plot_response_functions": {"executed_lines": [122, 123, 125, 127, 128, 130, 131, 133, 134, 136, 137, 138, 140, 141, 143, 144, 146], "summary": {"covered_lines": 17, "num_statements": 17, "percent_covered": 100.0, "percent_covered_display": "100", "missing_lines": 0, "excluded_lines": 0, "percent_statements_covered": 100.0, "percent_statements_covered_display": "100"}, "missing_lines": [], "excluded_lines": [], "start_line": 89}, "plot_with_uncertainty": {"executed_lines": [194, 195, 197, 200, 201, 202, 203, 205, 206, 207, 208, 209, 210, 211, 220, 225, 234, 236, 237, 238, 239, 240, 241, 242, 253, 265, 267, 268, 269, 270, 271, 273, 274, 276, 277, 279], "summary": {"covered_lines": 36, "num_statements": 36, "percent_covered": 100.0, "percent_covered_display": "100", "missing_lines": 0, "excluded_lines": 0, "percent_statements_covered": 100.0, "percent_statements_covered_display": "100"}, "missing_lines": [], "excluded_lines": [], "start_line": 149}, "plot_residuals": {"executed_lines": [312, 313, 315, 317, 318, 320, 321, 323, 325, 326, 328, 329, 330, 331, 332, 333, 335, 336, 338, 339, 341], "summary": {"covered_lines": 21, "num_statements": 21, "percent_covered": 100.0, "percent_covered_display": "100", "missing_lines": 0, "excluded_lines": 0, "percent_statements_covered": 100.0, "percent_statements_covered_display": "100"}, "missing_lines": [], "excluded_lines": [], "start_line": 282}, "plot_comparison": {"executed_lines": [385, 386, 387, 388, 389, 390, 392, 394, 397, 398, 410, 411, 412, 413, 415, 416, 417, 418, 419, 420, 421, 430, 431, 432, 433, 439, 440, 443, 444, 445, 446, 447, 452, 453, 454, 455, 457, 458, 459, 468, 469, 470, 471, 472, 478, 480, 482, 483, 485, 486, 488], "summary": {"covered_lines": 51, "num_statements": 51, "percent_covered": 100.0, "percent_covered_display": "100", "missing_lines": 0, "excluded_lines": 0, "percent_statements_covered": 100.0, "percent_statements_covered_display": "100"}, "missing_lines": [], "excluded_lines": [], "start_line": 344}, "": {"executed_lines": [7, 9, 10, 12, 21, 89, 149, 282, 344], "summary": {"covered_lines": 9, "num_statements": 9, "percent_covered": 100.0, "percent_covered_display": "100", "missing_lines": 0, "excluded_lines": 0, "percent_statements_covered": 100.0, "percent_statements_covered_display": "100"}, "missing_lines": [], "excluded_lines": [], "start_line": 1}}, "classes": {"": {"executed_lines": [7, 9, 10, 12, 21, 60, 61, 63, 65, 67, 68, 70, 71, 72, 73, 75, 77, 78, 80, 81, 83, 84, 86, 89, 122, 123, 125, 127, 128, 130, 131, 133, 134, 136, 137, 138, 140, 141, 143, 144, 146, 149, 194, 195, 197, 200, 201, 202, 203, 205, 206, 207, 208, 209, 210, 211, 220, 225, 234, 236, 237, 238, 239, 240, 241, 242, 253, 265, 267, 268, 269, 270, 271, 273, 274, 276, 277, 279, 282, 312, 313, 315, 317, 318, 320, 321, 323, 325, 326, 328, 329, 330, 331, 332, 333, 335, 336, 338, 339, 341, 344, 385, 386, 387, 388, 389, 390, 392, 394, 397, 398, 410, 411, 412, 413, 415, 416, 417, 418, 419, 420, 421, 430, 431, 432, 433, 439, 440, 443, 444, 445, 446, 447, 452, 453, 454, 455, 457, 458, 459, 468, 469, 470, 471, 472, 478, 480, 482, 483, 485, 486, 488], "summary": {"covered_lines": 152, "num_statements": 152, "percent_covered": 100.0, "percent_covered_display": "100", "missing_lines": 0, "excluded_lines": 0, "percent_statements_covered": 100.0, "percent_statements_covered_display": "100"}, "missing_lines": [], "excluded_lines": [], "start_line": 1}}}, "src/bssunfold/utils/validators.py": {"executed_lines": [7, 8, 10, 12, 22, 50, 51, 53, 54, 55, 56, 57, 58, 59, 60, 61, 62, 63, 64, 67, 69, 70, 75, 78, 107, 109, 110, 112, 113, 118, 119, 121, 122, 124, 125, 129, 130, 134, 137, 163, 165, 166, 168, 169, 174, 175, 176, 178, 179, 180, 182, 183, 184, 189, 192, 218, 219, 221, 222, 224, 225, 227, 228, 230, 231, 236, 237, 239, 240, 242, 243, 244, 245, 250, 253, 289, 290, 292, 293, 296, 297, 298, 302, 303, 304, 305, 310, 311, 312, 316, 317, 322, 323, 324, 329, 330, 331, 334, 335, 339, 342, 379, 380, 384, 385, 388, 389, 390, 394, 397, 401, 402, 406, 407, 410, 411, 412, 416, 417, 421, 422, 423, 427, 428, 433], "summary": {"covered_lines": 125, "num_statements": 128, "percent_covered": 97.65625, "percent_covered_display": "98", "missing_lines": 3, "excluded_lines": 0, "percent_statements_covered": 97.65625, "percent_statements_covered_display": "98"}, "missing_lines": [299, 313, 431], "excluded_lines": [], "functions": {"validate_readings": {"executed_lines": [50, 51, 53, 54, 55, 56, 57, 58, 59, 60, 61, 62, 63, 64, 67, 69, 70, 75], "summary": {"covered_lines": 18, "num_statements": 18, "percent_covered": 100.0, "percent_covered_display": "100", "missing_lines": 0, "excluded_lines": 0, "percent_statements_covered": 100.0, "percent_statements_covered_display": "100"}, "missing_lines": [], "excluded_lines": [], "start_line": 22}, "validate_energy_grid": {"executed_lines": [107, 109, 110, 112, 113, 118, 119, 121, 122, 124, 125, 129, 130, 134], "summary": {"covered_lines": 14, "num_statements": 14, "percent_covered": 100.0, "percent_covered_display": "100", "missing_lines": 0, "excluded_lines": 0, "percent_statements_covered": 100.0, "percent_statements_covered_display": "100"}, "missing_lines": [], "excluded_lines": [], "start_line": 78}, "validate_spectrum": {"executed_lines": [163, 165, 166, 168, 169, 174, 175, 176, 178, 179, 180, 182, 183, 184, 189], "summary": {"covered_lines": 15, "num_statements": 15, "percent_covered": 100.0, "percent_covered_display": "100", "missing_lines": 0, "excluded_lines": 0, "percent_statements_covered": 100.0, "percent_statements_covered_display": "100"}, "missing_lines": [], "excluded_lines": [], "start_line": 137}, "validate_response_matrix": {"executed_lines": [218, 219, 221, 222, 224, 225, 227, 228, 230, 231, 236, 237, 239, 240, 242, 243, 244, 245, 250], "summary": {"covered_lines": 19, "num_statements": 19, "percent_covered": 100.0, "percent_covered_display": "100", "missing_lines": 0, "excluded_lines": 0, "percent_statements_covered": 100.0, "percent_statements_covered_display": "100"}, "missing_lines": [], "excluded_lines": [], "start_line": 192}, "validate_system": {"executed_lines": [289, 290, 292, 293, 296, 297, 298, 302, 303, 304, 305, 310, 311, 312, 316, 317, 322, 323, 324, 329, 330, 331, 334, 335, 339], "summary": {"covered_lines": 25, "num_statements": 27, "percent_covered": 92.5925925925926, "percent_covered_display": "93", "missing_lines": 2, "excluded_lines": 0, "percent_statements_covered": 92.5925925925926, "percent_statements_covered_display": "93"}, "missing_lines": [299, 313], "excluded_lines": [], "start_line": 253}, "validate_solver_params": {"executed_lines": [379, 380, 384, 385, 388, 389, 390, 394, 397, 401, 402, 406, 407, 410, 411, 412, 416, 417, 421, 422, 423, 427, 428, 433], "summary": {"covered_lines": 24, "num_statements": 25, "percent_covered": 96.0, "percent_covered_display": "96", "missing_lines": 1, "excluded_lines": 0, "percent_statements_covered": 96.0, "percent_statements_covered_display": "96"}, "missing_lines": [431], "excluded_lines": [], "start_line": 342}, "": {"executed_lines": [7, 8, 10, 12, 22, 78, 137, 192, 253, 342], "summary": {"covered_lines": 10, "num_statements": 10, "percent_covered": 100.0, "percent_covered_display": "100", "missing_lines": 0, "excluded_lines": 0, "percent_statements_covered": 100.0, "percent_statements_covered_display": "100"}, "missing_lines": [], "excluded_lines": [], "start_line": 1}}, "classes": {"": {"executed_lines": [7, 8, 10, 12, 22, 50, 51, 53, 54, 55, 56, 57, 58, 59, 60, 61, 62, 63, 64, 67, 69, 70, 75, 78, 107, 109, 110, 112, 113, 118, 119, 121, 122, 124, 125, 129, 130, 134, 137, 163, 165, 166, 168, 169, 174, 175, 176, 178, 179, 180, 182, 183, 184, 189, 192, 218, 219, 221, 222, 224, 225, 227, 228, 230, 231, 236, 237, 239, 240, 242, 243, 244, 245, 250, 253, 289, 290, 292, 293, 296, 297, 298, 302, 303, 304, 305, 310, 311, 312, 316, 317, 322, 323, 324, 329, 330, 331, 334, 335, 339, 342, 379, 380, 384, 385, 388, 389, 390, 394, 397, 401, 402, 406, 407, 410, 411, 412, 416, 417, 421, 422, 423, 427, 428, 433], "summary": {"covered_lines": 125, "num_statements": 128, "percent_covered": 97.65625, "percent_covered_display": "98", "missing_lines": 3, "excluded_lines": 0, "percent_statements_covered": 97.65625, "percent_statements_covered_display": "98"}, "missing_lines": [299, 313, 431], "excluded_lines": [], "start_line": 1}}}}, "totals": {"covered_lines": 8156, "num_statements": 8424, "percent_covered": 96.81861348528015, "percent_covered_display": "97", "missing_lines": 268, "excluded_lines": 513, "percent_statements_covered": 96.81861348528015, "percent_statements_covered_display": "97"}}