{"meta": {"format": 3, "version": "7.14.1", "timestamp": "2026-08-05T12:32:12.781718", "branch_coverage": false, "show_contexts": false}, "files": {"src/bssunfold/__init__.py": {"executed_lines": [13, 16, 17, 30, 37, 38, 39, 40, 49, 51, 88, 89], "summary": {"covered_lines": 12, "num_statements": 14, "percent_covered": 85.71428571428571, "percent_covered_display": "86", "missing_lines": 2, "excluded_lines": 0, "percent_statements_covered": 85.71428571428571, "percent_statements_covered_display": "86"}, "missing_lines": [90, 91], "excluded_lines": [], "functions": {"": {"executed_lines": [13, 16, 17, 30, 37, 38, 39, 40, 49, 51, 88, 89], "summary": {"covered_lines": 12, "num_statements": 14, "percent_covered": 85.71428571428571, "percent_covered_display": "86", "missing_lines": 2, "excluded_lines": 0, "percent_statements_covered": 85.71428571428571, "percent_statements_covered_display": "86"}, "missing_lines": [90, 91], "excluded_lines": [], "start_line": 1}}, "classes": {"": {"executed_lines": [13, 16, 17, 30, 37, 38, 39, 40, 49, 51, 88, 89], "summary": {"covered_lines": 12, "num_statements": 14, "percent_covered": 85.71428571428571, "percent_covered_display": "86", "missing_lines": 2, "excluded_lines": 0, "percent_statements_covered": 85.71428571428571, "percent_statements_covered_display": "86"}, "missing_lines": [90, 91], "excluded_lines": [], "start_line": 1}}}, "src/bssunfold/constants.py": {"executed_lines": [4, 5, 6, 7, 8, 9, 10, 11, 13, 450, 1135, 2130, 2877, 2881, 3505, 3509, 4071, 4076, 5578, 5583, 7008, 7387, 7472], "summary": {"covered_lines": 23, "num_statements": 23, "percent_covered": 100.0, "percent_covered_display": "100", "missing_lines": 0, "excluded_lines": 0, "percent_statements_covered": 100.0, "percent_statements_covered_display": "100"}, "missing_lines": [], "excluded_lines": [], "functions": {"": {"executed_lines": [4, 5, 6, 7, 8, 9, 10, 11, 13, 450, 1135, 2130, 2877, 2881, 3505, 3509, 4071, 4076, 5578, 5583, 7008, 7387, 7472], "summary": {"covered_lines": 23, "num_statements": 23, "percent_covered": 100.0, "percent_covered_display": "100", "missing_lines": 0, "excluded_lines": 0, "percent_statements_covered": 100.0, "percent_statements_covered_display": "100"}, "missing_lines": [], "excluded_lines": [], "start_line": 1}}, "classes": {"": {"executed_lines": [4, 5, 6, 7, 8, 9, 10, 11, 13, 450, 1135, 2130, 2877, 2881, 3505, 3509, 4071, 4076, 5578, 5583, 7008, 7387, 7472], "summary": {"covered_lines": 23, "num_statements": 23, "percent_covered": 100.0, "percent_covered_display": "100", "missing_lines": 0, "excluded_lines": 0, "percent_statements_covered": 100.0, "percent_statements_covered_display": "100"}, "missing_lines": [], "excluded_lines": [], "start_line": 1}}}, "src/bssunfold/core/__init__.py": {"executed_lines": [7, 8, 9, 10, 11, 12, 13, 14, 15, 16, 17, 18, 19, 20, 21, 22, 23, 24, 25, 26, 27, 28, 29, 36, 45, 46, 47, 48, 49, 50, 51, 52, 53, 54, 55, 56, 57, 58, 59, 60, 61, 62, 63, 64, 65, 66, 67, 68, 70], "summary": {"covered_lines": 49, "num_statements": 49, "percent_covered": 100.0, "percent_covered_display": "100", "missing_lines": 0, "excluded_lines": 0, "percent_statements_covered": 100.0, "percent_statements_covered_display": "100"}, "missing_lines": [], "excluded_lines": [], "functions": {"": {"executed_lines": [7, 8, 9, 10, 11, 12, 13, 14, 15, 16, 17, 18, 19, 20, 21, 22, 23, 24, 25, 26, 27, 28, 29, 36, 45, 46, 47, 48, 49, 50, 51, 52, 53, 54, 55, 56, 57, 58, 59, 60, 61, 62, 63, 64, 65, 66, 67, 68, 70], "summary": {"covered_lines": 49, "num_statements": 49, "percent_covered": 100.0, "percent_covered_display": "100", "missing_lines": 0, "excluded_lines": 0, "percent_statements_covered": 100.0, "percent_statements_covered_display": "100"}, "missing_lines": [], "excluded_lines": [], "start_line": 1}}, "classes": {"": {"executed_lines": [7, 8, 9, 10, 11, 12, 13, 14, 15, 16, 17, 18, 19, 20, 21, 22, 23, 24, 25, 26, 27, 28, 29, 36, 45, 46, 47, 48, 49, 50, 51, 52, 53, 54, 55, 56, 57, 58, 59, 60, 61, 62, 63, 64, 65, 66, 67, 68, 70], "summary": {"covered_lines": 49, "num_statements": 49, "percent_covered": 100.0, "percent_covered_display": "100", "missing_lines": 0, "excluded_lines": 0, "percent_statements_covered": 100.0, "percent_statements_covered_display": "100"}, "missing_lines": [], "excluded_lines": [], "start_line": 1}}}, "src/bssunfold/core/_base_unfolder.py": {"executed_lines": [15, 16, 18, 19, 21, 24, 49, 186, 198, 226, 263], "summary": {"covered_lines": 11, "num_statements": 74, "percent_covered": 14.864864864864865, "percent_covered_display": "15", "missing_lines": 63, "excluded_lines": 0, "percent_statements_covered": 14.864864864864865, "percent_statements_covered_display": "15"}, "missing_lines": [42, 43, 44, 45, 46, 124, 127, 130, 131, 134, 135, 136, 138, 139, 140, 141, 143, 146, 147, 149, 152, 164, 165, 180, 181, 183, 192, 193, 194, 195, 211, 212, 213, 214, 215, 216, 217, 218, 222, 223, 237, 239, 240, 241, 243, 257, 258, 260, 277, 281, 282, 288, 291, 292, 294, 295, 296, 298, 304, 314, 315, 316, 317], "excluded_lines": [], "functions": {"make_solve_wrapper": {"executed_lines": [], "summary": {"covered_lines": 0, "num_statements": 3, "percent_covered": 0.0, "percent_covered_display": "0", "missing_lines": 3, "excluded_lines": 0, "percent_statements_covered": 0.0, "percent_statements_covered_display": "0"}, "missing_lines": [42, 45, 46], "excluded_lines": [], "start_line": 24}, "make_solve_wrapper.wrapper": {"executed_lines": [], "summary": {"covered_lines": 0, "num_statements": 2, "percent_covered": 0.0, "percent_covered_display": "0", "missing_lines": 2, "excluded_lines": 0, "percent_statements_covered": 0.0, "percent_statements_covered_display": "0"}, "missing_lines": [43, 44], "excluded_lines": [], "start_line": 42}, "run_unfolding": {"executed_lines": [], "summary": {"covered_lines": 0, "num_statements": 21, "percent_covered": 0.0, "percent_covered_display": "0", "missing_lines": 21, "excluded_lines": 0, "percent_statements_covered": 0.0, "percent_statements_covered_display": "0"}, "missing_lines": [124, 127, 130, 131, 134, 135, 136, 138, 139, 140, 141, 143, 146, 147, 149, 152, 164, 165, 180, 181, 183], "excluded_lines": [], "start_line": 49}, "_build_system": {"executed_lines": [], "summary": {"covered_lines": 0, "num_statements": 4, "percent_covered": 0.0, "percent_covered_display": "0", "missing_lines": 4, "excluded_lines": 0, "percent_statements_covered": 0.0, "percent_statements_covered_display": "0"}, "missing_lines": [192, 193, 194, 195], "excluded_lines": [], "start_line": 186}, "_normalize_initial": {"executed_lines": [], "summary": {"covered_lines": 0, "num_statements": 10, "percent_covered": 0.0, "percent_covered_display": "0", "missing_lines": 10, "excluded_lines": 0, "percent_statements_covered": 0.0, "percent_statements_covered_display": "0"}, "missing_lines": [211, 212, 213, 214, 215, 216, 217, 218, 222, 223], "excluded_lines": [], "start_line": 198}, "_standardize_output": {"executed_lines": [], "summary": {"covered_lines": 0, "num_statements": 8, "percent_covered": 0.0, "percent_covered_display": "0", "missing_lines": 8, "excluded_lines": 0, "percent_statements_covered": 0.0, "percent_statements_covered_display": "0"}, "missing_lines": [237, 239, 240, 241, 243, 257, 258, 260], "excluded_lines": [], "start_line": 226}, "_add_montecarlo_uncertainty": {"executed_lines": [], "summary": {"covered_lines": 0, "num_statements": 8, "percent_covered": 0.0, "percent_covered_display": "0", "missing_lines": 8, "excluded_lines": 0, "percent_statements_covered": 0.0, "percent_statements_covered_display": "0"}, "missing_lines": [277, 281, 298, 304, 314, 315, 316, 317], "excluded_lines": [], "start_line": 263}, "_add_montecarlo_uncertainty._mc_solver": {"executed_lines": [], "summary": {"covered_lines": 0, "num_statements": 7, "percent_covered": 0.0, "percent_covered_display": "0", "missing_lines": 7, "excluded_lines": 0, "percent_statements_covered": 0.0, "percent_statements_covered_display": "0"}, "missing_lines": [282, 288, 291, 292, 294, 295, 296], "excluded_lines": [], "start_line": 281}, "": {"executed_lines": [15, 16, 18, 19, 21, 24, 49, 186, 198, 226, 263], "summary": {"covered_lines": 11, "num_statements": 11, "percent_covered": 100.0, "percent_covered_display": "100", "missing_lines": 0, "excluded_lines": 0, "percent_statements_covered": 100.0, "percent_statements_covered_display": "100"}, "missing_lines": [], "excluded_lines": [], "start_line": 1}}, "classes": {"": {"executed_lines": [15, 16, 18, 19, 21, 24, 49, 186, 198, 226, 263], "summary": {"covered_lines": 11, "num_statements": 74, "percent_covered": 14.864864864864865, "percent_covered_display": "15", "missing_lines": 63, "excluded_lines": 0, "percent_statements_covered": 14.864864864864865, "percent_statements_covered_display": "15"}, "missing_lines": [42, 43, 44, 45, 46, 124, 127, 130, 131, 134, 135, 136, 138, 139, 140, 141, 143, 146, 147, 149, 152, 164, 165, 180, 181, 183, 192, 193, 194, 195, 211, 212, 213, 214, 215, 216, 217, 218, 222, 223, 237, 239, 240, 241, 243, 257, 258, 260, 277, 281, 282, 288, 291, 292, 294, 295, 296, 298, 304, 314, 315, 316, 317], "excluded_lines": [], "start_line": 1}}}, "src/bssunfold/core/_matrix_utils.py": {"executed_lines": [7, 8, 11, 47, 79, 98], "summary": {"covered_lines": 6, "num_statements": 33, "percent_covered": 18.181818181818183, "percent_covered_display": "18", "missing_lines": 27, "excluded_lines": 0, "percent_statements_covered": 18.181818181818183, "percent_statements_covered_display": "18"}, "missing_lines": [32, 34, 35, 36, 37, 38, 39, 41, 42, 44, 71, 72, 73, 74, 75, 76, 94, 95, 117, 118, 120, 121, 122, 124, 126, 127, 129], "excluded_lines": [], "functions": {"create_derivative_matrix": {"executed_lines": [], "summary": {"covered_lines": 0, "num_statements": 10, "percent_covered": 0.0, "percent_covered_display": "0", "missing_lines": 10, "excluded_lines": 0, "percent_statements_covered": 0.0, "percent_statements_covered_display": "0"}, "missing_lines": [32, 34, 35, 36, 37, 38, 39, 41, 42, 44], "excluded_lines": [], "start_line": 11}, "build_tikhonov_system": {"executed_lines": [], "summary": {"covered_lines": 0, "num_statements": 6, "percent_covered": 0.0, "percent_covered_display": "0", "missing_lines": 6, "excluded_lines": 0, "percent_statements_covered": 0.0, "percent_statements_covered_display": "0"}, "missing_lines": [71, 72, 73, 74, 75, 76], "excluded_lines": [], "start_line": 47}, "compute_svd_components": {"executed_lines": [], "summary": {"covered_lines": 0, "num_statements": 2, "percent_covered": 0.0, "percent_covered_display": "0", "missing_lines": 2, "excluded_lines": 0, "percent_statements_covered": 0.0, "percent_statements_covered_display": "0"}, "missing_lines": [94, 95], "excluded_lines": [], "start_line": 79}, "compute_log_steps": {"executed_lines": [], "summary": {"covered_lines": 0, "num_statements": 9, "percent_covered": 0.0, "percent_covered_display": "0", "missing_lines": 9, "excluded_lines": 0, "percent_statements_covered": 0.0, "percent_statements_covered_display": "0"}, "missing_lines": [117, 118, 120, 121, 122, 124, 126, 127, 129], "excluded_lines": [], "start_line": 98}, "": {"executed_lines": [7, 8, 11, 47, 79, 98], "summary": {"covered_lines": 6, "num_statements": 6, "percent_covered": 100.0, "percent_covered_display": "100", "missing_lines": 0, "excluded_lines": 0, "percent_statements_covered": 100.0, "percent_statements_covered_display": "100"}, "missing_lines": [], "excluded_lines": [], "start_line": 1}}, "classes": {"": {"executed_lines": [7, 8, 11, 47, 79, 98], "summary": {"covered_lines": 6, "num_statements": 33, "percent_covered": 18.181818181818183, "percent_covered_display": "18", "missing_lines": 27, "excluded_lines": 0, "percent_statements_covered": 18.181818181818183, "percent_statements_covered_display": "18"}, "missing_lines": [32, 34, 35, 36, 37, 38, 39, 41, 42, 44, 71, 72, 73, 74, 75, 76, 94, 95, 117, 118, 120, 121, 122, 124, 126, 127, 129], "excluded_lines": [], "start_line": 1}}}, "src/bssunfold/core/_montecarlo.py": {"executed_lines": [8, 9, 12, 93], "summary": {"covered_lines": 4, "num_statements": 17, "percent_covered": 23.529411764705884, "percent_covered_display": "24", "missing_lines": 13, "excluded_lines": 0, "percent_statements_covered": 23.529411764705884, "percent_statements_covered_display": "24"}, "missing_lines": [58, 62, 63, 64, 67, 70, 73, 75, 76, 77, 78, 81, 114], "excluded_lines": [], "functions": {"monte_carlo_uncertainty": {"executed_lines": [], "summary": {"covered_lines": 0, "num_statements": 12, "percent_covered": 0.0, "percent_covered_display": "0", "missing_lines": 12, "excluded_lines": 0, "percent_statements_covered": 0.0, "percent_statements_covered_display": "0"}, "missing_lines": [58, 62, 63, 64, 67, 70, 73, 75, 76, 77, 78, 81], "excluded_lines": [], "start_line": 12}, "_add_noise": {"executed_lines": [], "summary": {"covered_lines": 0, "num_statements": 1, "percent_covered": 0.0, "percent_covered_display": "0", "missing_lines": 1, "excluded_lines": 0, "percent_statements_covered": 0.0, "percent_statements_covered_display": "0"}, "missing_lines": [114], "excluded_lines": [], "start_line": 93}, "": {"executed_lines": [8, 9, 12, 93], "summary": {"covered_lines": 4, "num_statements": 4, "percent_covered": 100.0, "percent_covered_display": "100", "missing_lines": 0, "excluded_lines": 0, "percent_statements_covered": 100.0, "percent_statements_covered_display": "100"}, "missing_lines": [], "excluded_lines": [], "start_line": 1}}, "classes": {"": {"executed_lines": [8, 9, 12, 93], "summary": {"covered_lines": 4, "num_statements": 17, "percent_covered": 23.529411764705884, "percent_covered_display": "24", "missing_lines": 13, "excluded_lines": 0, "percent_statements_covered": 23.529411764705884, "percent_statements_covered_display": "24"}, "missing_lines": [58, 62, 63, 64, 67, 70, 73, 75, 76, 77, 78, 81, 114], "excluded_lines": [], "start_line": 1}}}, "src/bssunfold/core/_numba_jit.py": {"executed_lines": [10, 12, 13, 15, 16, 19, 370, 371, 373, 374, 376, 377, 379, 380, 382, 383, 385, 386], "summary": {"covered_lines": 18, "num_statements": 19, "percent_covered": 94.73684210526316, "percent_covered_display": "95", "missing_lines": 1, "excluded_lines": 342, "percent_statements_covered": 94.73684210526316, "percent_statements_covered_display": "95"}, "missing_lines": [14], "excluded_lines": [20, 21, 22, 23, 24, 25, 26, 27, 28, 29, 30, 31, 32, 33, 34, 35, 36, 37, 38, 39, 40, 41, 42, 43, 44, 45, 46, 47, 48, 49, 50, 51, 52, 53, 54, 55, 56, 57, 58, 59, 60, 61, 62, 63, 64, 65, 66, 67, 68, 69, 70, 71, 72, 73, 74, 75, 76, 77, 78, 79, 80, 81, 82, 83, 84, 85, 87, 88, 89, 90, 91, 92, 93, 94, 95, 96, 97, 98, 99, 100, 101, 102, 103, 104, 105, 106, 107, 108, 109, 110, 111, 112, 113, 114, 115, 116, 117, 118, 119, 120, 121, 122, 123, 124, 125, 126, 127, 128, 129, 130, 131, 132, 133, 134, 135, 136, 137, 138, 139, 140, 141, 142, 143, 144, 145, 146, 147, 149, 150, 151, 152, 153, 154, 155, 156, 157, 158, 159, 160, 161, 162, 163, 164, 165, 166, 167, 168, 169, 170, 171, 172, 173, 174, 175, 176, 177, 178, 179, 180, 181, 182, 183, 184, 185, 186, 187, 188, 189, 190, 191, 192, 193, 194, 195, 196, 197, 198, 199, 200, 201, 202, 203, 204, 205, 206, 207, 208, 209, 210, 211, 212, 213, 214, 215, 216, 217, 218, 220, 221, 222, 223, 224, 225, 226, 227, 228, 229, 230, 231, 232, 233, 234, 235, 236, 237, 238, 239, 240, 241, 242, 243, 244, 245, 246, 247, 248, 249, 250, 251, 252, 253, 254, 255, 256, 257, 258, 259, 260, 261, 262, 263, 264, 265, 266, 267, 268, 269, 270, 271, 272, 273, 274, 275, 276, 277, 278, 279, 280, 281, 282, 283, 284, 285, 286, 287, 288, 289, 290, 291, 292, 293, 294, 295, 296, 297, 298, 299, 300, 302, 303, 304, 305, 306, 307, 308, 309, 310, 311, 312, 313, 314, 315, 316, 317, 318, 319, 320, 321, 322, 323, 324, 325, 326, 327, 328, 329, 330, 331, 332, 333, 334, 336, 337, 338, 339, 340, 341, 342, 343, 344, 345, 346, 347, 348, 349, 350, 351, 352, 353, 354, 355, 356, 357, 358, 359, 360, 361, 362, 363, 364, 365, 366], "functions": {"_mlem_inner": {"executed_lines": [], "summary": {"covered_lines": 0, "num_statements": 0, "percent_covered": 100.0, "percent_covered_display": "100", "missing_lines": 0, "excluded_lines": 62, "percent_statements_covered": 100.0, "percent_statements_covered_display": "100"}, "missing_lines": [], "excluded_lines": [24, 25, 26, 27, 28, 29, 30, 31, 32, 33, 34, 35, 36, 37, 38, 39, 40, 41, 42, 43, 44, 45, 46, 47, 48, 49, 50, 51, 52, 53, 54, 55, 56, 57, 58, 59, 60, 61, 62, 63, 64, 65, 66, 67, 68, 69, 70, 71, 72, 73, 74, 75, 76, 77, 78, 79, 80, 81, 82, 83, 84, 85], "start_line": 21}, "_kaczmarz_inner": {"executed_lines": [], "summary": {"covered_lines": 0, "num_statements": 0, "percent_covered": 100.0, "percent_covered_display": "100", "missing_lines": 0, "excluded_lines": 59, "percent_statements_covered": 100.0, "percent_statements_covered_display": "100"}, "missing_lines": [], "excluded_lines": [89, 90, 91, 92, 93, 94, 95, 96, 97, 98, 99, 100, 101, 102, 103, 104, 105, 106, 107, 108, 109, 110, 111, 112, 113, 114, 115, 116, 117, 118, 119, 120, 121, 122, 123, 124, 125, 126, 127, 128, 129, 130, 131, 132, 133, 134, 135, 136, 137, 138, 139, 140, 141, 142, 143, 144, 145, 146, 147], "start_line": 88}, "_doroshenko_inner": {"executed_lines": [], "summary": {"covered_lines": 0, "num_statements": 0, "percent_covered": 100.0, "percent_covered_display": "100", "missing_lines": 0, "excluded_lines": 68, "percent_statements_covered": 100.0, "percent_statements_covered_display": "100"}, "missing_lines": [], "excluded_lines": [151, 152, 153, 154, 155, 156, 157, 158, 159, 160, 161, 162, 163, 164, 165, 166, 167, 168, 169, 170, 171, 172, 173, 174, 175, 176, 177, 178, 179, 180, 181, 182, 183, 184, 185, 186, 187, 188, 189, 190, 191, 192, 193, 194, 195, 196, 197, 198, 199, 200, 201, 202, 203, 204, 205, 206, 207, 208, 209, 210, 211, 212, 213, 214, 215, 216, 217, 218], "start_line": 150}, "_gravel_inner": {"executed_lines": [], "summary": {"covered_lines": 0, "num_statements": 0, "percent_covered": 100.0, "percent_covered_display": "100", "missing_lines": 0, "excluded_lines": 79, "percent_statements_covered": 100.0, "percent_statements_covered_display": "100"}, "missing_lines": [], "excluded_lines": [222, 223, 224, 225, 226, 227, 228, 229, 230, 231, 232, 233, 234, 235, 236, 237, 238, 239, 240, 241, 242, 243, 244, 245, 246, 247, 248, 249, 250, 251, 252, 253, 254, 255, 256, 257, 258, 259, 260, 261, 262, 263, 264, 265, 266, 267, 268, 269, 270, 271, 272, 273, 274, 275, 276, 277, 278, 279, 280, 281, 282, 283, 284, 285, 286, 287, 288, 289, 290, 291, 292, 293, 294, 295, 296, 297, 298, 299, 300], "start_line": 221}, "_compute_log_steps_jit": {"executed_lines": [], "summary": {"covered_lines": 0, "num_statements": 0, "percent_covered": 100.0, "percent_covered_display": "100", "missing_lines": 0, "excluded_lines": 31, "percent_statements_covered": 100.0, "percent_statements_covered_display": "100"}, "missing_lines": [], "excluded_lines": [304, 305, 306, 307, 308, 309, 310, 311, 312, 313, 314, 315, 316, 317, 318, 319, 320, 321, 322, 323, 324, 325, 326, 327, 328, 329, 330, 331, 332, 333, 334], "start_line": 303}, "_dose_weighted_mse_jit": {"executed_lines": [], "summary": {"covered_lines": 0, "num_statements": 0, "percent_covered": 100.0, "percent_covered_display": "100", "missing_lines": 0, "excluded_lines": 29, "percent_statements_covered": 100.0, "percent_statements_covered_display": "100"}, "missing_lines": [], "excluded_lines": [338, 339, 340, 341, 342, 343, 344, 345, 346, 347, 348, 349, 350, 351, 352, 353, 354, 355, 356, 357, 358, 359, 360, 361, 362, 363, 364, 365, 366], "start_line": 337}, "": {"executed_lines": [10, 12, 13, 15, 16, 19, 370, 371, 373, 374, 376, 377, 379, 380, 382, 383, 385, 386], "summary": {"covered_lines": 18, "num_statements": 19, "percent_covered": 94.73684210526316, "percent_covered_display": "95", "missing_lines": 1, "excluded_lines": 14, "percent_statements_covered": 94.73684210526316, "percent_statements_covered_display": "95"}, "missing_lines": [14], "excluded_lines": [20, 21, 22, 23, 87, 88, 149, 150, 220, 221, 302, 303, 336, 337], "start_line": 1}}, "classes": {"": {"executed_lines": [10, 12, 13, 15, 16, 19, 370, 371, 373, 374, 376, 377, 379, 380, 382, 383, 385, 386], "summary": {"covered_lines": 18, "num_statements": 19, "percent_covered": 94.73684210526316, "percent_covered_display": "95", "missing_lines": 1, "excluded_lines": 342, "percent_statements_covered": 94.73684210526316, "percent_statements_covered_display": "95"}, "missing_lines": [14], "excluded_lines": [20, 21, 22, 23, 24, 25, 26, 27, 28, 29, 30, 31, 32, 33, 34, 35, 36, 37, 38, 39, 40, 41, 42, 43, 44, 45, 46, 47, 48, 49, 50, 51, 52, 53, 54, 55, 56, 57, 58, 59, 60, 61, 62, 63, 64, 65, 66, 67, 68, 69, 70, 71, 72, 73, 74, 75, 76, 77, 78, 79, 80, 81, 82, 83, 84, 85, 87, 88, 89, 90, 91, 92, 93, 94, 95, 96, 97, 98, 99, 100, 101, 102, 103, 104, 105, 106, 107, 108, 109, 110, 111, 112, 113, 114, 115, 116, 117, 118, 119, 120, 121, 122, 123, 124, 125, 126, 127, 128, 129, 130, 131, 132, 133, 134, 135, 136, 137, 138, 139, 140, 141, 142, 143, 144, 145, 146, 147, 149, 150, 151, 152, 153, 154, 155, 156, 157, 158, 159, 160, 161, 162, 163, 164, 165, 166, 167, 168, 169, 170, 171, 172, 173, 174, 175, 176, 177, 178, 179, 180, 181, 182, 183, 184, 185, 186, 187, 188, 189, 190, 191, 192, 193, 194, 195, 196, 197, 198, 199, 200, 201, 202, 203, 204, 205, 206, 207, 208, 209, 210, 211, 212, 213, 214, 215, 216, 217, 218, 220, 221, 222, 223, 224, 225, 226, 227, 228, 229, 230, 231, 232, 233, 234, 235, 236, 237, 238, 239, 240, 241, 242, 243, 244, 245, 246, 247, 248, 249, 250, 251, 252, 253, 254, 255, 256, 257, 258, 259, 260, 261, 262, 263, 264, 265, 266, 267, 268, 269, 270, 271, 272, 273, 274, 275, 276, 277, 278, 279, 280, 281, 282, 283, 284, 285, 286, 287, 288, 289, 290, 291, 292, 293, 294, 295, 296, 297, 298, 299, 300, 302, 303, 304, 305, 306, 307, 308, 309, 310, 311, 312, 313, 314, 315, 316, 317, 318, 319, 320, 321, 322, 323, 324, 325, 326, 327, 328, 329, 330, 331, 332, 333, 334, 336, 337, 338, 339, 340, 341, 342, 343, 344, 345, 346, 347, 348, 349, 350, 351, 352, 353, 354, 355, 356, 357, 358, 359, 360, 361, 362, 363, 364, 365, 366], "start_line": 1}}}, "src/bssunfold/core/detector.py": {"executed_lines": [7, 8, 9, 10, 12, 13, 14, 15, 16, 17, 22, 26, 27, 28, 29, 30, 31, 32, 33, 34, 35, 36, 37, 38, 39, 40, 41, 42, 43, 44, 45, 46, 47, 48, 49, 50, 51, 53, 55, 58, 114, 168, 226, 242, 243, 247, 248, 252, 280, 290, 296, 309, 339, 368, 382, 390, 394, 400, 435, 447, 476, 546, 604, 662, 741, 832, 894, 961, 1031, 1091, 1158, 1197, 1203, 1253, 1254, 1264, 1290, 1352, 1414, 1476, 1538, 1596, 1654, 1720, 1790, 1852, 1915, 1977, 2046, 2115, 2211, 2313, 2342, 2390, 2421, 2459], "summary": {"covered_lines": 96, "num_statements": 399, "percent_covered": 24.06015037593985, "percent_covered_display": "24", "missing_lines": 303, "excluded_lines": 6, "percent_statements_covered": 24.06015037593985, "percent_statements_covered_display": "24"}, "missing_lines": [142, 143, 147, 148, 149, 150, 152, 153, 154, 155, 157, 161, 162, 165, 166, 176, 177, 180, 181, 182, 183, 186, 187, 188, 189, 190, 191, 195, 196, 197, 198, 199, 202, 203, 207, 210, 211, 212, 213, 215, 218, 219, 221, 228, 229, 245, 250, 277, 278, 288, 294, 300, 303, 304, 307, 319, 320, 321, 323, 336, 337, 343, 344, 345, 347, 348, 350, 351, 353, 354, 355, 358, 359, 361, 363, 364, 366, 370, 371, 372, 374, 375, 376, 377, 379, 380, 386, 387, 388, 392, 396, 397, 398, 405, 406, 408, 409, 410, 414, 416, 417, 418, 419, 421, 424, 425, 426, 427, 428, 430, 439, 440, 442, 443, 445, 469, 470, 525, 586, 644, 718, 807, 876, 942, 1010, 1073, 1139, 1183, 1201, 1207, 1208, 1209, 1210, 1212, 1217, 1218, 1220, 1222, 1226, 1227, 1228, 1229, 1231, 1233, 1234, 1236, 1238, 1239, 1244, 1245, 1246, 1247, 1248, 1249, 1251, 1256, 1257, 1258, 1259, 1273, 1274, 1275, 1276, 1279, 1282, 1288, 1333, 1395, 1457, 1519, 1578, 1636, 1700, 1769, 1833, 1896, 1959, 2026, 2095, 2187, 2287, 2322, 2324, 2326, 2327, 2329, 2330, 2331, 2332, 2333, 2334, 2336, 2338, 2339, 2340, 2372, 2373, 2374, 2375, 2376, 2378, 2415, 2416, 2417, 2449, 2450, 2451, 2527, 2529, 2530, 2531, 2532, 2538, 2539, 2540, 2541, 2543, 2544, 2545, 2547, 2548, 2551, 2552, 2553, 2554, 2556, 2560, 2561, 2562, 2563, 2564, 2565, 2566, 2567, 2568, 2569, 2570, 2572, 2576, 2577, 2579, 2580, 2581, 2582, 2588, 2589, 2590, 2592, 2593, 2594, 2599, 2600, 2601, 2602, 2603, 2606, 2607, 2613, 2614, 2615, 2616, 2617, 2622, 2623, 2626, 2627, 2628, 2629, 2631, 2634, 2635, 2636, 2643, 2644, 2645, 2646, 2647, 2648, 2651, 2652, 2653, 2655, 2656, 2658, 2659, 2660, 2661, 2662, 2663, 2664, 2665, 2666, 2669, 2670, 2671, 2672, 2681, 2683, 2684, 2685, 2687, 2688, 2689], "excluded_lines": [235, 236, 237, 238, 239, 240], "functions": {"Detector.__init__": {"executed_lines": [], "summary": {"covered_lines": 0, "num_statements": 15, "percent_covered": 0.0, "percent_covered_display": "0", "missing_lines": 15, "excluded_lines": 0, "percent_statements_covered": 0.0, "percent_statements_covered_display": "0"}, "missing_lines": [142, 143, 147, 148, 149, 150, 152, 153, 154, 155, 157, 161, 162, 165, 166], "excluded_lines": [], "start_line": 114}, "Detector._process_input": {"executed_lines": [], "summary": {"covered_lines": 0, "num_statements": 28, "percent_covered": 0.0, "percent_covered_display": "0", "missing_lines": 28, "excluded_lines": 0, "percent_statements_covered": 0.0, "percent_statements_covered_display": "0"}, "missing_lines": [176, 177, 180, 181, 182, 183, 186, 187, 188, 189, 190, 191, 195, 196, 197, 198, 199, 202, 203, 207, 210, 211, 212, 213, 215, 218, 219, 221], "excluded_lines": [], "start_line": 168}, "Detector.__str__": {"executed_lines": [], "summary": {"covered_lines": 0, "num_statements": 2, "percent_covered": 0.0, "percent_covered_display": "0", "missing_lines": 2, "excluded_lines": 0, "percent_statements_covered": 0.0, "percent_statements_covered_display": "0"}, "missing_lines": [228, 229], "excluded_lines": [], "start_line": 226}, "Detector.__repr__": {"executed_lines": [], "summary": {"covered_lines": 0, "num_statements": 0, "percent_covered": 100.0, "percent_covered_display": "100", "missing_lines": 0, "excluded_lines": 5, "percent_statements_covered": 100.0, "percent_statements_covered_display": "100"}, "missing_lines": [], "excluded_lines": [236, 237, 238, 239, 240], "start_line": 235}, "Detector.n_detectors": {"executed_lines": [], "summary": {"covered_lines": 0, "num_statements": 1, "percent_covered": 0.0, "percent_covered_display": "0", "missing_lines": 1, "excluded_lines": 0, "percent_statements_covered": 0.0, "percent_statements_covered_display": "0"}, "missing_lines": [245], "excluded_lines": [], "start_line": 243}, "Detector.n_energy_bins": {"executed_lines": [], "summary": {"covered_lines": 0, "num_statements": 1, "percent_covered": 0.0, "percent_covered_display": "0", "missing_lines": 1, "excluded_lines": 0, "percent_statements_covered": 0.0, "percent_statements_covered_display": "0"}, "missing_lines": [250], "excluded_lines": [], "start_line": 248}, "Detector.set_dose_coefficients": {"executed_lines": [], "summary": {"covered_lines": 0, "num_statements": 2, "percent_covered": 0.0, "percent_covered_display": "0", "missing_lines": 2, "excluded_lines": 0, "percent_statements_covered": 0.0, "percent_statements_covered_display": "0"}, "missing_lines": [277, 278], "excluded_lines": [], "start_line": 252}, "Detector._get_interpolated_cc": {"executed_lines": [], "summary": {"covered_lines": 0, "num_statements": 1, "percent_covered": 0.0, "percent_covered_display": "0", "missing_lines": 1, "excluded_lines": 0, "percent_statements_covered": 0.0, "percent_statements_covered_display": "0"}, "missing_lines": [288], "excluded_lines": [], "start_line": 280}, "Detector._validate_readings": {"executed_lines": [], "summary": {"covered_lines": 0, "num_statements": 1, "percent_covered": 0.0, "percent_covered_display": "0", "missing_lines": 1, "excluded_lines": 0, "percent_statements_covered": 0.0, "percent_statements_covered_display": "0"}, "missing_lines": [294], "excluded_lines": [], "start_line": 290}, "Detector._build_system": {"executed_lines": [], "summary": {"covered_lines": 0, "num_statements": 4, "percent_covered": 0.0, "percent_covered_display": "0", "missing_lines": 4, "excluded_lines": 0, "percent_statements_covered": 0.0, "percent_statements_covered_display": "0"}, "missing_lines": [300, 303, 304, 307], "excluded_lines": [], "start_line": 296}, "Detector._standardize_output": {"executed_lines": [], "summary": {"covered_lines": 0, "num_statements": 6, "percent_covered": 0.0, "percent_covered_display": "0", "missing_lines": 6, "excluded_lines": 0, "percent_statements_covered": 0.0, "percent_statements_covered_display": "0"}, "missing_lines": [319, 320, 321, 323, 336, 337], "excluded_lines": [], "start_line": 309}, "Detector._convert_rf_to_matrix_variable_step": {"executed_lines": [], "summary": {"covered_lines": 0, "num_statements": 16, "percent_covered": 0.0, "percent_covered_display": "0", "missing_lines": 16, "excluded_lines": 0, "percent_statements_covered": 0.0, "percent_statements_covered_display": "0"}, "missing_lines": [343, 344, 345, 347, 348, 350, 351, 353, 354, 355, 358, 359, 361, 363, 364, 366], "excluded_lines": [], "start_line": 339}, "Detector._save_result": {"executed_lines": [], "summary": {"covered_lines": 0, "num_statements": 9, "percent_covered": 0.0, "percent_covered_display": "0", "missing_lines": 9, "excluded_lines": 0, "percent_statements_covered": 0.0, "percent_statements_covered_display": "0"}, "missing_lines": [370, 371, 372, 374, 375, 376, 377, 379, 380], "excluded_lines": [], "start_line": 368}, "Detector.get_result": {"executed_lines": [], "summary": {"covered_lines": 0, "num_statements": 3, "percent_covered": 0.0, "percent_covered_display": "0", "missing_lines": 3, "excluded_lines": 0, "percent_statements_covered": 0.0, "percent_statements_covered_display": "0"}, "missing_lines": [386, 387, 388], "excluded_lines": [], "start_line": 382}, "Detector.list_results": {"executed_lines": [], "summary": {"covered_lines": 0, "num_statements": 1, "percent_covered": 0.0, "percent_covered_display": "0", "missing_lines": 1, "excluded_lines": 0, "percent_statements_covered": 0.0, "percent_statements_covered_display": "0"}, "missing_lines": [392], "excluded_lines": [], "start_line": 390}, "Detector.clear_results": {"executed_lines": [], "summary": {"covered_lines": 0, "num_statements": 3, "percent_covered": 0.0, "percent_covered_display": "0", "missing_lines": 3, "excluded_lines": 0, "percent_statements_covered": 0.0, "percent_statements_covered_display": "0"}, "missing_lines": [396, 397, 398], "excluded_lines": [], "start_line": 394}, "Detector._normalize_initial_spectrum": {"executed_lines": [], "summary": {"covered_lines": 0, "num_statements": 17, "percent_covered": 0.0, "percent_covered_display": "0", "missing_lines": 17, "excluded_lines": 0, "percent_statements_covered": 0.0, "percent_statements_covered_display": "0"}, "missing_lines": [405, 406, 408, 409, 410, 414, 416, 417, 418, 419, 421, 424, 425, 426, 427, 428, 430], "excluded_lines": [], "start_line": 400}, "Detector._cosine_similarity": {"executed_lines": [], "summary": {"covered_lines": 0, "num_statements": 5, "percent_covered": 0.0, "percent_covered_display": "0", "missing_lines": 5, "excluded_lines": 0, "percent_statements_covered": 0.0, "percent_statements_covered_display": "0"}, "missing_lines": [439, 440, 442, 443, 445], "excluded_lines": [], "start_line": 435}, "Detector._add_noise": {"executed_lines": [], "summary": {"covered_lines": 0, "num_statements": 2, "percent_covered": 0.0, "percent_covered_display": "0", "missing_lines": 2, "excluded_lines": 0, "percent_statements_covered": 0.0, "percent_statements_covered_display": "0"}, "missing_lines": [469, 470], "excluded_lines": [], "start_line": 447}, "Detector.unfold_cvxpy": {"executed_lines": [], "summary": {"covered_lines": 0, "num_statements": 1, "percent_covered": 0.0, "percent_covered_display": "0", "missing_lines": 1, "excluded_lines": 0, "percent_statements_covered": 0.0, "percent_statements_covered_display": "0"}, "missing_lines": [525], "excluded_lines": [], "start_line": 476}, "Detector.unfold_landweber": {"executed_lines": [], "summary": {"covered_lines": 0, "num_statements": 1, "percent_covered": 0.0, "percent_covered_display": "0", "missing_lines": 1, "excluded_lines": 0, "percent_statements_covered": 0.0, "percent_statements_covered_display": "0"}, "missing_lines": [586], "excluded_lines": [], "start_line": 546}, "Detector.unfold_mlem": {"executed_lines": [], "summary": {"covered_lines": 0, "num_statements": 1, "percent_covered": 0.0, "percent_covered_display": "0", "missing_lines": 1, "excluded_lines": 0, "percent_statements_covered": 0.0, "percent_statements_covered_display": "0"}, "missing_lines": [644], "excluded_lines": [], "start_line": 604}, "Detector.unfold_qpsolvers": {"executed_lines": [], "summary": {"covered_lines": 0, "num_statements": 1, "percent_covered": 0.0, "percent_covered_display": "0", "missing_lines": 1, "excluded_lines": 0, "percent_statements_covered": 0.0, "percent_statements_covered_display": "0"}, "missing_lines": [718], "excluded_lines": [], "start_line": 662}, "Detector.unfold_mystic": {"executed_lines": [], "summary": {"covered_lines": 0, "num_statements": 1, "percent_covered": 0.0, "percent_covered_display": "0", "missing_lines": 1, "excluded_lines": 0, "percent_statements_covered": 0.0, "percent_statements_covered_display": "0"}, "missing_lines": [807], "excluded_lines": [], "start_line": 741}, "Detector.unfold_smt": {"executed_lines": [], "summary": {"covered_lines": 0, "num_statements": 1, "percent_covered": 0.0, "percent_covered_display": "0", "missing_lines": 1, "excluded_lines": 0, "percent_statements_covered": 0.0, "percent_statements_covered_display": "0"}, "missing_lines": [876], "excluded_lines": [], "start_line": 832}, "Detector.unfold_reconst": {"executed_lines": [], "summary": {"covered_lines": 0, "num_statements": 1, "percent_covered": 0.0, "percent_covered_display": "0", "missing_lines": 1, "excluded_lines": 0, "percent_statements_covered": 0.0, "percent_statements_covered_display": "0"}, "missing_lines": [942], "excluded_lines": [], "start_line": 894}, "Detector.unfold_lmfit": {"executed_lines": [], "summary": {"covered_lines": 0, "num_statements": 1, "percent_covered": 0.0, "percent_covered_display": "0", "missing_lines": 1, "excluded_lines": 0, "percent_statements_covered": 0.0, "percent_statements_covered_display": "0"}, "missing_lines": [1010], "excluded_lines": [], "start_line": 961}, "Detector.unfold_mlem_odl": {"executed_lines": [], "summary": {"covered_lines": 0, "num_statements": 1, "percent_covered": 0.0, "percent_covered_display": "0", "missing_lines": 1, "excluded_lines": 0, "percent_statements_covered": 0.0, "percent_statements_covered_display": "0"}, "missing_lines": [1073], "excluded_lines": [], "start_line": 1031}, "Detector.unfold_mlem_stop": {"executed_lines": [], "summary": {"covered_lines": 0, "num_statements": 1, "percent_covered": 0.0, "percent_covered_display": "0", "missing_lines": 1, "excluded_lines": 0, "percent_statements_covered": 0.0, "percent_statements_covered_display": "0"}, "missing_lines": [1139], "excluded_lines": [], "start_line": 1091}, "Detector.unfold_combined": {"executed_lines": [], "summary": {"covered_lines": 0, "num_statements": 1, "percent_covered": 0.0, "percent_covered_display": "0", "missing_lines": 1, "excluded_lines": 0, "percent_statements_covered": 0.0, "percent_statements_covered_display": "0"}, "missing_lines": [1183], "excluded_lines": [], "start_line": 1158}, "Detector.discretize_spectra": {"executed_lines": [], "summary": {"covered_lines": 0, "num_statements": 1, "percent_covered": 0.0, "percent_covered_display": "0", "missing_lines": 1, "excluded_lines": 0, "percent_statements_covered": 0.0, "percent_statements_covered_display": "0"}, "missing_lines": [1201], "excluded_lines": [], "start_line": 1197}, "Detector.get_effective_readings_for_spectra": {"executed_lines": [], "summary": {"covered_lines": 0, "num_statements": 26, "percent_covered": 0.0, "percent_covered_display": "0", "missing_lines": 26, "excluded_lines": 0, "percent_statements_covered": 0.0, "percent_statements_covered_display": "0"}, "missing_lines": [1207, 1208, 1209, 1210, 1212, 1217, 1218, 1220, 1222, 1226, 1227, 1228, 1229, 1231, 1233, 1234, 1236, 1238, 1239, 1244, 1245, 1246, 1247, 1248, 1249, 1251], "excluded_lines": [], "start_line": 1203}, "Detector._import_optional": {"executed_lines": [], "summary": {"covered_lines": 0, "num_statements": 4, "percent_covered": 0.0, "percent_covered_display": "0", "missing_lines": 4, "excluded_lines": 0, "percent_statements_covered": 0.0, "percent_statements_covered_display": "0"}, "missing_lines": [1256, 1257, 1258, 1259], "excluded_lines": [], "start_line": 1254}, "Detector._save_figure": {"executed_lines": [], "summary": {"covered_lines": 0, "num_statements": 7, "percent_covered": 0.0, "percent_covered_display": "0", "missing_lines": 7, "excluded_lines": 0, "percent_statements_covered": 0.0, "percent_statements_covered_display": "0"}, "missing_lines": [1273, 1274, 1275, 1276, 1279, 1282, 1288], "excluded_lines": [], "start_line": 1264}, "Detector.unfold_doroshenko": {"executed_lines": [], "summary": {"covered_lines": 0, "num_statements": 1, "percent_covered": 0.0, "percent_covered_display": "0", "missing_lines": 1, "excluded_lines": 0, "percent_statements_covered": 0.0, "percent_statements_covered_display": "0"}, "missing_lines": [1333], "excluded_lines": [], "start_line": 1290}, "Detector.unfold_kaczmarz": {"executed_lines": [], "summary": {"covered_lines": 0, "num_statements": 1, "percent_covered": 0.0, "percent_covered_display": "0", "missing_lines": 1, "excluded_lines": 0, "percent_statements_covered": 0.0, "percent_statements_covered_display": "0"}, "missing_lines": [1395], "excluded_lines": [], "start_line": 1352}, "Detector.unfold_gravel": {"executed_lines": [], "summary": {"covered_lines": 0, "num_statements": 1, "percent_covered": 0.0, "percent_covered_display": "0", "missing_lines": 1, "excluded_lines": 0, "percent_statements_covered": 0.0, "percent_statements_covered_display": "0"}, "missing_lines": [1457], "excluded_lines": [], "start_line": 1414}, "Detector.unfold_maxed": {"executed_lines": [], "summary": {"covered_lines": 0, "num_statements": 1, "percent_covered": 0.0, "percent_covered_display": "0", "missing_lines": 1, "excluded_lines": 0, "percent_statements_covered": 0.0, "percent_statements_covered_display": "0"}, "missing_lines": [1519], "excluded_lines": [], "start_line": 1476}, "Detector.unfold_tikhonov_legendre": {"executed_lines": [], "summary": {"covered_lines": 0, "num_statements": 1, "percent_covered": 0.0, "percent_covered_display": "0", "missing_lines": 1, "excluded_lines": 0, "percent_statements_covered": 0.0, "percent_statements_covered_display": "0"}, "missing_lines": [1578], "excluded_lines": [], "start_line": 1538}, "Detector.unfold_bayes": {"executed_lines": [], "summary": {"covered_lines": 0, "num_statements": 1, "percent_covered": 0.0, "percent_covered_display": "0", "missing_lines": 1, "excluded_lines": 0, "percent_statements_covered": 0.0, "percent_statements_covered_display": "0"}, "missing_lines": [1636], "excluded_lines": [], "start_line": 1596}, "Detector.unfold_bayes_spline_regularization": {"executed_lines": [], "summary": {"covered_lines": 0, "num_statements": 1, "percent_covered": 0.0, "percent_covered_display": "0", "missing_lines": 1, "excluded_lines": 0, "percent_statements_covered": 0.0, "percent_statements_covered_display": "0"}, "missing_lines": [1700], "excluded_lines": [], "start_line": 1654}, "Detector.unfold_statreg": {"executed_lines": [], "summary": {"covered_lines": 0, "num_statements": 1, "percent_covered": 0.0, "percent_covered_display": "0", "missing_lines": 1, "excluded_lines": 0, "percent_statements_covered": 0.0, "percent_statements_covered_display": "0"}, "missing_lines": [1769], "excluded_lines": [], "start_line": 1720}, "Detector.unfold_scipy_direct_method": {"executed_lines": [], "summary": {"covered_lines": 0, "num_statements": 1, "percent_covered": 0.0, "percent_covered_display": "0", "missing_lines": 1, "excluded_lines": 0, "percent_statements_covered": 0.0, "percent_statements_covered_display": "0"}, "missing_lines": [1833], "excluded_lines": [], "start_line": 1790}, "Detector.unfold_tsvd": {"executed_lines": [], "summary": {"covered_lines": 0, "num_statements": 1, "percent_covered": 0.0, "percent_covered_display": "0", "missing_lines": 1, "excluded_lines": 0, "percent_statements_covered": 0.0, "percent_statements_covered_display": "0"}, "missing_lines": [1896], "excluded_lines": [], "start_line": 1852}, "Detector.unfold_fruit_like": {"executed_lines": [], "summary": {"covered_lines": 0, "num_statements": 1, "percent_covered": 0.0, "percent_covered_display": "0", "missing_lines": 1, "excluded_lines": 0, "percent_statements_covered": 0.0, "percent_statements_covered_display": "0"}, "missing_lines": [1959], "excluded_lines": [], "start_line": 1915}, "Detector.unfold_hybrid_parametric": {"executed_lines": [], "summary": {"covered_lines": 0, "num_statements": 1, "percent_covered": 0.0, "percent_covered_display": "0", "missing_lines": 1, "excluded_lines": 0, "percent_statements_covered": 0.0, "percent_statements_covered_display": "0"}, "missing_lines": [2026], "excluded_lines": [], "start_line": 1977}, "Detector.unfold_bayesian_parametric": {"executed_lines": [], "summary": {"covered_lines": 0, "num_statements": 1, "percent_covered": 0.0, "percent_covered_display": "0", "missing_lines": 1, "excluded_lines": 0, "percent_statements_covered": 0.0, "percent_statements_covered_display": "0"}, "missing_lines": [2095], "excluded_lines": [], "start_line": 2046}, "Detector.unfold_parametric": {"executed_lines": [], "summary": {"covered_lines": 0, "num_statements": 1, "percent_covered": 0.0, "percent_covered_display": "0", "missing_lines": 1, "excluded_lines": 0, "percent_statements_covered": 0.0, "percent_statements_covered_display": "0"}, "missing_lines": [2187], "excluded_lines": [], "start_line": 2115}, "Detector.unfold_parametric2": {"executed_lines": [], "summary": {"covered_lines": 0, "num_statements": 1, "percent_covered": 0.0, "percent_covered_display": "0", "missing_lines": 1, "excluded_lines": 0, "percent_statements_covered": 0.0, "percent_statements_covered_display": "0"}, "missing_lines": [2287], "excluded_lines": [], "start_line": 2211}, "Detector.plot_response_functions": {"executed_lines": [], "summary": {"covered_lines": 0, "num_statements": 14, "percent_covered": 0.0, "percent_covered_display": "0", "missing_lines": 14, "excluded_lines": 0, "percent_statements_covered": 0.0, "percent_statements_covered_display": "0"}, "missing_lines": [2322, 2324, 2326, 2327, 2329, 2330, 2331, 2332, 2333, 2334, 2336, 2338, 2339, 2340], "excluded_lines": [], "start_line": 2313}, "Detector.plot_with_uncertainty": {"executed_lines": [], "summary": {"covered_lines": 0, "num_statements": 6, "percent_covered": 0.0, "percent_covered_display": "0", "missing_lines": 6, "excluded_lines": 0, "percent_statements_covered": 0.0, "percent_statements_covered_display": "0"}, "missing_lines": [2372, 2373, 2374, 2375, 2376, 2378], "excluded_lines": [], "start_line": 2342}, "Detector.compare_regularization_methods": {"executed_lines": [], "summary": {"covered_lines": 0, "num_statements": 3, "percent_covered": 0.0, "percent_covered_display": "0", "missing_lines": 3, "excluded_lines": 0, "percent_statements_covered": 0.0, "percent_statements_covered_display": "0"}, "missing_lines": [2415, 2416, 2417], "excluded_lines": [], "start_line": 2390}, "Detector.randomization_experiment": {"executed_lines": [], "summary": {"covered_lines": 0, "num_statements": 3, "percent_covered": 0.0, "percent_covered_display": "0", "missing_lines": 3, "excluded_lines": 0, "percent_statements_covered": 0.0, "percent_statements_covered_display": "0"}, "missing_lines": [2449, 2450, 2451], "excluded_lines": [], "start_line": 2421}, "Detector.compare": {"executed_lines": [], "summary": {"covered_lines": 0, "num_statements": 96, "percent_covered": 0.0, "percent_covered_display": "0", "missing_lines": 96, "excluded_lines": 0, "percent_statements_covered": 0.0, "percent_statements_covered_display": "0"}, "missing_lines": [2527, 2529, 2530, 2531, 2532, 2538, 2539, 2540, 2541, 2543, 2544, 2545, 2547, 2548, 2551, 2552, 2553, 2554, 2556, 2560, 2561, 2562, 2563, 2564, 2565, 2566, 2567, 2568, 2569, 2570, 2572, 2576, 2577, 2579, 2580, 2581, 2582, 2588, 2589, 2590, 2592, 2593, 2594, 2599, 2600, 2601, 2602, 2603, 2606, 2607, 2613, 2614, 2615, 2616, 2617, 2622, 2623, 2626, 2627, 2628, 2629, 2631, 2634, 2635, 2636, 2643, 2644, 2645, 2646, 2647, 2648, 2651, 2652, 2653, 2655, 2656, 2658, 2659, 2660, 2661, 2662, 2663, 2664, 2665, 2666, 2669, 2670, 2671, 2672, 2681, 2683, 2684, 2685, 2687, 2688, 2689], "excluded_lines": [], "start_line": 2459}, "": {"executed_lines": [7, 8, 9, 10, 12, 13, 14, 15, 16, 17, 22, 26, 27, 28, 29, 30, 31, 32, 33, 34, 35, 36, 37, 38, 39, 40, 41, 42, 43, 44, 45, 46, 47, 48, 49, 50, 51, 53, 55, 58, 114, 168, 226, 242, 243, 247, 248, 252, 280, 290, 296, 309, 339, 368, 382, 390, 394, 400, 435, 447, 476, 546, 604, 662, 741, 832, 894, 961, 1031, 1091, 1158, 1197, 1203, 1253, 1254, 1264, 1290, 1352, 1414, 1476, 1538, 1596, 1654, 1720, 1790, 1852, 1915, 1977, 2046, 2115, 2211, 2313, 2342, 2390, 2421, 2459], "summary": {"covered_lines": 96, "num_statements": 96, "percent_covered": 100.0, "percent_covered_display": "100", "missing_lines": 0, "excluded_lines": 1, "percent_statements_covered": 100.0, "percent_statements_covered_display": "100"}, "missing_lines": [], "excluded_lines": [235], "start_line": 1}}, "classes": {"Detector": {"executed_lines": [], "summary": {"covered_lines": 0, "num_statements": 303, "percent_covered": 0.0, "percent_covered_display": "0", "missing_lines": 303, "excluded_lines": 5, "percent_statements_covered": 0.0, "percent_statements_covered_display": "0"}, "missing_lines": [142, 143, 147, 148, 149, 150, 152, 153, 154, 155, 157, 161, 162, 165, 166, 176, 177, 180, 181, 182, 183, 186, 187, 188, 189, 190, 191, 195, 196, 197, 198, 199, 202, 203, 207, 210, 211, 212, 213, 215, 218, 219, 221, 228, 229, 245, 250, 277, 278, 288, 294, 300, 303, 304, 307, 319, 320, 321, 323, 336, 337, 343, 344, 345, 347, 348, 350, 351, 353, 354, 355, 358, 359, 361, 363, 364, 366, 370, 371, 372, 374, 375, 376, 377, 379, 380, 386, 387, 388, 392, 396, 397, 398, 405, 406, 408, 409, 410, 414, 416, 417, 418, 419, 421, 424, 425, 426, 427, 428, 430, 439, 440, 442, 443, 445, 469, 470, 525, 586, 644, 718, 807, 876, 942, 1010, 1073, 1139, 1183, 1201, 1207, 1208, 1209, 1210, 1212, 1217, 1218, 1220, 1222, 1226, 1227, 1228, 1229, 1231, 1233, 1234, 1236, 1238, 1239, 1244, 1245, 1246, 1247, 1248, 1249, 1251, 1256, 1257, 1258, 1259, 1273, 1274, 1275, 1276, 1279, 1282, 1288, 1333, 1395, 1457, 1519, 1578, 1636, 1700, 1769, 1833, 1896, 1959, 2026, 2095, 2187, 2287, 2322, 2324, 2326, 2327, 2329, 2330, 2331, 2332, 2333, 2334, 2336, 2338, 2339, 2340, 2372, 2373, 2374, 2375, 2376, 2378, 2415, 2416, 2417, 2449, 2450, 2451, 2527, 2529, 2530, 2531, 2532, 2538, 2539, 2540, 2541, 2543, 2544, 2545, 2547, 2548, 2551, 2552, 2553, 2554, 2556, 2560, 2561, 2562, 2563, 2564, 2565, 2566, 2567, 2568, 2569, 2570, 2572, 2576, 2577, 2579, 2580, 2581, 2582, 2588, 2589, 2590, 2592, 2593, 2594, 2599, 2600, 2601, 2602, 2603, 2606, 2607, 2613, 2614, 2615, 2616, 2617, 2622, 2623, 2626, 2627, 2628, 2629, 2631, 2634, 2635, 2636, 2643, 2644, 2645, 2646, 2647, 2648, 2651, 2652, 2653, 2655, 2656, 2658, 2659, 2660, 2661, 2662, 2663, 2664, 2665, 2666, 2669, 2670, 2671, 2672, 2681, 2683, 2684, 2685, 2687, 2688, 2689], "excluded_lines": [236, 237, 238, 239, 240], "start_line": 58}, "": {"executed_lines": [7, 8, 9, 10, 12, 13, 14, 15, 16, 17, 22, 26, 27, 28, 29, 30, 31, 32, 33, 34, 35, 36, 37, 38, 39, 40, 41, 42, 43, 44, 45, 46, 47, 48, 49, 50, 51, 53, 55, 58, 114, 168, 226, 242, 243, 247, 248, 252, 280, 290, 296, 309, 339, 368, 382, 390, 394, 400, 435, 447, 476, 546, 604, 662, 741, 832, 894, 961, 1031, 1091, 1158, 1197, 1203, 1253, 1254, 1264, 1290, 1352, 1414, 1476, 1538, 1596, 1654, 1720, 1790, 1852, 1915, 1977, 2046, 2115, 2211, 2313, 2342, 2390, 2421, 2459], "summary": {"covered_lines": 96, "num_statements": 96, "percent_covered": 100.0, "percent_covered_display": "100", "missing_lines": 0, "excluded_lines": 1, "percent_statements_covered": 100.0, "percent_statements_covered_display": "100"}, "missing_lines": [], "excluded_lines": [235], "start_line": 1}}}, "src/bssunfold/core/dose_calculation.py": {"executed_lines": [8, 9, 10, 12, 20, 23, 26, 29, 49, 69, 111, 162], "summary": {"covered_lines": 12, "num_statements": 55, "percent_covered": 21.818181818181817, "percent_covered_display": "22", "missing_lines": 43, "excluded_lines": 0, "percent_statements_covered": 21.818181818181817, "percent_statements_covered_display": "22"}, "missing_lines": [31, 32, 34, 41, 59, 60, 61, 62, 63, 64, 66, 99, 101, 102, 103, 108, 142, 143, 145, 147, 148, 149, 150, 151, 153, 154, 155, 156, 157, 159, 189, 190, 192, 193, 195, 196, 197, 198, 199, 200, 201, 202, 204], "excluded_lines": [], "functions": {"_build_registry": {"executed_lines": [], "summary": {"covered_lines": 0, "num_statements": 4, "percent_covered": 0.0, "percent_covered_display": "0", "missing_lines": 4, "excluded_lines": 0, "percent_statements_covered": 0.0, "percent_statements_covered_display": "0"}, "missing_lines": [31, 32, 34, 41], "excluded_lines": [], "start_line": 29}, "get_icrp116_coefficients": {"executed_lines": [], "summary": {"covered_lines": 0, "num_statements": 7, "percent_covered": 0.0, "percent_covered_display": "0", "missing_lines": 7, "excluded_lines": 0, "percent_statements_covered": 0.0, "percent_statements_covered_display": "0"}, "missing_lines": [59, 60, 61, 62, 63, 64, 66], "excluded_lines": [], "start_line": 49}, "get_coefficients": {"executed_lines": [], "summary": {"covered_lines": 0, "num_statements": 5, "percent_covered": 0.0, "percent_covered_display": "0", "missing_lines": 5, "excluded_lines": 0, "percent_statements_covered": 0.0, "percent_statements_covered_display": "0"}, "missing_lines": [99, 101, 102, 103, 108], "excluded_lines": [], "start_line": 69}, "interpolate_coefficients": {"executed_lines": [], "summary": {"covered_lines": 0, "num_statements": 14, "percent_covered": 0.0, "percent_covered_display": "0", "missing_lines": 14, "excluded_lines": 0, "percent_statements_covered": 0.0, "percent_statements_covered_display": "0"}, "missing_lines": [142, 143, 145, 147, 148, 149, 150, 151, 153, 154, 155, 156, 157, 159], "excluded_lines": [], "start_line": 111}, "calculate_dose_rates": {"executed_lines": [], "summary": {"covered_lines": 0, "num_statements": 13, "percent_covered": 0.0, "percent_covered_display": "0", "missing_lines": 13, "excluded_lines": 0, "percent_statements_covered": 0.0, "percent_statements_covered_display": "0"}, "missing_lines": [189, 190, 192, 193, 195, 196, 197, 198, 199, 200, 201, 202, 204], "excluded_lines": [], "start_line": 162}, "": {"executed_lines": [8, 9, 10, 12, 20, 23, 26, 29, 49, 69, 111, 162], "summary": {"covered_lines": 12, "num_statements": 12, "percent_covered": 100.0, "percent_covered_display": "100", "missing_lines": 0, "excluded_lines": 0, "percent_statements_covered": 100.0, "percent_statements_covered_display": "100"}, "missing_lines": [], "excluded_lines": [], "start_line": 1}}, "classes": {"": {"executed_lines": [8, 9, 10, 12, 20, 23, 26, 29, 49, 69, 111, 162], "summary": {"covered_lines": 12, "num_statements": 55, "percent_covered": 21.818181818181817, "percent_covered_display": "22", "missing_lines": 43, "excluded_lines": 0, "percent_statements_covered": 21.818181818181817, "percent_statements_covered_display": "22"}, "missing_lines": [31, 32, 34, 41, 59, 60, 61, 62, 63, 64, 66, 99, 101, 102, 103, 108, 142, 143, 145, 147, 148, 149, 150, 151, 153, 154, 155, 156, 157, 159, 189, 190, 192, 193, 195, 196, 197, 198, 199, 200, 201, 202, 204], "excluded_lines": [], "start_line": 1}}}, "src/bssunfold/core/regularization.py": {"executed_lines": [7, 8, 9, 11, 13, 24, 47, 97, 144, 197, 244, 287, 344, 381, 444, 522], "summary": {"covered_lines": 16, "num_statements": 214, "percent_covered": 7.4766355140186915, "percent_covered_display": "7", "missing_lines": 198, "excluded_lines": 0, "percent_statements_covered": 7.4766355140186915, "percent_statements_covered_display": "7"}, "missing_lines": [42, 43, 44, 82, 83, 84, 85, 86, 87, 88, 89, 91, 121, 122, 124, 125, 127, 128, 129, 131, 132, 134, 136, 137, 141, 151, 152, 153, 155, 156, 157, 158, 159, 161, 162, 164, 165, 166, 167, 168, 169, 170, 171, 172, 174, 175, 178, 179, 183, 184, 186, 187, 188, 190, 191, 193, 194, 221, 222, 224, 225, 227, 228, 229, 231, 232, 234, 236, 237, 241, 255, 256, 259, 260, 262, 264, 270, 271, 274, 275, 277, 278, 280, 281, 283, 284, 314, 315, 317, 318, 320, 321, 323, 325, 326, 327, 329, 330, 332, 334, 335, 339, 340, 341, 352, 353, 354, 355, 357, 358, 359, 361, 363, 364, 366, 367, 368, 369, 370, 371, 372, 375, 376, 378, 413, 414, 417, 418, 419, 420, 423, 424, 426, 428, 429, 430, 433, 434, 435, 437, 438, 440, 441, 482, 483, 484, 485, 490, 491, 492, 495, 496, 497, 498, 499, 500, 501, 502, 504, 510, 511, 513, 566, 567, 568, 569, 574, 575, 578, 579, 580, 583, 585, 586, 588, 589, 590, 591, 592, 593, 594, 597, 598, 599, 600, 601, 602, 605, 607, 608, 611, 612, 613, 614, 615, 616, 618, 629], "excluded_lines": [], "functions": {"_estimate_noise_variance": {"executed_lines": [], "summary": {"covered_lines": 0, "num_statements": 3, "percent_covered": 0.0, "percent_covered_display": "0", "missing_lines": 3, "excluded_lines": 0, "percent_statements_covered": 0.0, "percent_statements_covered_display": "0"}, "missing_lines": [42, 43, 44], "excluded_lines": [], "start_line": 24}, "select_regularization_parameter": {"executed_lines": [], "summary": {"covered_lines": 0, "num_statements": 9, "percent_covered": 0.0, "percent_covered_display": "0", "missing_lines": 9, "excluded_lines": 0, "percent_statements_covered": 0.0, "percent_statements_covered_display": "0"}, "missing_lines": [82, 83, 84, 85, 86, 87, 88, 89, 91], "excluded_lines": [], "start_line": 47}, "lcurve_selection": {"executed_lines": [], "summary": {"covered_lines": 0, "num_statements": 13, "percent_covered": 0.0, "percent_covered_display": "0", "missing_lines": 13, "excluded_lines": 0, "percent_statements_covered": 0.0, "percent_statements_covered_display": "0"}, "missing_lines": [121, 122, 124, 125, 127, 128, 129, 131, 132, 134, 136, 137, 141], "excluded_lines": [], "start_line": 97}, "_lcurve_fallback": {"executed_lines": [], "summary": {"covered_lines": 0, "num_statements": 32, "percent_covered": 0.0, "percent_covered_display": "0", "missing_lines": 32, "excluded_lines": 0, "percent_statements_covered": 0.0, "percent_statements_covered_display": "0"}, "missing_lines": [151, 152, 153, 155, 156, 157, 158, 159, 161, 162, 164, 165, 166, 167, 168, 169, 170, 171, 172, 174, 175, 178, 179, 183, 184, 186, 187, 188, 190, 191, 193, 194], "excluded_lines": [], "start_line": 144}, "gcv_selection": {"executed_lines": [], "summary": {"covered_lines": 0, "num_statements": 13, "percent_covered": 0.0, "percent_covered_display": "0", "missing_lines": 13, "excluded_lines": 0, "percent_statements_covered": 0.0, "percent_statements_covered_display": "0"}, "missing_lines": [221, 222, 224, 225, 227, 228, 229, 231, 232, 234, 236, 237, 241], "excluded_lines": [], "start_line": 197}, "_gcv_fallback": {"executed_lines": [], "summary": {"covered_lines": 0, "num_statements": 16, "percent_covered": 0.0, "percent_covered_display": "0", "missing_lines": 16, "excluded_lines": 0, "percent_statements_covered": 0.0, "percent_statements_covered_display": "0"}, "missing_lines": [255, 256, 259, 260, 262, 264, 270, 271, 274, 275, 277, 278, 280, 281, 283, 284], "excluded_lines": [], "start_line": 244}, "discrepancy_principle_selection": {"executed_lines": [], "summary": {"covered_lines": 0, "num_statements": 18, "percent_covered": 0.0, "percent_covered_display": "0", "missing_lines": 18, "excluded_lines": 0, "percent_statements_covered": 0.0, "percent_statements_covered_display": "0"}, "missing_lines": [314, 315, 317, 318, 320, 321, 323, 325, 326, 327, 329, 330, 332, 334, 335, 339, 340, 341], "excluded_lines": [], "start_line": 287}, "_dp_fallback": {"executed_lines": [], "summary": {"covered_lines": 0, "num_statements": 20, "percent_covered": 0.0, "percent_covered_display": "0", "missing_lines": 20, "excluded_lines": 0, "percent_statements_covered": 0.0, "percent_statements_covered_display": "0"}, "missing_lines": [352, 353, 354, 355, 357, 358, 359, 361, 363, 364, 366, 367, 368, 369, 370, 371, 372, 375, 376, 378], "excluded_lines": [], "start_line": 344}, "cosine_similarity_selection": {"executed_lines": [], "summary": {"covered_lines": 0, "num_statements": 19, "percent_covered": 0.0, "percent_covered_display": "0", "missing_lines": 19, "excluded_lines": 0, "percent_statements_covered": 0.0, "percent_statements_covered_display": "0"}, "missing_lines": [413, 414, 417, 418, 419, 420, 423, 424, 426, 428, 429, 430, 433, 434, 435, 437, 438, 440, 441], "excluded_lines": [], "start_line": 381}, "compare_regularization_methods": {"executed_lines": [], "summary": {"covered_lines": 0, "num_statements": 19, "percent_covered": 0.0, "percent_covered_display": "0", "missing_lines": 19, "excluded_lines": 0, "percent_statements_covered": 0.0, "percent_statements_covered_display": "0"}, "missing_lines": [482, 483, 484, 485, 490, 491, 492, 495, 496, 497, 498, 499, 500, 501, 502, 504, 510, 511, 513], "excluded_lines": [], "start_line": 444}, "randomization_experiment": {"executed_lines": [], "summary": {"covered_lines": 0, "num_statements": 36, "percent_covered": 0.0, "percent_covered_display": "0", "missing_lines": 36, "excluded_lines": 0, "percent_statements_covered": 0.0, "percent_statements_covered_display": "0"}, "missing_lines": [566, 567, 568, 569, 574, 575, 578, 579, 580, 583, 585, 586, 588, 589, 590, 591, 592, 593, 594, 597, 598, 599, 600, 601, 602, 605, 607, 608, 611, 612, 613, 614, 615, 616, 618, 629], "excluded_lines": [], "start_line": 522}, "": {"executed_lines": [7, 8, 9, 11, 13, 24, 47, 97, 144, 197, 244, 287, 344, 381, 444, 522], "summary": {"covered_lines": 16, "num_statements": 16, "percent_covered": 100.0, "percent_covered_display": "100", "missing_lines": 0, "excluded_lines": 0, "percent_statements_covered": 100.0, "percent_statements_covered_display": "100"}, "missing_lines": [], "excluded_lines": [], "start_line": 1}}, "classes": {"": {"executed_lines": [7, 8, 9, 11, 13, 24, 47, 97, 144, 197, 244, 287, 344, 381, 444, 522], "summary": {"covered_lines": 16, "num_statements": 214, "percent_covered": 7.4766355140186915, "percent_covered_display": "7", "missing_lines": 198, "excluded_lines": 0, "percent_statements_covered": 7.4766355140186915, "percent_statements_covered_display": "7"}, "missing_lines": [42, 43, 44, 82, 83, 84, 85, 86, 87, 88, 89, 91, 121, 122, 124, 125, 127, 128, 129, 131, 132, 134, 136, 137, 141, 151, 152, 153, 155, 156, 157, 158, 159, 161, 162, 164, 165, 166, 167, 168, 169, 170, 171, 172, 174, 175, 178, 179, 183, 184, 186, 187, 188, 190, 191, 193, 194, 221, 222, 224, 225, 227, 228, 229, 231, 232, 234, 236, 237, 241, 255, 256, 259, 260, 262, 264, 270, 271, 274, 275, 277, 278, 280, 281, 283, 284, 314, 315, 317, 318, 320, 321, 323, 325, 326, 327, 329, 330, 332, 334, 335, 339, 340, 341, 352, 353, 354, 355, 357, 358, 359, 361, 363, 364, 366, 367, 368, 369, 370, 371, 372, 375, 376, 378, 413, 414, 417, 418, 419, 420, 423, 424, 426, 428, 429, 430, 433, 434, 435, 437, 438, 440, 441, 482, 483, 484, 485, 490, 491, 492, 495, 496, 497, 498, 499, 500, 501, 502, 504, 510, 511, 513, 566, 567, 568, 569, 574, 575, 578, 579, 580, 583, 585, 586, 588, 589, 590, 591, 592, 593, 594, 597, 598, 599, 600, 601, 602, 605, 607, 608, 611, 612, 613, 614, 615, 616, 618, 629], "excluded_lines": [], "start_line": 1}}}, "src/bssunfold/core/unfold_bayes.py": {"executed_lines": [8, 9, 11, 13, 16, 94], "summary": {"covered_lines": 6, "num_statements": 31, "percent_covered": 19.35483870967742, "percent_covered_display": "19", "missing_lines": 25, "excluded_lines": 0, "percent_statements_covered": 19.35483870967742, "percent_statements_covered_display": "19"}, "missing_lines": [48, 51, 52, 53, 56, 59, 60, 62, 64, 65, 67, 68, 71, 72, 76, 77, 80, 81, 84, 87, 88, 89, 91, 151, 153], "excluded_lines": [], "functions": {"solve_bayes": {"executed_lines": [], "summary": {"covered_lines": 0, "num_statements": 23, "percent_covered": 0.0, "percent_covered_display": "0", "missing_lines": 23, "excluded_lines": 0, "percent_statements_covered": 0.0, "percent_statements_covered_display": "0"}, "missing_lines": [48, 51, 52, 53, 56, 59, 60, 62, 64, 65, 67, 68, 71, 72, 76, 77, 80, 81, 84, 87, 88, 89, 91], "excluded_lines": [], "start_line": 16}, "unfold_bayes": {"executed_lines": [], "summary": {"covered_lines": 0, "num_statements": 2, "percent_covered": 0.0, "percent_covered_display": "0", "missing_lines": 2, "excluded_lines": 0, "percent_statements_covered": 0.0, "percent_statements_covered_display": "0"}, "missing_lines": [151, 153], "excluded_lines": [], "start_line": 94}, "": {"executed_lines": [8, 9, 11, 13, 16, 94], "summary": {"covered_lines": 6, "num_statements": 6, "percent_covered": 100.0, "percent_covered_display": "100", "missing_lines": 0, "excluded_lines": 0, "percent_statements_covered": 100.0, "percent_statements_covered_display": "100"}, "missing_lines": [], "excluded_lines": [], "start_line": 1}}, "classes": {"": {"executed_lines": [8, 9, 11, 13, 16, 94], "summary": {"covered_lines": 6, "num_statements": 31, "percent_covered": 19.35483870967742, "percent_covered_display": "19", "missing_lines": 25, "excluded_lines": 0, "percent_statements_covered": 19.35483870967742, "percent_statements_covered_display": "19"}, "missing_lines": [48, 51, 52, 53, 56, 59, 60, 62, 64, 65, 67, 68, 71, 72, 76, 77, 80, 81, 84, 87, 88, 89, 91, 151, 153], "excluded_lines": [], "start_line": 1}}}, "src/bssunfold/core/unfold_bayes_spline_regularization.py": {"executed_lines": [10, 11, 13, 15, 18, 128], "summary": {"covered_lines": 6, "num_statements": 41, "percent_covered": 14.634146341463415, "percent_covered_display": "15", "missing_lines": 35, "excluded_lines": 0, "percent_statements_covered": 14.634146341463415, "percent_statements_covered_display": "15"}, "missing_lines": [58, 60, 63, 64, 65, 68, 71, 72, 74, 76, 77, 79, 81, 82, 85, 86, 90, 91, 95, 96, 99, 105, 106, 107, 110, 111, 113, 115, 118, 121, 122, 123, 125, 191, 193], "excluded_lines": [], "functions": {"solve_bayes_spline": {"executed_lines": [], "summary": {"covered_lines": 0, "num_statements": 33, "percent_covered": 0.0, "percent_covered_display": "0", "missing_lines": 33, "excluded_lines": 0, "percent_statements_covered": 0.0, "percent_statements_covered_display": "0"}, "missing_lines": [58, 60, 63, 64, 65, 68, 71, 72, 74, 76, 77, 79, 81, 82, 85, 86, 90, 91, 95, 96, 99, 105, 106, 107, 110, 111, 113, 115, 118, 121, 122, 123, 125], "excluded_lines": [], "start_line": 18}, "unfold_bayes_spline_regularization": {"executed_lines": [], "summary": {"covered_lines": 0, "num_statements": 2, "percent_covered": 0.0, "percent_covered_display": "0", "missing_lines": 2, "excluded_lines": 0, "percent_statements_covered": 0.0, "percent_statements_covered_display": "0"}, "missing_lines": [191, 193], "excluded_lines": [], "start_line": 128}, "": {"executed_lines": [10, 11, 13, 15, 18, 128], "summary": {"covered_lines": 6, "num_statements": 6, "percent_covered": 100.0, "percent_covered_display": "100", "missing_lines": 0, "excluded_lines": 0, "percent_statements_covered": 100.0, "percent_statements_covered_display": "100"}, "missing_lines": [], "excluded_lines": [], "start_line": 1}}, "classes": {"": {"executed_lines": [10, 11, 13, 15, 18, 128], "summary": {"covered_lines": 6, "num_statements": 41, "percent_covered": 14.634146341463415, "percent_covered_display": "15", "missing_lines": 35, "excluded_lines": 0, "percent_statements_covered": 14.634146341463415, "percent_statements_covered_display": "15"}, "missing_lines": [58, 60, 63, 64, 65, 68, 71, 72, 74, 76, 77, 79, 81, 82, 85, 86, 90, 91, 95, 96, 99, 105, 106, 107, 110, 111, 113, 115, 118, 121, 122, 123, 125, 191, 193], "excluded_lines": [], "start_line": 1}}}, "src/bssunfold/core/unfold_bayesian_parametric.py": {"executed_lines": [18, 19, 21, 22, 24, 27, 60, 87, 103, 152, 225], "summary": {"covered_lines": 11, "num_statements": 94, "percent_covered": 11.702127659574469, "percent_covered_display": "12", "missing_lines": 83, "excluded_lines": 0, "percent_statements_covered": 11.702127659574469, "percent_statements_covered_display": "12"}, "missing_lines": [29, 30, 31, 32, 33, 35, 37, 38, 39, 41, 42, 43, 45, 46, 47, 49, 50, 51, 53, 54, 55, 57, 69, 71, 72, 73, 74, 75, 77, 78, 80, 81, 83, 84, 96, 97, 98, 99, 100, 116, 118, 119, 121, 122, 124, 125, 126, 127, 128, 129, 130, 131, 133, 135, 136, 137, 138, 139, 141, 142, 143, 145, 146, 148, 149, 194, 195, 203, 204, 209, 210, 218, 220, 221, 222, 288, 290, 292, 293, 298, 300, 302, 328], "excluded_lines": [], "functions": {"_log_prior": {"executed_lines": [], "summary": {"covered_lines": 0, "num_statements": 22, "percent_covered": 0.0, "percent_covered_display": "0", "missing_lines": 22, "excluded_lines": 0, "percent_statements_covered": 0.0, "percent_statements_covered_display": "0"}, "missing_lines": [29, 30, 31, 32, 33, 35, 37, 38, 39, 41, 42, 43, 45, 46, 47, 49, 50, 51, 53, 54, 55, 57], "excluded_lines": [], "start_line": 27}, "_log_likelihood": {"executed_lines": [], "summary": {"covered_lines": 0, "num_statements": 12, "percent_covered": 0.0, "percent_covered_display": "0", "missing_lines": 12, "excluded_lines": 0, "percent_statements_covered": 0.0, "percent_statements_covered_display": "0"}, "missing_lines": [69, 71, 72, 73, 74, 75, 77, 78, 80, 81, 83, 84], "excluded_lines": [], "start_line": 60}, "_log_posterior": {"executed_lines": [], "summary": {"covered_lines": 0, "num_statements": 5, "percent_covered": 0.0, "percent_covered_display": "0", "missing_lines": 5, "excluded_lines": 0, "percent_statements_covered": 0.0, "percent_statements_covered_display": "0"}, "missing_lines": [96, 97, 98, 99, 100], "excluded_lines": [], "start_line": 87}, "_metropolis_hastings": {"executed_lines": [], "summary": {"covered_lines": 0, "num_statements": 26, "percent_covered": 0.0, "percent_covered_display": "0", "missing_lines": 26, "excluded_lines": 0, "percent_statements_covered": 0.0, "percent_statements_covered_display": "0"}, "missing_lines": [116, 118, 119, 121, 122, 124, 125, 126, 127, 128, 129, 130, 131, 133, 135, 136, 137, 138, 139, 141, 142, 143, 145, 146, 148, 149], "excluded_lines": [], "start_line": 103}, "solve_bayesian_parametric": {"executed_lines": [], "summary": {"covered_lines": 0, "num_statements": 10, "percent_covered": 0.0, "percent_covered_display": "0", "missing_lines": 10, "excluded_lines": 0, "percent_statements_covered": 0.0, "percent_statements_covered_display": "0"}, "missing_lines": [194, 195, 203, 204, 209, 210, 218, 220, 221, 222], "excluded_lines": [], "start_line": 152}, "unfold_bayesian_parametric": {"executed_lines": [], "summary": {"covered_lines": 0, "num_statements": 6, "percent_covered": 0.0, "percent_covered_display": "0", "missing_lines": 6, "excluded_lines": 0, "percent_statements_covered": 0.0, "percent_statements_covered_display": "0"}, "missing_lines": [288, 290, 292, 300, 302, 328], "excluded_lines": [], "start_line": 225}, "unfold_bayesian_parametric.solve_wrapper": {"executed_lines": [], "summary": {"covered_lines": 0, "num_statements": 2, "percent_covered": 0.0, "percent_covered_display": "0", "missing_lines": 2, "excluded_lines": 0, "percent_statements_covered": 0.0, "percent_statements_covered_display": "0"}, "missing_lines": [293, 298], "excluded_lines": [], "start_line": 292}, "": {"executed_lines": [18, 19, 21, 22, 24, 27, 60, 87, 103, 152, 225], "summary": {"covered_lines": 11, "num_statements": 11, "percent_covered": 100.0, "percent_covered_display": "100", "missing_lines": 0, "excluded_lines": 0, "percent_statements_covered": 100.0, "percent_statements_covered_display": "100"}, "missing_lines": [], "excluded_lines": [], "start_line": 1}}, "classes": {"": {"executed_lines": [18, 19, 21, 22, 24, 27, 60, 87, 103, 152, 225], "summary": {"covered_lines": 11, "num_statements": 94, "percent_covered": 11.702127659574469, "percent_covered_display": "12", "missing_lines": 83, "excluded_lines": 0, "percent_statements_covered": 11.702127659574469, "percent_statements_covered_display": "12"}, "missing_lines": [29, 30, 31, 32, 33, 35, 37, 38, 39, 41, 42, 43, 45, 46, 47, 49, 50, 51, 53, 54, 55, 57, 69, 71, 72, 73, 74, 75, 77, 78, 80, 81, 83, 84, 96, 97, 98, 99, 100, 116, 118, 119, 121, 122, 124, 125, 126, 127, 128, 129, 130, 131, 133, 135, 136, 137, 138, 139, 141, 142, 143, 145, 146, 148, 149, 194, 195, 203, 204, 209, 210, 218, 220, 221, 222, 288, 290, 292, 293, 298, 300, 302, 328], "excluded_lines": [], "start_line": 1}}}, "src/bssunfold/core/unfold_combined.py": {"executed_lines": [8, 9, 11, 13, 16], "summary": {"covered_lines": 5, "num_statements": 59, "percent_covered": 8.474576271186441, "percent_covered_display": "8", "missing_lines": 54, "excluded_lines": 0, "percent_statements_covered": 8.474576271186441, "percent_statements_covered_display": "8"}, "missing_lines": [62, 63, 64, 65, 66, 67, 68, 69, 70, 71, 73, 74, 75, 77, 78, 80, 81, 82, 83, 84, 86, 87, 89, 90, 91, 92, 95, 108, 109, 114, 117, 118, 120, 122, 123, 133, 134, 135, 137, 138, 139, 140, 144, 145, 147, 149, 150, 152, 153, 155, 156, 161, 162, 164], "excluded_lines": [], "functions": {"unfold_combined": {"executed_lines": [], "summary": {"covered_lines": 0, "num_statements": 54, "percent_covered": 0.0, "percent_covered_display": "0", "missing_lines": 54, "excluded_lines": 0, "percent_statements_covered": 0.0, "percent_statements_covered_display": "0"}, "missing_lines": [62, 63, 64, 65, 66, 67, 68, 69, 70, 71, 73, 74, 75, 77, 78, 80, 81, 82, 83, 84, 86, 87, 89, 90, 91, 92, 95, 108, 109, 114, 117, 118, 120, 122, 123, 133, 134, 135, 137, 138, 139, 140, 144, 145, 147, 149, 150, 152, 153, 155, 156, 161, 162, 164], "excluded_lines": [], "start_line": 16}, "": {"executed_lines": [8, 9, 11, 13, 16], "summary": {"covered_lines": 5, "num_statements": 5, "percent_covered": 100.0, "percent_covered_display": "100", "missing_lines": 0, "excluded_lines": 0, "percent_statements_covered": 100.0, "percent_statements_covered_display": "100"}, "missing_lines": [], "excluded_lines": [], "start_line": 1}}, "classes": {"": {"executed_lines": [8, 9, 11, 13, 16], "summary": {"covered_lines": 5, "num_statements": 59, "percent_covered": 8.474576271186441, "percent_covered_display": "8", "missing_lines": 54, "excluded_lines": 0, "percent_statements_covered": 8.474576271186441, "percent_statements_covered_display": "8"}, "missing_lines": [62, 63, 64, 65, 66, 67, 68, 69, 70, 71, 73, 74, 75, 77, 78, 80, 81, 82, 83, 84, 86, 87, 89, 90, 91, 92, 95, 108, 109, 114, 117, 118, 120, 122, 123, 133, 134, 135, 137, 138, 139, 140, 144, 145, 147, 149, 150, 152, 153, 155, 156, 161, 162, 164], "excluded_lines": [], "start_line": 1}}}, "src/bssunfold/core/unfold_cvxpy.py": {"executed_lines": [7, 8, 9, 10, 12, 13, 14, 16, 18, 21, 65, 98], "summary": {"covered_lines": 12, "num_statements": 62, "percent_covered": 19.35483870967742, "percent_covered_display": "19", "missing_lines": 50, "excluded_lines": 0, "percent_statements_covered": 19.35483870967742, "percent_statements_covered_display": "19"}, "missing_lines": [29, 30, 31, 32, 36, 37, 38, 41, 43, 45, 46, 47, 48, 49, 50, 51, 52, 53, 54, 55, 56, 59, 62, 95, 164, 165, 166, 167, 168, 169, 170, 171, 172, 174, 176, 177, 178, 179, 180, 181, 184, 185, 186, 188, 192, 195, 197, 200, 202, 204], "excluded_lines": [], "functions": {"_solve_cvxpy_problem": {"executed_lines": [], "summary": {"covered_lines": 0, "num_statements": 23, "percent_covered": 0.0, "percent_covered_display": "0", "missing_lines": 23, "excluded_lines": 0, "percent_statements_covered": 0.0, "percent_statements_covered_display": "0"}, "missing_lines": [29, 30, 31, 32, 36, 37, 38, 41, 43, 45, 46, 47, 48, 49, 50, 51, 52, 53, 54, 55, 56, 59, 62], "excluded_lines": [], "start_line": 21}, "solve_cvxpy": {"executed_lines": [], "summary": {"covered_lines": 0, "num_statements": 1, "percent_covered": 0.0, "percent_covered_display": "0", "missing_lines": 1, "excluded_lines": 0, "percent_statements_covered": 0.0, "percent_statements_covered_display": "0"}, "missing_lines": [95], "excluded_lines": [], "start_line": 65}, "unfold_cvxpy": {"executed_lines": [], "summary": {"covered_lines": 0, "num_statements": 26, "percent_covered": 0.0, "percent_covered_display": "0", "missing_lines": 26, "excluded_lines": 0, "percent_statements_covered": 0.0, "percent_statements_covered_display": "0"}, "missing_lines": [164, 165, 166, 167, 168, 169, 170, 171, 172, 174, 176, 177, 178, 179, 180, 181, 184, 185, 186, 188, 192, 195, 197, 200, 202, 204], "excluded_lines": [], "start_line": 98}, "": {"executed_lines": [7, 8, 9, 10, 12, 13, 14, 16, 18, 21, 65, 98], "summary": {"covered_lines": 12, "num_statements": 12, "percent_covered": 100.0, "percent_covered_display": "100", "missing_lines": 0, "excluded_lines": 0, "percent_statements_covered": 100.0, "percent_statements_covered_display": "100"}, "missing_lines": [], "excluded_lines": [], "start_line": 1}}, "classes": {"": {"executed_lines": [7, 8, 9, 10, 12, 13, 14, 16, 18, 21, 65, 98], "summary": {"covered_lines": 12, "num_statements": 62, "percent_covered": 19.35483870967742, "percent_covered_display": "19", "missing_lines": 50, "excluded_lines": 0, "percent_statements_covered": 19.35483870967742, "percent_statements_covered_display": "19"}, "missing_lines": [29, 30, 31, 32, 36, 37, 38, 41, 43, 45, 46, 47, 48, 49, 50, 51, 52, 53, 54, 55, 56, 59, 62, 95, 164, 165, 166, 167, 168, 169, 170, 171, 172, 174, 176, 177, 178, 179, 180, 181, 184, 185, 186, 188, 192, 195, 197, 200, 202, 204], "excluded_lines": [], "start_line": 1}}}, "src/bssunfold/core/unfold_doroshenko.py": {"executed_lines": [7, 8, 10, 12, 15, 89], "summary": {"covered_lines": 6, "num_statements": 39, "percent_covered": 15.384615384615385, "percent_covered_display": "15", "missing_lines": 33, "excluded_lines": 0, "percent_statements_covered": 15.384615384615385, "percent_statements_covered_display": "15"}, "missing_lines": [48, 49, 51, 52, 53, 54, 55, 56, 59, 60, 61, 63, 64, 66, 67, 68, 69, 70, 71, 72, 73, 74, 75, 76, 78, 79, 80, 81, 83, 84, 86, 149, 151], "excluded_lines": [], "functions": {"solve_doroshenko": {"executed_lines": [], "summary": {"covered_lines": 0, "num_statements": 31, "percent_covered": 0.0, "percent_covered_display": "0", "missing_lines": 31, "excluded_lines": 0, "percent_statements_covered": 0.0, "percent_statements_covered_display": "0"}, "missing_lines": [48, 49, 51, 52, 53, 54, 55, 56, 59, 60, 61, 63, 64, 66, 67, 68, 69, 70, 71, 72, 73, 74, 75, 76, 78, 79, 80, 81, 83, 84, 86], "excluded_lines": [], "start_line": 15}, "unfold_doroshenko": {"executed_lines": [], "summary": {"covered_lines": 0, "num_statements": 2, "percent_covered": 0.0, "percent_covered_display": "0", "missing_lines": 2, "excluded_lines": 0, "percent_statements_covered": 0.0, "percent_statements_covered_display": "0"}, "missing_lines": [149, 151], "excluded_lines": [], "start_line": 89}, "": {"executed_lines": [7, 8, 10, 12, 15, 89], "summary": {"covered_lines": 6, "num_statements": 6, "percent_covered": 100.0, "percent_covered_display": "100", "missing_lines": 0, "excluded_lines": 0, "percent_statements_covered": 100.0, "percent_statements_covered_display": "100"}, "missing_lines": [], "excluded_lines": [], "start_line": 1}}, "classes": {"": {"executed_lines": [7, 8, 10, 12, 15, 89], "summary": {"covered_lines": 6, "num_statements": 39, "percent_covered": 15.384615384615385, "percent_covered_display": "15", "missing_lines": 33, "excluded_lines": 0, "percent_statements_covered": 15.384615384615385, "percent_statements_covered_display": "15"}, "missing_lines": [48, 49, 51, 52, 53, 54, 55, 56, 59, 60, 61, 63, 64, 66, 67, 68, 69, 70, 71, 72, 73, 74, 75, 76, 78, 79, 80, 81, 83, 84, 86, 149, 151], "excluded_lines": [], "start_line": 1}}}, "src/bssunfold/core/unfold_fruit_like.py": {"executed_lines": [13, 14, 16, 17, 19, 22, 30, 35, 43, 90, 107, 187], "summary": {"covered_lines": 12, "num_statements": 70, "percent_covered": 17.142857142857142, "percent_covered_display": "17", "missing_lines": 58, "excluded_lines": 0, "percent_statements_covered": 17.142857142857142, "percent_statements_covered_display": "17"}, "missing_lines": [27, 32, 40, 76, 77, 79, 80, 81, 83, 84, 85, 87, 92, 93, 94, 95, 96, 98, 99, 101, 102, 104, 137, 138, 139, 140, 145, 147, 148, 149, 150, 151, 152, 154, 155, 156, 157, 158, 159, 160, 161, 162, 163, 164, 166, 173, 174, 182, 184, 244, 246, 247, 249, 250, 253, 255, 257, 281], "excluded_lines": [], "functions": {"_maxwellian": {"executed_lines": [], "summary": {"covered_lines": 0, "num_statements": 1, "percent_covered": 0.0, "percent_covered_display": "0", "missing_lines": 1, "excluded_lines": 0, "percent_statements_covered": 0.0, "percent_statements_covered_display": "0"}, "missing_lines": [27], "excluded_lines": [], "start_line": 22}, "_one_over_e": {"executed_lines": [], "summary": {"covered_lines": 0, "num_statements": 1, "percent_covered": 0.0, "percent_covered_display": "0", "missing_lines": 1, "excluded_lines": 0, "percent_statements_covered": 0.0, "percent_statements_covered_display": "0"}, "missing_lines": [32], "excluded_lines": [], "start_line": 30}, "_evaporation": {"executed_lines": [], "summary": {"covered_lines": 0, "num_statements": 1, "percent_covered": 0.0, "percent_covered_display": "0", "missing_lines": 1, "excluded_lines": 0, "percent_statements_covered": 0.0, "percent_statements_covered_display": "0"}, "missing_lines": [40], "excluded_lines": [], "start_line": 35}, "parametric_model": {"executed_lines": [], "summary": {"covered_lines": 0, "num_statements": 9, "percent_covered": 0.0, "percent_covered_display": "0", "missing_lines": 9, "excluded_lines": 0, "percent_statements_covered": 0.0, "percent_statements_covered_display": "0"}, "missing_lines": [76, 77, 79, 80, 81, 83, 84, 85, 87], "excluded_lines": [], "start_line": 43}, "_residuals": {"executed_lines": [], "summary": {"covered_lines": 0, "num_statements": 10, "percent_covered": 0.0, "percent_covered_display": "0", "missing_lines": 10, "excluded_lines": 0, "percent_statements_covered": 0.0, "percent_statements_covered_display": "0"}, "missing_lines": [92, 93, 94, 95, 96, 98, 99, 101, 102, 104], "excluded_lines": [], "start_line": 90}, "solve_fruit_like": {"executed_lines": [], "summary": {"covered_lines": 0, "num_statements": 27, "percent_covered": 0.0, "percent_covered_display": "0", "missing_lines": 27, "excluded_lines": 0, "percent_statements_covered": 0.0, "percent_statements_covered_display": "0"}, "missing_lines": [137, 138, 139, 140, 145, 147, 148, 149, 150, 151, 152, 154, 155, 156, 157, 158, 159, 160, 161, 162, 163, 164, 166, 173, 174, 182, 184], "excluded_lines": [], "start_line": 107}, "unfold_fruit_like": {"executed_lines": [], "summary": {"covered_lines": 0, "num_statements": 7, "percent_covered": 0.0, "percent_covered_display": "0", "missing_lines": 7, "excluded_lines": 0, "percent_statements_covered": 0.0, "percent_statements_covered_display": "0"}, "missing_lines": [244, 246, 247, 249, 255, 257, 281], "excluded_lines": [], "start_line": 187}, "unfold_fruit_like.solve_wrapper": {"executed_lines": [], "summary": {"covered_lines": 0, "num_statements": 2, "percent_covered": 0.0, "percent_covered_display": "0", "missing_lines": 2, "
[...]
 "start_line": 715}, "dose_weighted_error": {"executed_lines": [], "summary": {"covered_lines": 0, "num_statements": 20, "percent_covered": 0.0, "percent_covered_display": "0", "missing_lines": 20, "excluded_lines": 0, "percent_statements_covered": 0.0, "percent_statements_covered_display": "0"}, "missing_lines": [744, 745, 746, 747, 748, 749, 751, 752, 754, 755, 756, 757, 758, 759, 761, 762, 763, 764, 765, 766], "excluded_lines": [], "start_line": 734}, "response_matrix_consistency": {"executed_lines": [], "summary": {"covered_lines": 0, "num_statements": 10, "percent_covered": 0.0, "percent_covered_display": "0", "missing_lines": 10, "excluded_lines": 0, "percent_statements_covered": 0.0, "percent_statements_covered_display": "0"}, "missing_lines": [779, 780, 781, 782, 784, 785, 786, 787, 788, 789], "excluded_lines": [], "start_line": 769}, "compare_spectra": {"executed_lines": [], "summary": {"covered_lines": 0, "num_statements": 53, "percent_covered": 0.0, "percent_covered_display": "0", "missing_lines": 53, "excluded_lines": 0, "percent_statements_covered": 0.0, "percent_statements_covered_display": "0"}, "missing_lines": [915, 917, 918, 920, 921, 922, 923, 924, 925, 926, 927, 928, 929, 931, 932, 936, 937, 938, 939, 940, 941, 945, 946, 947, 948, 949, 950, 951, 953, 954, 955, 956, 957, 958, 959, 960, 961, 962, 963, 964, 965, 966, 967, 968, 969, 970, 971, 972, 974, 975, 976, 977, 979], "excluded_lines": [], "start_line": 878}, "compare_multiple": {"executed_lines": [], "summary": {"covered_lines": 0, "num_statements": 13, "percent_covered": 0.0, "percent_covered_display": "0", "missing_lines": 13, "excluded_lines": 0, "percent_statements_covered": 0.0, "percent_statements_covered_display": "0"}, "missing_lines": [1003, 1004, 1005, 1006, 1007, 1008, 1009, 1011, 1012, 1013, 1014, 1015, 1016], "excluded_lines": [], "start_line": 982}, "": {"executed_lines": [7, 8, 9, 11, 55, 58, 89, 112, 115, 122, 132, 143, 153, 160, 166, 183, 192, 201, 210, 223, 239, 245, 250, 256, 270, 282, 288, 297, 316, 331, 358, 369, 377, 385, 396, 413, 427, 433, 450, 481, 529, 564, 588, 622, 646, 672, 699, 734, 769, 794, 833, 864, 878, 982], "summary": {"covered_lines": 54, "num_statements": 54, "percent_covered": 100.0, "percent_covered_display": "100", "missing_lines": 0, "excluded_lines": 0, "percent_statements_covered": 100.0, "percent_statements_covered_display": "100"}, "missing_lines": [], "excluded_lines": [], "start_line": 1}}, "classes": {"": {"executed_lines": [7, 8, 9, 11, 55, 58, 89, 112, 115, 122, 132, 143, 153, 160, 166, 183, 192, 201, 210, 223, 239, 245, 250, 256, 270, 282, 288, 297, 316, 331, 358, 369, 377, 385, 396, 413, 427, 433, 450, 481, 529, 564, 588, 622, 646, 672, 699, 734, 769, 794, 833, 864, 878, 982], "summary": {"covered_lines": 54, "num_statements": 434, "percent_covered": 12.442396313364055, "percent_covered_display": "12", "missing_lines": 380, "excluded_lines": 0, "percent_statements_covered": 12.442396313364055, "percent_statements_covered_display": "12"}, "missing_lines": [71, 72, 73, 74, 75, 76, 78, 79, 80, 81, 82, 83, 84, 85, 86, 100, 101, 102, 104, 105, 106, 107, 108, 109, 110, 117, 118, 119, 123, 124, 138, 148, 149, 150, 155, 156, 157, 162, 163, 171, 172, 173, 174, 175, 176, 177, 188, 189, 197, 198, 203, 204, 215, 216, 217, 218, 219, 220, 228, 229, 230, 231, 232, 233, 241, 242, 247, 252, 253, 261, 262, 263, 264, 265, 266, 267, 272, 273, 274, 275, 276, 277, 278, 279, 284, 285, 290, 291, 305, 306, 307, 308, 309, 310, 321, 322, 323, 324, 325, 326, 327, 328, 341, 342, 343, 344, 345, 346, 347, 348, 349, 350, 351, 352, 363, 364, 365, 366, 371, 372, 373, 374, 379, 380, 381, 382, 387, 388, 389, 390, 401, 402, 403, 404, 405, 406, 418, 419, 420, 421, 422, 423, 424, 429, 430, 438, 439, 440, 441, 442, 443, 444, 466, 467, 468, 469, 470, 471, 472, 474, 475, 476, 477, 478, 504, 505, 506, 507, 508, 509, 511, 512, 513, 515, 516, 517, 518, 519, 520, 521, 522, 523, 525, 526, 546, 547, 548, 549, 550, 551, 553, 554, 556, 557, 559, 560, 561, 573, 574, 575, 576, 577, 578, 580, 581, 583, 584, 585, 598, 599, 600, 601, 602, 603, 605, 606, 608, 609, 611, 612, 614, 615, 616, 630, 631, 632, 633, 634, 635, 636, 637, 638, 639, 640, 641, 642, 643, 655, 656, 657, 658, 659, 660, 662, 663, 664, 666, 667, 668, 669, 682, 683, 684, 685, 686, 687, 689, 690, 691, 692, 694, 695, 696, 708, 709, 710, 711, 712, 713, 715, 716, 717, 718, 719, 720, 721, 722, 723, 724, 726, 727, 729, 730, 731, 744, 745, 746, 747, 748, 749, 751, 752, 754, 755, 756, 757, 758, 759, 761, 762, 763, 764, 765, 766, 779, 780, 781, 782, 784, 785, 786, 787, 788, 789, 915, 917, 918, 920, 921, 922, 923, 924, 925, 926, 927, 928, 929, 931, 932, 936, 937, 938, 939, 940, 941, 945, 946, 947, 948, 949, 950, 951, 953, 954, 955, 956, 957, 958, 959, 960, 961, 962, 963, 964, 965, 966, 967, 968, 969, 970, 971, 972, 974, 975, 976, 977, 979, 1003, 1004, 1005, 1006, 1007, 1008, 1009, 1011, 1012, 1013, 1014, 1015, 1016], "excluded_lines": [], "start_line": 1}}}, "src/bssunfold/utils/converters.py": {"executed_lines": [7, 9, 10, 11, 13, 22, 62, 91, 160, 189], "summary": {"covered_lines": 10, "num_statements": 53, "percent_covered": 18.867924528301888, "percent_covered_display": "19", "missing_lines": 43, "excluded_lines": 0, "percent_statements_covered": 18.867924528301888, "percent_statements_covered_display": "19"}, "missing_lines": [49, 50, 52, 53, 54, 55, 57, 77, 78, 83, 84, 86, 118, 119, 120, 122, 123, 125, 126, 127, 128, 129, 133, 135, 137, 138, 139, 142, 143, 148, 149, 153, 155, 178, 179, 181, 182, 184, 213, 214, 215, 216, 217], "excluded_lines": [], "functions": {"convert_to_dataframe": {"executed_lines": [], "summary": {"covered_lines": 0, "num_statements": 7, "percent_covered": 0.0, "percent_covered_display": "0", "missing_lines": 7, "excluded_lines": 0, "percent_statements_covered": 0.0, "percent_statements_covered_display": "0"}, "missing_lines": [49, 50, 52, 53, 54, 55, 57], "excluded_lines": [], "start_line": 22}, "convert_to_dict": {"executed_lines": [], "summary": {"covered_lines": 0, "num_statements": 5, "percent_covered": 0.0, "percent_covered_display": "0", "missing_lines": 5, "excluded_lines": 0, "percent_statements_covered": 0.0, "percent_statements_covered_display": "0"}, "missing_lines": [77, 78, 83, 84, 86], "excluded_lines": [], "start_line": 62}, "convert_sensitivities_to_matrix": {"executed_lines": [], "summary": {"covered_lines": 0, "num_statements": 21, "percent_covered": 0.0, "percent_covered_display": "0", "missing_lines": 21, "excluded_lines": 0, "percent_statements_covered": 0.0, "percent_statements_covered_display": "0"}, "missing_lines": [118, 119, 120, 122, 123, 125, 126, 127, 128, 129, 133, 135, 137, 138, 139, 142, 143, 148, 149, 153, 155], "excluded_lines": [], "start_line": 91}, "extract_detector_names": {"executed_lines": [], "summary": {"covered_lines": 0, "num_statements": 5, "percent_covered": 0.0, "percent_covered_display": "0", "missing_lines": 5, "excluded_lines": 0, "percent_statements_covered": 0.0, "percent_statements_covered_display": "0"}, "missing_lines": [178, 179, 181, 182, 184], "excluded_lines": [], "start_line": 160}, "round_to_sigfig": {"executed_lines": [], "summary": {"covered_lines": 0, "num_statements": 5, "percent_covered": 0.0, "percent_covered_display": "0", "missing_lines": 5, "excluded_lines": 0, "percent_statements_covered": 0.0, "percent_statements_covered_display": "0"}, "missing_lines": [213, 214, 215, 216, 217], "excluded_lines": [], "start_line": 189}, "": {"executed_lines": [7, 9, 10, 11, 13, 22, 62, 91, 160, 189], "summary": {"covered_lines": 10, "num_statements": 10, "percent_covered": 100.0, "percent_covered_display": "100", "missing_lines": 0, "excluded_lines": 0, "percent_statements_covered": 100.0, "percent_statements_covered_display": "100"}, "missing_lines": [], "excluded_lines": [], "start_line": 1}}, "classes": {"": {"executed_lines": [7, 9, 10, 11, 13, 22, 62, 91, 160, 189], "summary": {"covered_lines": 10, "num_statements": 53, "percent_covered": 18.867924528301888, "percent_covered_display": "19", "missing_lines": 43, "excluded_lines": 0, "percent_statements_covered": 18.867924528301888, "percent_statements_covered_display": "19"}, "missing_lines": [49, 50, 52, 53, 54, 55, 57, 77, 78, 83, 84, 86, 118, 119, 120, 122, 123, 125, 126, 127, 128, 129, 133, 135, 137, 138, 139, 142, 143, 148, 149, 153, 155, 178, 179, 181, 182, 184, 213, 214, 215, 216, 217], "excluded_lines": [], "start_line": 1}}}, "src/bssunfold/utils/interpolation.py": {"executed_lines": [7, 8, 9, 10, 12, 19, 53, 97, 162], "summary": {"covered_lines": 9, "num_statements": 53, "percent_covered": 16.9811320754717, "percent_covered_display": "17", "missing_lines": 44, "excluded_lines": 0, "percent_statements_covered": 16.9811320754717, "percent_statements_covered_display": "17"}, "missing_lines": [46, 47, 48, 49, 50, 83, 84, 85, 88, 91, 94, 124, 125, 126, 127, 129, 132, 133, 134, 136, 137, 140, 141, 144, 145, 148, 151, 152, 153, 154, 157, 159, 189, 190, 192, 193, 194, 195, 198, 199, 200, 201, 204, 206], "excluded_lines": [], "functions": {"_handle_extrapolation": {"executed_lines": [], "summary": {"covered_lines": 0, "num_statements": 5, "percent_covered": 0.0, "percent_covered_display": "0", "missing_lines": 5, "excluded_lines": 0, "percent_statements_covered": 0.0, "percent_statements_covered_display": "0"}, "missing_lines": [46, 47, 48, 49, 50], "excluded_lines": [], "start_line": 19}, "interpolate_spectrum": {"executed_lines": [], "summary": {"covered_lines": 0, "num_statements": 6, "percent_covered": 0.0, "percent_covered_display": "0", "missing_lines": 6, "excluded_lines": 0, "percent_statements_covered": 0.0, "percent_statements_covered_display": "0"}, "missing_lines": [83, 84, 85, 88, 91, 94], "excluded_lines": [], "start_line": 53}, "discretize_spectra": {"executed_lines": [], "summary": {"covered_lines": 0, "num_statements": 21, "percent_covered": 0.0, "percent_covered_display": "0", "missing_lines": 21, "excluded_lines": 0, "percent_statements_covered": 0.0, "percent_statements_covered_display": "0"}, "missing_lines": [124, 125, 126, 127, 129, 132, 133, 134, 136, 137, 140, 141, 144, 145, 148, 151, 152, 153, 154, 157, 159], "excluded_lines": [], "start_line": 97}, "resample_to_log_grid": {"executed_lines": [], "summary": {"covered_lines": 0, "num_statements": 12, "percent_covered": 0.0, "percent_covered_display": "0", "missing_lines": 12, "excluded_lines": 0, "percent_statements_covered": 0.0, "percent_statements_covered_display": "0"}, "missing_lines": [189, 190, 192, 193, 194, 195, 198, 199, 200, 201, 204, 206], "excluded_lines": [], "start_line": 162}, "": {"executed_lines": [7, 8, 9, 10, 12, 19, 53, 97, 162], "summary": {"covered_lines": 9, "num_statements": 9, "percent_covered": 100.0, "percent_covered_display": "100", "missing_lines": 0, "excluded_lines": 0, "percent_statements_covered": 100.0, "percent_statements_covered_display": "100"}, "missing_lines": [], "excluded_lines": [], "start_line": 1}}, "classes": {"": {"executed_lines": [7, 8, 9, 10, 12, 19, 53, 97, 162], "summary": {"covered_lines": 9, "num_statements": 53, "percent_covered": 16.9811320754717, "percent_covered_display": "17", "missing_lines": 44, "excluded_lines": 0, "percent_statements_covered": 16.9811320754717, "percent_statements_covered_display": "17"}, "missing_lines": [46, 47, 48, 49, 50, 83, 84, 85, 88, 91, 94, 124, 125, 126, 127, 129, 132, 133, 134, 136, 137, 140, 141, 144, 145, 148, 151, 152, 153, 154, 157, 159, 189, 190, 192, 193, 194, 195, 198, 199, 200, 201, 204, 206], "excluded_lines": [], "start_line": 1}}}, "src/bssunfold/utils/plotting.py": {"executed_lines": [7, 8, 9, 11, 20, 88, 148, 277, 339], "summary": {"covered_lines": 9, "num_statements": 152, "percent_covered": 5.921052631578948, "percent_covered_display": "6", "missing_lines": 143, "excluded_lines": 0, "percent_statements_covered": 5.921052631578948, "percent_statements_covered_display": "6"}, "missing_lines": [59, 60, 62, 64, 66, 67, 69, 70, 71, 72, 74, 76, 77, 79, 80, 82, 83, 85, 121, 122, 124, 126, 127, 129, 130, 132, 133, 135, 136, 137, 139, 140, 142, 143, 145, 193, 194, 196, 199, 200, 201, 202, 204, 205, 206, 207, 208, 209, 210, 219, 220, 229, 231, 232, 233, 234, 235, 236, 237, 248, 260, 262, 263, 264, 265, 266, 268, 269, 271, 272, 274, 307, 308, 310, 312, 313, 315, 316, 318, 320, 321, 323, 324, 325, 326, 327, 328, 330, 331, 333, 334, 336, 380, 381, 382, 383, 384, 385, 387, 389, 392, 393, 405, 406, 407, 408, 410, 411, 412, 413, 414, 415, 416, 425, 426, 427, 428, 431, 432, 435, 436, 437, 438, 439, 443, 444, 445, 446, 448, 449, 450, 453, 454, 455, 456, 457, 460, 462, 464, 465, 467, 468, 470], "excluded_lines": [], "functions": {"plot_spectrum": {"executed_lines": [], "summary": {"covered_lines": 0, "num_statements": 18, "percent_covered": 0.0, "percent_covered_display": "0", "missing_lines": 18, "excluded_lines": 0, "percent_statements_covered": 0.0, "percent_statements_covered_display": "0"}, "missing_lines": [59, 60, 62, 64, 66, 67, 69, 70, 71, 72, 74, 76, 77, 79, 80, 82, 83, 85], "excluded_lines": [], "start_line": 20}, "plot_response_functions": {"executed_lines": [], "summary": {"covered_lines": 0, "num_statements": 17, "percent_covered": 0.0, "percent_covered_display": "0", "missing_lines": 17, "excluded_lines": 0, "percent_statements_covered": 0.0, "percent_statements_covered_display": "0"}, "missing_lines": [121, 122, 124, 126, 127, 129, 130, 132, 133, 135, 136, 137, 139, 140, 142, 143, 145], "excluded_lines": [], "start_line": 88}, "plot_with_uncertainty": {"executed_lines": [], "summary": {"covered_lines": 0, "num_statements": 36, "percent_covered": 0.0, "percent_covered_display": "0", "missing_lines": 36, "excluded_lines": 0, "percent_statements_covered": 0.0, "percent_statements_covered_display": "0"}, "missing_lines": [193, 194, 196, 199, 200, 201, 202, 204, 205, 206, 207, 208, 209, 210, 219, 220, 229, 231, 232, 233, 234, 235, 236, 237, 248, 260, 262, 263, 264, 265, 266, 268, 269, 271, 272, 274], "excluded_lines": [], "start_line": 148}, "plot_residuals": {"executed_lines": [], "summary": {"covered_lines": 0, "num_statements": 21, "percent_covered": 0.0, "percent_covered_display": "0", "missing_lines": 21, "excluded_lines": 0, "percent_statements_covered": 0.0, "percent_statements_covered_display": "0"}, "missing_lines": [307, 308, 310, 312, 313, 315, 316, 318, 320, 321, 323, 324, 325, 326, 327, 328, 330, 331, 333, 334, 336], "excluded_lines": [], "start_line": 277}, "plot_comparison": {"executed_lines": [], "summary": {"covered_lines": 0, "num_statements": 51, "percent_covered": 0.0, "percent_covered_display": "0", "missing_lines": 51, "excluded_lines": 0, "percent_statements_covered": 0.0, "percent_statements_covered_display": "0"}, "missing_lines": [380, 381, 382, 383, 384, 385, 387, 389, 392, 393, 405, 406, 407, 408, 410, 411, 412, 413, 414, 415, 416, 425, 426, 427, 428, 431, 432, 435, 436, 437, 438, 439, 443, 444, 445, 446, 448, 449, 450, 453, 454, 455, 456, 457, 460, 462, 464, 465, 467, 468, 470], "excluded_lines": [], "start_line": 339}, "": {"executed_lines": [7, 8, 9, 11, 20, 88, 148, 277, 339], "summary": {"covered_lines": 9, "num_statements": 9, "percent_covered": 100.0, "percent_covered_display": "100", "missing_lines": 0, "excluded_lines": 0, "percent_statements_covered": 100.0, "percent_statements_covered_display": "100"}, "missing_lines": [], "excluded_lines": [], "start_line": 1}}, "classes": {"": {"executed_lines": [7, 8, 9, 11, 20, 88, 148, 277, 339], "summary": {"covered_lines": 9, "num_statements": 152, "percent_covered": 5.921052631578948, "percent_covered_display": "6", "missing_lines": 143, "excluded_lines": 0, "percent_statements_covered": 5.921052631578948, "percent_statements_covered_display": "6"}, "missing_lines": [59, 60, 62, 64, 66, 67, 69, 70, 71, 72, 74, 76, 77, 79, 80, 82, 83, 85, 121, 122, 124, 126, 127, 129, 130, 132, 133, 135, 136, 137, 139, 140, 142, 143, 145, 193, 194, 196, 199, 200, 201, 202, 204, 205, 206, 207, 208, 209, 210, 219, 220, 229, 231, 232, 233, 234, 235, 236, 237, 248, 260, 262, 263, 264, 265, 266, 268, 269, 271, 272, 274, 307, 308, 310, 312, 313, 315, 316, 318, 320, 321, 323, 324, 325, 326, 327, 328, 330, 331, 333, 334, 336, 380, 381, 382, 383, 384, 385, 387, 389, 392, 393, 405, 406, 407, 408, 410, 411, 412, 413, 414, 415, 416, 425, 426, 427, 428, 431, 432, 435, 436, 437, 438, 439, 443, 444, 445, 446, 448, 449, 450, 453, 454, 455, 456, 457, 460, 462, 464, 465, 467, 468, 470], "excluded_lines": [], "start_line": 1}}}, "src/bssunfold/utils/validators.py": {"executed_lines": [7, 9, 10, 12, 20, 70, 129, 176], "summary": {"covered_lines": 8, "num_statements": 58, "percent_covered": 13.793103448275861, "percent_covered_display": "14", "missing_lines": 50, "excluded_lines": 0, "percent_statements_covered": 13.793103448275861, "percent_statements_covered_display": "14"}, "missing_lines": [48, 49, 51, 52, 53, 54, 55, 56, 57, 58, 59, 61, 62, 67, 99, 101, 102, 104, 105, 110, 111, 113, 114, 116, 117, 121, 122, 126, 155, 157, 158, 160, 161, 166, 167, 168, 173, 202, 203, 205, 206, 208, 209, 211, 212, 217, 218, 219, 220, 225], "excluded_lines": [], "functions": {"validate_readings": {"executed_lines": [], "summary": {"covered_lines": 0, "num_statements": 14, "percent_covered": 0.0, "percent_covered_display": "0", "missing_lines": 14, "excluded_lines": 0, "percent_statements_covered": 0.0, "percent_statements_covered_display": "0"}, "missing_lines": [48, 49, 51, 52, 53, 54, 55, 56, 57, 58, 59, 61, 62, 67], "excluded_lines": [], "start_line": 20}, "validate_energy_grid": {"executed_lines": [], "summary": {"covered_lines": 0, "num_statements": 14, "percent_covered": 0.0, "percent_covered_display": "0", "missing_lines": 14, "excluded_lines": 0, "percent_statements_covered": 0.0, "percent_statements_covered_display": "0"}, "missing_lines": [99, 101, 102, 104, 105, 110, 111, 113, 114, 116, 117, 121, 122, 126], "excluded_lines": [], "start_line": 70}, "validate_spectrum": {"executed_lines": [], "summary": {"covered_lines": 0, "num_statements": 9, "percent_covered": 0.0, "percent_covered_display": "0", "missing_lines": 9, "excluded_lines": 0, "percent_statements_covered": 0.0, "percent_statements_covered_display": "0"}, "missing_lines": [155, 157, 158, 160, 161, 166, 167, 168, 173], "excluded_lines": [], "start_line": 129}, "validate_response_matrix": {"executed_lines": [], "summary": {"covered_lines": 0, "num_statements": 13, "percent_covered": 0.0, "percent_covered_display": "0", "missing_lines": 13, "excluded_lines": 0, "percent_statements_covered": 0.0, "percent_statements_covered_display": "0"}, "missing_lines": [202, 203, 205, 206, 208, 209, 211, 212, 217, 218, 219, 220, 225], "excluded_lines": [], "start_line": 176}, "": {"executed_lines": [7, 9, 10, 12, 20, 70, 129, 176], "summary": {"covered_lines": 8, "num_statements": 8, "percent_covered": 100.0, "percent_covered_display": "100", "missing_lines": 0, "excluded_lines": 0, "percent_statements_covered": 100.0, "percent_statements_covered_display": "100"}, "missing_lines": [], "excluded_lines": [], "start_line": 1}}, "classes": {"": {"executed_lines": [7, 9, 10, 12, 20, 70, 129, 176], "summary": {"covered_lines": 8, "num_statements": 58, "percent_covered": 13.793103448275861, "percent_covered_display": "14", "missing_lines": 50, "excluded_lines": 0, "percent_statements_covered": 13.793103448275861, "percent_statements_covered_display": "14"}, "missing_lines": [48, 49, 51, 52, 53, 54, 55, 56, 57, 58, 59, 61, 62, 67, 99, 101, 102, 104, 105, 110, 111, 113, 114, 116, 117, 121, 122, 126, 155, 157, 158, 160, 161, 166, 167, 168, 173, 202, 203, 205, 206, 208, 209, 211, 212, 217, 218, 219, 220, 225], "excluded_lines": [], "start_line": 1}}}}, "totals": {"covered_lines": 678, "num_statements": 4047, "percent_covered": 16.7531504818384, "percent_covered_display": "17", "missing_lines": 3369, "excluded_lines": 348, "percent_statements_covered": 16.7531504818384, "percent_statements_covered_display": "17"}}